2023-11-07 21:38:32,277 [INFO] Activator:176 - 


2023-11-07 21:38:32,280 [INFO] Activator:177 - !SESSION log4j initialized
2023-11-07 21:38:35,975 [INFO] LogOutputStream:77 - [STDOUT_REDIRECT] 
2023-11-07 21:38:36,497 [INFO] ApplicationProperties:184 - Using Application install path: /home/isamd/stm32/plugins/com.st.stm32cube.common.mx_6.9.2.202309101412
2023-11-07 21:38:36,516 [INFO] DbMcusXml:78 - Set database path to: /home/isamd/stm32/plugins/com.st.stm32cube.common.mx_6.9.2.202309101412//db//mcu/
2023-11-07 21:38:36,516 [INFO] ApiDb:274 - Set plugin database path to: /home/isamd/stm32/plugins/com.st.stm32cube.common.mx_6.9.2.202309101412//db//plugins/boardmanager/
2023-11-07 21:38:36,517 [WARN] ApiDb:259 - Overriding images path with different value:  => /home/isamd/stm32/plugins/com.st.stm32cube.common.mx_6.9.2.202309101412//db//plugins/mcufinder/images/
2023-11-07 21:38:36,526 [INFO] ApiDb:250 - Set database path to: /home/isamd/.stmcufinder/plugins/mcufinder//mcu/
2023-11-07 21:38:36,528 [INFO] DbMcusAds:125 - Set database path to: /home/isamd/.stmcufinder/plugins/mcufinder//mcu/
2023-11-07 21:38:36,530 [INFO] CrossReferenceDbSqlite:203 - Set database path to: /home/isamd/.stmcufinder/plugins/mcufinder//mcu/cs/
2023-11-07 21:38:36,615 [INFO] RulesReader:64 - Compatibility file has been processed (293 Rules)
2023-11-07 21:38:36,658 [INFO] DbMcusXml:78 - Set database path to: /home/isamd/stm32/plugins/com.st.stm32cube.common.mx_6.9.2.202309101412//db//mcu/
2023-11-07 21:38:36,658 [INFO] ApiDb:274 - Set plugin database path to: /home/isamd/stm32/plugins/com.st.stm32cube.common.mx_6.9.2.202309101412//db//plugins/boardmanager/
2023-11-07 21:38:36,658 [INFO] ApiDb:261 - Set plugin images path to: /home/isamd/stm32/plugins/com.st.stm32cube.common.mx_6.9.2.202309101412//db//plugins/mcufinder/images/
2023-11-07 21:38:36,658 [WARN] DbFile:41 - Overriding database path with different value: /home/isamd/.stmcufinder/plugins/mcufinder/ => /home/isamd/.stmcufinder/plugins/mcufinder
2023-11-07 21:38:36,658 [INFO] ApiDb:250 - Set database path to: /home/isamd/.stmcufinder/plugins/mcufinder//mcu/
2023-11-07 21:38:36,659 [WARN] DbFile:41 - Overriding database path with different value: /home/isamd/.stmcufinder/plugins/mcufinder/ => /home/isamd/.stmcufinder/plugins/mcufinder
2023-11-07 21:38:36,659 [INFO] DbMcusAds:125 - Set database path to: /home/isamd/.stmcufinder/plugins/mcufinder//mcu/
2023-11-07 21:38:36,659 [WARN] DbFile:41 - Overriding database path with different value: /home/isamd/.stmcufinder/plugins/mcufinder/ => /home/isamd/.stmcufinder/plugins/mcufinder
2023-11-07 21:38:36,659 [WARN] DbFile:41 - Overriding database path with different value: /home/isamd/.stmcufinder/plugins/mcufinder/ => /home/isamd/.stmcufinder/plugins/mcufinder
2023-11-07 21:38:36,659 [INFO] CrossReferenceDbSqlite:203 - Set database path to: /home/isamd/.stmcufinder/plugins/mcufinder//mcu/cs/
2023-11-07 21:38:36,707 [INFO] MainPanel:262 - HeapMemory: 268435456
2023-11-07 21:38:36,765 [INFO] DbMcusXml:78 - Set database path to: /home/isamd/stm32/plugins/com.st.stm32cube.common.mx_6.9.2.202309101412//db//mcu/
2023-11-07 21:38:36,765 [INFO] ApiDb:274 - Set plugin database path to: /home/isamd/stm32/plugins/com.st.stm32cube.common.mx_6.9.2.202309101412//db//plugins/boardmanager/
2023-11-07 21:38:36,765 [INFO] ApiDb:261 - Set plugin images path to: /home/isamd/stm32/plugins/com.st.stm32cube.common.mx_6.9.2.202309101412//db//plugins/mcufinder/images/
2023-11-07 21:38:36,765 [WARN] DbFile:41 - Overriding database path with different value: /home/isamd/.stmcufinder/plugins/mcufinder/ => /home/isamd/.stmcufinder/plugins/mcufinder
2023-11-07 21:38:36,765 [INFO] ApiDb:250 - Set database path to: /home/isamd/.stmcufinder/plugins/mcufinder//mcu/
2023-11-07 21:38:36,765 [WARN] DbFile:41 - Overriding database path with different value: /home/isamd/.stmcufinder/plugins/mcufinder/ => /home/isamd/.stmcufinder/plugins/mcufinder
2023-11-07 21:38:36,765 [INFO] DbMcusAds:125 - Set database path to: /home/isamd/.stmcufinder/plugins/mcufinder//mcu/
2023-11-07 21:38:36,765 [WARN] DbFile:41 - Overriding database path with different value: /home/isamd/.stmcufinder/plugins/mcufinder/ => /home/isamd/.stmcufinder/plugins/mcufinder
2023-11-07 21:38:36,765 [WARN] DbFile:41 - Overriding database path with different value: /home/isamd/.stmcufinder/plugins/mcufinder/ => /home/isamd/.stmcufinder/plugins/mcufinder
2023-11-07 21:38:36,766 [INFO] CrossReferenceDbSqlite:203 - Set database path to: /home/isamd/.stmcufinder/plugins/mcufinder//mcu/cs/
2023-11-07 21:38:36,776 [INFO] ApplicationProperties:184 - Using Application install path: /home/isamd/stm32/plugins/com.st.stm32cube.common.mx_6.9.2.202309101412
2023-11-07 21:38:36,777 [INFO] PluginManage:196 - Search for loadable plugins [exclusion list=, ]
2023-11-07 21:38:36,777 [INFO] PluginManage:310 - Check plugin analytics
2023-11-07 21:38:36,870 [INFO] AnalyticsPlugin:253 - Accepted Software Licenses: 
2023-11-07 21:38:36,870 [INFO] AnalyticsPlugin:255 - Accepted CMSIS Pack Licenses: 
2023-11-07 21:38:36,870 [INFO] AnalyticsPlugin:257 - Accepted Firmware Licenses: 
2023-11-07 21:38:36,872 [INFO] PluginManage:359 - Loaded plugin analytics (category:tool,tabindex:-1)
2023-11-07 21:38:36,872 [INFO] PluginManage:310 - Check plugin cadmodel
2023-11-07 21:38:36,926 [INFO] CADModel:105 - Init CAD model plugin
2023-11-07 21:38:36,926 [INFO] PluginManage:359 - Loaded plugin cadmodel (category:power,tabindex:5)
2023-11-07 21:38:36,927 [INFO] PluginManage:310 - Check plugin clock
2023-11-07 21:38:36,935 [INFO] PluginManage:359 - Loaded plugin clock (category:base,tabindex:2)
2023-11-07 21:38:36,936 [INFO] PluginManage:310 - Check plugin ddr
2023-11-07 21:38:36,948 [INFO] PluginManage:359 - Loaded plugin ddr (category:tool,tabindex:6)
2023-11-07 21:38:36,949 [INFO] PluginManage:310 - Check plugin filemanager
2023-11-07 21:38:37,052 [INFO] PluginManage:359 - Loaded plugin filemanager (category:base,tabindex:10)
2023-11-07 21:38:37,052 [INFO] PluginManage:310 - Check plugin ipmanager
2023-11-07 21:38:37,056 [INFO] PluginManage:359 - Loaded plugin ipmanager (category:base,tabindex:5)
2023-11-07 21:38:37,056 [INFO] PluginManage:310 - Check plugin lpbam
2023-11-07 21:38:37,062 [INFO] PluginManage:359 - Loaded plugin lpbam (category:base,tabindex:0)
2023-11-07 21:38:37,062 [INFO] PluginManage:310 - Check plugin memorymap
2023-11-07 21:38:37,070 [INFO] PluginManage:359 - Loaded plugin memorymap (category:base,tabindex:4)
2023-11-07 21:38:37,070 [INFO] PluginManage:310 - Check plugin pinoutandconfiguration
2023-11-07 21:38:37,075 [INFO] PluginManage:359 - Loaded plugin pinoutandconfiguration (category:base,tabindex:1)
2023-11-07 21:38:37,075 [INFO] PluginManage:310 - Check plugin pinoutconfig
2023-11-07 21:38:37,123 [WARN] SupportedApi:132 - Cannot load RTOS API schema: s4s-elt-must-match.1: The content of 'definitions' must match (annotation?, (simpleType | complexType)?, (unique | key | keyref)*)). A problem was found starting at: attribute.
2023-11-07 21:38:37,199 [INFO] PluginManage:359 - Loaded plugin pinoutconfig (category:base,tabindex:0)
2023-11-07 21:38:37,199 [INFO] PluginManage:310 - Check plugin power
2023-11-07 21:38:37,206 [INFO] PluginManage:359 - Loaded plugin power (category:power,tabindex:4)
2023-11-07 21:38:37,206 [INFO] PluginManage:310 - Check plugin projectmanager
2023-11-07 21:38:37,217 [INFO] PluginManage:359 - Loaded plugin projectmanager (category:projectmanager,tabindex:3)
2023-11-07 21:38:37,217 [INFO] PluginManage:310 - Check plugin thirdparty
2023-11-07 21:38:37,284 [INFO] PluginManage:359 - Loaded plugin thirdparty (category:base,tabindex:-1)
2023-11-07 21:38:37,284 [WARN] IntegrityCheckThread:84 - waiting for thirdparty lock release [integrity check]
2023-11-07 21:38:37,284 [INFO] PluginManage:310 - Check plugin tools
2023-11-07 21:38:37,284 [INFO] IntegrityCheckThread:86 - entering critical section [integrity check]
2023-11-07 21:38:37,284 [INFO] ThirdPartyUpdaterWithRetryManager:70 - Updater plugin not ready yet. [1/15]
2023-11-07 21:38:37,285 [INFO] PluginManage:359 - Loaded plugin tools (category:base,tabindex:7)
2023-11-07 21:38:37,286 [INFO] PluginManage:310 - Check plugin tutovideos
2023-11-07 21:38:37,385 [INFO] PluginManage:359 - Loaded plugin tutovideos (category:base,tabindex:-1)
2023-11-07 21:38:37,385 [INFO] PluginManage:310 - Check plugin updater
2023-11-07 21:38:37,394 [INFO] PluginManage:359 - Loaded plugin updater (category:base,tabindex:12)
2023-11-07 21:38:37,394 [INFO] PluginManage:310 - Check plugin userauth
2023-11-07 21:38:37,397 [INFO] UserAuth:113 - Init User Auth plugin
2023-11-07 21:38:37,397 [INFO] PluginManage:359 - Loaded plugin userauth (category:base,tabindex:14)
2023-11-07 21:38:37,397 [INFO] PluginManage:283 - PluginManage : Loaded plugins [17]
2023-11-07 21:38:37,518 [INFO] PinOutPanel:1499 - setPackage(No Configuration,No Configuration)
2023-11-07 21:38:37,580 [INFO] CADModel:165 - CPN selected for project level
2023-11-07 21:38:37,581 [INFO] CADModel:114 - Register for checkConnection events
2023-11-07 21:38:37,587 [INFO] IPUIPlugin:80 - create IPUIPlugin
2023-11-07 21:38:37,588 [INFO] PluginManager:220 - loadIPPluginJar : add lorawan
2023-11-07 21:38:37,590 [INFO] IPUIPlugin:80 - create IPUIPlugin
2023-11-07 21:38:37,590 [INFO] PluginManager:220 - loadIPPluginJar : add gpio
2023-11-07 21:38:37,593 [INFO] IPUIPlugin:80 - create IPUIPlugin
2023-11-07 21:38:37,593 [INFO] PluginManager:220 - loadIPPluginJar : add freertos
2023-11-07 21:38:37,594 [INFO] IPUIPlugin:80 - create IPUIPlugin
2023-11-07 21:38:37,594 [INFO] PluginManager:220 - loadIPPluginJar : add genericplugin
2023-11-07 21:38:37,596 [INFO] IPUIPlugin:80 - create IPUIPlugin
2023-11-07 21:38:37,596 [INFO] PluginManager:220 - loadIPPluginJar : add i3c
2023-11-07 21:38:37,597 [INFO] IPUIPlugin:80 - create IPUIPlugin
2023-11-07 21:38:37,597 [INFO] PluginManager:220 - loadIPPluginJar : add ipddr
2023-11-07 21:38:37,598 [INFO] IPUIPlugin:80 - create IPUIPlugin
2023-11-07 21:38:37,598 [INFO] PluginManager:220 - loadIPPluginJar : add i2s
2023-11-07 21:38:37,599 [INFO] IPUIPlugin:80 - create IPUIPlugin
2023-11-07 21:38:37,599 [INFO] PluginManager:220 - loadIPPluginJar : add fatfs
2023-11-07 21:38:37,600 [INFO] IPUIPlugin:80 - create IPUIPlugin
2023-11-07 21:38:37,600 [INFO] PluginManager:220 - loadIPPluginJar : add usbx
2023-11-07 21:38:37,603 [INFO] IPUIPlugin:80 - create IPUIPlugin
2023-11-07 21:38:37,603 [INFO] PluginManager:220 - loadIPPluginJar : add resmgrutility
2023-11-07 21:38:37,604 [INFO] IPUIPlugin:80 - create IPUIPlugin
2023-11-07 21:38:37,604 [INFO] PluginManager:220 - loadIPPluginJar : add sai
2023-11-07 21:38:37,605 [INFO] IPUIPlugin:80 - create IPUIPlugin
2023-11-07 21:38:37,605 [INFO] PluginManager:220 - loadIPPluginJar : add openamp
2023-11-07 21:38:37,605 [INFO] IPUIPlugin:80 - create IPUIPlugin
2023-11-07 21:38:37,606 [INFO] PluginManager:220 - loadIPPluginJar : add ltdc
2023-11-07 21:38:37,608 [INFO] IPUIPlugin:80 - create IPUIPlugin
2023-11-07 21:38:37,608 [INFO] PluginManager:220 - loadIPPluginJar : add stm32_wpan
2023-11-07 21:38:37,610 [INFO] IPUIPlugin:80 - create IPUIPlugin
2023-11-07 21:38:37,610 [INFO] PluginManager:220 - loadIPPluginJar : add cryp
2023-11-07 21:38:37,611 [INFO] IPUIPlugin:80 - create IPUIPlugin
2023-11-07 21:38:37,611 [INFO] PluginManager:220 - loadIPPluginJar : add touchsensing
2023-11-07 21:38:37,612 [INFO] IPUIPlugin:80 - create IPUIPlugin
2023-11-07 21:38:37,612 [INFO] PluginManager:220 - loadIPPluginJar : add gtzc
2023-11-07 21:38:37,615 [INFO] IPUIPlugin:80 - create IPUIPlugin
2023-11-07 21:38:37,615 [INFO] PluginManager:220 - loadIPPluginJar : add gic
2023-11-07 21:38:37,616 [INFO] IPUIPlugin:80 - create IPUIPlugin
2023-11-07 21:38:37,616 [INFO] PluginManager:220 - loadIPPluginJar : add hash
2023-11-07 21:38:37,616 [INFO] IPUIPlugin:80 - create IPUIPlugin
2023-11-07 21:38:37,616 [INFO] PluginManager:220 - loadIPPluginJar : add tim
2023-11-07 21:38:37,618 [INFO] IPUIPlugin:80 - create IPUIPlugin
2023-11-07 21:38:37,618 [INFO] PluginManager:220 - loadIPPluginJar : add fmc
2023-11-07 21:38:37,619 [INFO] IPUIPlugin:80 - create IPUIPlugin
2023-11-07 21:38:37,619 [INFO] PluginManager:220 - loadIPPluginJar : add ucpd
2023-11-07 21:38:37,620 [INFO] IPUIPlugin:80 - create IPUIPlugin
2023-11-07 21:38:37,620 [INFO] PluginManager:220 - loadIPPluginJar : add gfxmmu
2023-11-07 21:38:37,621 [INFO] IPUIPlugin:80 - create IPUIPlugin
2023-11-07 21:38:37,621 [INFO] PluginManager:220 - loadIPPluginJar : add spi
2023-11-07 21:38:37,622 [INFO] IPUIPlugin:80 - create IPUIPlugin
2023-11-07 21:38:37,622 [INFO] PluginManager:220 - loadIPPluginJar : add can
2023-11-07 21:38:37,623 [INFO] IPUIPlugin:80 - create IPUIPlugin
2023-11-07 21:38:37,623 [INFO] PluginManager:220 - loadIPPluginJar : add comp
2023-11-07 21:38:37,626 [INFO] IPUIPlugin:80 - create IPUIPlugin
2023-11-07 21:38:37,626 [INFO] PluginManager:220 - loadIPPluginJar : add mdma
2023-11-07 21:38:37,627 [INFO] IPUIPlugin:80 - create IPUIPlugin
2023-11-07 21:38:37,627 [INFO] PluginManager:220 - loadIPPluginJar : add usart
2023-11-07 21:38:37,628 [INFO] IPUIPlugin:80 - create IPUIPlugin
2023-11-07 21:38:37,628 [INFO] PluginManager:220 - loadIPPluginJar : add tsc
2023-11-07 21:38:37,633 [INFO] IPUIPlugin:80 - create IPUIPlugin
2023-11-07 21:38:37,633 [INFO] PluginManager:220 - loadIPPluginJar : add linkedlist
2023-11-07 21:38:37,634 [INFO] IPUIPlugin:80 - create IPUIPlugin
2023-11-07 21:38:37,634 [INFO] PluginManager:220 - loadIPPluginJar : add opamp
2023-11-07 21:38:37,635 [INFO] IPUIPlugin:80 - create IPUIPlugin
2023-11-07 21:38:37,635 [INFO] PluginManager:220 - loadIPPluginJar : add ts
2023-11-07 21:38:37,635 [INFO] IPUIPlugin:80 - create IPUIPlugin
2023-11-07 21:38:37,635 [INFO] PluginManager:220 - loadIPPluginJar : add quadspi
2023-11-07 21:38:37,636 [INFO] IPUIPlugin:80 - create IPUIPlugin
2023-11-07 21:38:37,636 [INFO] PluginManager:220 - loadIPPluginJar : add i2c
2023-11-07 21:38:37,637 [INFO] IPUIPlugin:80 - create IPUIPlugin
2023-11-07 21:38:37,637 [INFO] PluginManager:220 - loadIPPluginJar : add tracer_emb
2023-11-07 21:38:37,640 [INFO] IPUIPlugin:80 - create IPUIPlugin
2023-11-07 21:38:37,640 [INFO] PluginManager:220 - loadIPPluginJar : add adc
2023-11-07 21:38:37,644 [INFO] IPUIPlugin:80 - create IPUIPlugin
2023-11-07 21:38:37,646 [INFO] PluginManager:220 - loadIPPluginJar : add plateformsettings
2023-11-07 21:38:37,647 [INFO] IPUIPlugin:80 - create IPUIPlugin
2023-11-07 21:38:37,647 [INFO] PluginManager:220 - loadIPPluginJar : add dma3
2023-11-07 21:38:37,650 [INFO] IPUIPlugin:80 - create IPUIPlugin
2023-11-07 21:38:37,650 [INFO] PluginManager:220 - loadIPPluginJar : add dma
2023-11-07 21:38:37,651 [INFO] IPUIPlugin:80 - create IPUIPlugin
2023-11-07 21:38:37,651 [INFO] PluginManager:220 - loadIPPluginJar : add dfsdm
2023-11-07 21:38:37,652 [INFO] IPUIPlugin:80 - create IPUIPlugin
2023-11-07 21:38:37,652 [INFO] PluginManager:220 - loadIPPluginJar : add pdm2pcm
2023-11-07 21:38:37,653 [INFO] IPUIPlugin:80 - create IPUIPlugin
2023-11-07 21:38:37,653 [INFO] PluginManager:220 - loadIPPluginJar : add aes
2023-11-07 21:38:37,655 [INFO] IPUIPlugin:80 - create IPUIPlugin
2023-11-07 21:38:37,655 [INFO] PluginManager:220 - loadIPPluginJar : add nvic
2023-11-07 21:38:37,747 [INFO] CADModel:165 - CPN selected for project level
2023-11-07 21:38:37,747 [INFO] CADModel:114 - Register for checkConnection events
2023-11-07 21:38:37,747 [FATAL] Updater:308 - Updater called before beeing initialized
2023-11-07 21:38:37,747 [ERROR] CADModel:125 - Updater not yet initialized, retry later 
2023-11-07 21:38:37,826 [INFO] CADModel:165 - CPN selected for project level
2023-11-07 21:38:37,826 [INFO] CADModel:114 - Register for checkConnection events
2023-11-07 21:38:37,826 [FATAL] Updater:308 - Updater called before beeing initialized
2023-11-07 21:38:37,827 [ERROR] CADModel:125 - Updater not yet initialized, retry later 
2023-11-07 21:38:37,829 [FATAL] Updater:308 - Updater called before beeing initialized
2023-11-07 21:38:37,871 [FATAL] Updater:308 - Updater called before beeing initialized
2023-11-07 21:38:37,874 [INFO] DbMcusAds:53 - JSON generation date=Tue Mar 07 09:50:55 CET 2023 (1678179055114)
2023-11-07 21:38:37,874 [FATAL] Updater:308 - Updater called before beeing initialized
2023-11-07 21:38:37,896 [WARN] DetailPanel:346 - Failed to get advertising image, set to default
2023-11-07 21:38:37,952 [FATAL] Updater:308 - Updater called before beeing initialized
2023-11-07 21:38:37,953 [FATAL] Updater:308 - Updater called before beeing initialized
2023-11-07 21:38:37,953 [FATAL] Updater:308 - Updater called before beeing initialized
2023-11-07 21:38:37,953 [WARN] DetailPanel:346 - Failed to get advertising image, set to default
2023-11-07 21:38:37,954 [FATAL] Updater:308 - Updater called before beeing initialized
2023-11-07 21:38:37,970 [ERROR] Updater:1120 - MainUpdater not yet initialized. External WinMGr cannot be set.
2023-11-07 21:38:37,971 [INFO] Updater:1056 - Updater Version found : 6.9.2
2023-11-07 21:38:37,982 [INFO] ApplicationProperties:184 - Using Application install path: /home/isamd/stm32/plugins/com.st.stm32cube.common.mx_6.9.2.202309101412
2023-11-07 21:38:38,072 [INFO] MainUpdater:2868 - connection check result : 10
2023-11-07 21:38:38,073 [INFO] MainUpdater:285 - Updater Check For Update Now.
2023-11-07 21:38:38,073 [INFO] MicroXplorer:498 - Change Database Version : DB.6.0.92
2023-11-07 21:38:38,078 [INFO] McuFinderGlobals:63 - Set McuFinder mode to 2 (CubeIDE integrated)
2023-11-07 21:38:38,078 [INFO] UserAuth:179 - activating auth plugin
2023-11-07 21:38:38,080 [INFO] UserAuth:393 - Internet connection configuration mode: 1
2023-11-07 21:38:38,088 [INFO] JxBrowserEngine:151 - Initiate JxBrowser Engine with user profile folder
2023-11-07 21:38:38,215 [INFO] CheckServerUpdateThread:120 - End of CheckServer Thread
2023-11-07 21:38:38,539 [INFO] WebApp:157 - Instantiating new browser for Auth
2023-11-07 21:38:38,878 [INFO] WebApp:753 - Register for checkConnection events
2023-11-07 21:38:38,878 [INFO] WebApp:390 - Apply proxy settings
2023-11-07 21:38:38,879 [INFO] WebApp:475 - Chromium requires no authentication
2023-11-07 21:38:38,882 [INFO] WebApp:418 - Direct internet connection detected
2023-11-07 21:38:38,959 [INFO] WebApp:188 - Starting web application
2023-11-07 21:38:38,959 [INFO] WebApp:520 - Web application path used /home/isamd/stm32/plugins/com.st.stm32cube.common.mx_6.9.2.202309101412/db/plugins/mcufinder/reactClient1/index.html
2023-11-07 21:38:40,351 [WARN] PackLoader:240 - Cannot read IP mode file for STMicroelectronics.X-CUBE-SMBUS.2.1.0
2023-11-07 21:38:40,371 [WARN] PackLoader:240 - Cannot read IP mode file for STMicroelectronics.X-CUBE-AZRTOS-F7.1.1.0
2023-11-07 21:38:40,381 [WARN] PackLoader:240 - Cannot read IP mode file for STMicroelectronics.FP-SNS-MOTENV1.4.3.2
2023-11-07 21:38:40,387 [WARN] PackLoader:240 - Cannot read IP mode file for STMicroelectronics.FP-SNS-FLIGHT1.5.0.2
2023-11-07 21:38:40,393 [WARN] PackLoader:240 - Cannot read IP mode file for STMicroelectronics.X-CUBE-DISPLAY.3.0.0
2023-11-07 21:38:40,402 [WARN] PackLoader:240 - Cannot read IP mode file for STMicroelectronics.X-CUBE-BLE1.7.0.0
2023-11-07 21:38:40,422 [WARN] PackLoader:240 - Cannot read IP mode file for emotas.I-CUBE-CANOPEN.1.3.0
2023-11-07 21:38:40,433 [WARN] PackLoader:240 - Cannot read IP mode file for STMicroelectronics.X-CUBE-TOUCHGFX.4.22.0
2023-11-07 21:38:40,437 [WARN] PackLoader:240 - Cannot read IP mode file for STMicroelectronics.X-CUBE-TOUCHGFX.4.22.1
2023-11-07 21:38:40,441 [WARN] PackLoader:240 - Cannot read IP mode file for STMicroelectronics.FP-SNS-SMARTAG2.1.2.0
2023-11-07 21:38:40,452 [INFO] LogOutputStream:77 - [STDOUT_REDIRECT] 1 : Invalid condition id : UX_CORESTACK_Condition cause : null
2023-11-07 21:38:40,453 [INFO] LogOutputStream:77 - [STDOUT_REDIRECT] 1 : Invalid condition id : UX_CORESTACK_Condition cause : null
2023-11-07 21:38:40,453 [INFO] LogOutputStream:77 - [STDOUT_REDIRECT] 1 : Invalid condition id : UX_CORESTACK_Condition cause : null
2023-11-07 21:38:40,453 [INFO] LogOutputStream:77 - [STDOUT_REDIRECT] 1 : Invalid condition id : UX_CORESTACK_Condition cause : null
2023-11-07 21:38:40,453 [INFO] LogOutputStream:77 - [STDOUT_REDIRECT] 1 : Invalid condition id : UX_CORESTACK_Condition cause : null
2023-11-07 21:38:40,457 [WARN] PackLoader:240 - Cannot read IP mode file for STMicroelectronics.X-CUBE-AZRTOS-WL.2.0.0
2023-11-07 21:38:40,465 [WARN] PackLoader:240 - Cannot read IP mode file for WES.I-CUBE-Cesium.1.3.0
2023-11-07 21:38:40,469 [WARN] PackLoader:240 - Cannot read IP mode file for STMicroelectronics.X-CUBE-BLE2.3.3.0
2023-11-07 21:38:40,477 [WARN] PackLoader:240 - Cannot read IP mode file for STMicroelectronics.X-CUBE-ALGOBUILD.1.3.0
2023-11-07 21:38:40,495 [WARN] PackLoader:240 - Cannot read IP mode file for STMicroelectronics.X-CUBE-AZRTOS-G0.1.1.0
2023-11-07 21:38:40,505 [WARN] PackLoader:240 - Cannot read IP mode file for STMicroelectronics.X-CUBE-NFC4.3.0.0
2023-11-07 21:38:40,517 [WARN] PackLoader:240 - Cannot read IP mode file for STMicroelectronics.X-CUBE-BLEMGR.3.0.0
2023-11-07 21:38:40,524 [WARN] PackLoader:240 - Cannot read IP mode file for STMicroelectronics.FP-ATR-SIGFOX1.3.2.0
2023-11-07 21:38:40,559 [WARN] PackLoader:240 - Cannot read IP mode file for SEGGER.I-CUBE-embOS.1.3.1
2023-11-07 21:38:40,618 [WARN] PackLoader:240 - Cannot read IP mode file for STMicroelectronics.X-CUBE-GNSS1.6.0.0
2023-11-07 21:38:40,637 [WARN] PackLoader:240 - Cannot read IP mode file for STMicroelectronics.X-CUBE-AZRTOS-F4.1.1.0
2023-11-07 21:38:40,643 [WARN] PackLoader:240 - Cannot read IP mode file for wolfSSL.I-CUBE-wolfSSL.5.6.3
2023-11-07 21:38:40,664 [WARN] PackLoader:240 - Cannot read IP mode file for STMicroelectronics.X-CUBE-AZRTOS-L5.2.0.0
2023-11-07 21:38:40,712 [WARN] PackLoader:240 - Cannot read IP mode file for STMicroelectronics.X-CUBE-MEMS1.9.6.0
2023-11-07 21:38:40,911 [WARN] PackLoader:240 - Cannot read IP mode file for STMicroelectronics.X-CUBE-EEPRMA1.4.2.0
2023-11-07 21:38:40,923 [WARN] PackLoader:240 - Cannot read IP mode file for ITTIA_DB.I-CUBE-ITTIADB.8.8.0
2023-11-07 21:38:40,932 [WARN] PackLoader:240 - Cannot read IP mode file for STMicroelectronics.X-CUBE-BLEMGR.2.0.0
2023-11-07 21:38:40,961 [WARN] ConditionMgr:438 - getConditionDescription Invalid condition id : UX DEVICE CLASS RTOS Condition cause : null
2023-11-07 21:38:40,962 [WARN] ConditionMgr:438 - getConditionDescription Invalid condition id : UX DEVICE CLASS RTOS Condition cause : null
2023-11-07 21:38:40,966 [WARN] PackLoader:240 - Cannot read IP mode file for STMicroelectronics.X-CUBE-AZRTOS-H7.3.1.0
2023-11-07 21:38:40,967 [WARN] ConditionMgr:1039 - genDependencies : Invalid condition id : UX DEVICE CLASS RTOS Condition cause : null
2023-11-07 21:38:40,968 [WARN] ConditionMgr:1039 - genDependencies : Invalid condition id : UX DEVICE CLASS RTOS Condition cause : null
2023-11-07 21:38:40,968 [WARN] ConditionMgr:1039 - genDependencies : Invalid condition id : UX DEVICE CLASS RTOS Condition cause : null
2023-11-07 21:38:40,969 [WARN] ConditionMgr:1039 - genDependencies : Invalid condition id : UX DEVICE CLASS RTOS Condition cause : null
2023-11-07 21:38:40,969 [WARN] ConditionMgr:1039 - genDependencies : Invalid condition id : UX DEVICE CLASS RTOS Condition cause : null
2023-11-07 21:38:40,977 [WARN] PackLoader:240 - Cannot read IP mode file for STMicroelectronics.X-CUBE-NFC7.1.0.1
2023-11-07 21:38:41,014 [WARN] PackLoader:240 - Cannot read IP mode file for STMicroelectronics.X-CUBE-NFC6.3.0.0
2023-11-07 21:38:41,021 [WARN] PackLoader:240 - Cannot read IP mode file for STMicroelectronics.X-CUBE-EEPRMA1.4.1.0
2023-11-07 21:38:41,025 [WARN] PackLoader:240 - Cannot read IP mode file for STMicroelectronics.X-CUBE-AI.8.1.0
2023-11-07 21:38:41,043 [WARN] ConditionMgr:438 - getConditionDescription Invalid condition id : LAN8742 Phy interface Condition cause : null
2023-11-07 21:38:41,045 [WARN] PackLoader:240 - Cannot read IP mode file for STMicroelectronics.X-CUBE-AZRTOS-L4.2.0.0
2023-11-07 21:38:41,047 [WARN] ConditionMgr:1039 - genDependencies : Invalid condition id : LAN8742 Phy interface Condition cause : null
2023-11-07 21:38:41,048 [WARN] ConditionMgr:1039 - genDependencies : Invalid condition id : LAN8742 Phy interface Condition cause : null
2023-11-07 21:38:41,048 [WARN] ConditionMgr:1039 - genDependencies : Invalid condition id : LAN8742 Phy interface Condition cause : null
2023-11-07 21:38:41,055 [WARN] PackLoader:240 - Cannot read IP mode file for STMicroelectronics.X-CUBE-SFXS2LP1.4.0.0
2023-11-07 21:38:41,060 [WARN] PackLoader:240 - Cannot read IP mode file for STMicroelectronics.X-CUBE-ISPU.1.1.0
2023-11-07 21:38:41,070 [WARN] ConditionMgr:438 - getConditionDescription Invalid condition id : UX DEVICE CLASS RTOS Condition cause : null
2023-11-07 21:38:41,071 [WARN] ConditionMgr:438 - getConditionDescription Invalid condition id : UX DEVICE CLASS RTOS Condition cause : null
2023-11-07 21:38:41,073 [WARN] PackLoader:240 - Cannot read IP mode file for STMicroelectronics.X-CUBE-AZRTOS-WB.2.0.0
2023-11-07 21:38:41,074 [WARN] ConditionMgr:1039 - genDependencies : Invalid condition id : UX DEVICE CLASS RTOS Condition cause : null
2023-11-07 21:38:41,074 [WARN] ConditionMgr:1039 - genDependencies : Invalid condition id : UX DEVICE CLASS RTOS Condition cause : null
2023-11-07 21:38:41,074 [WARN] ConditionMgr:1039 - genDependencies : Invalid condition id : UX DEVICE CLASS RTOS Condition cause : null
2023-11-07 21:38:41,074 [WARN] ConditionMgr:1039 - genDependencies : Invalid condition id : UX DEVICE CLASS RTOS Condition cause : null
2023-11-07 21:38:41,074 [WARN] ConditionMgr:1039 - genDependencies : Invalid condition id : UX DEVICE CLASS RTOS Condition cause : null
2023-11-07 21:38:41,091 [WARN] PackLoader:240 - Cannot read IP mode file for STMicroelectronics.X-CUBE-SUBG2.5.0.0
2023-11-07 21:38:41,101 [WARN] PackLoader:240 - Cannot read IP mode file for STMicroelectronics.X-CUBE-TOF1.3.3.1
2023-11-07 21:38:41,124 [WARN] PackLoader:240 - Cannot read IP mode file for STMicroelectronics.X-CUBE-AZRTOS-G4.2.0.0
2023-11-07 21:38:41,135 [WARN] PackLoader:240 - Cannot read IP mode file for Infineon.AIROC-Wi-Fi-Bluetooth-STM32.1.5.1
2023-11-07 21:38:41,174 [WARN] PackLoader:240 - Cannot read IP mode file for STMicroelectronics.X-CUBE-MEMS1.10.0.0
2023-11-07 21:38:41,287 [WARN] PackLoader:240 - Cannot read IP mode file for STMicroelectronics.X-CUBE-FREERTOS.1.1.0
2023-11-07 21:38:41,292 [WARN] PackLoader:240 - Cannot read IP mode file for portGmbH.I-Cube-SoM-uGOAL.1.1.0
2023-11-07 21:38:41,296 [WARN] PackLoader:240 - Cannot read IP mode file for STMicroelectronics.X-CUBE-ALS.1.0.1
2023-11-07 21:38:41,300 [WARN] PackLoader:240 - Cannot read IP mode file for STMicroelectronics.FP-ATR-ASTRA1.2.0.0
2023-11-07 21:38:41,301 [INFO] ThirdParty:978 - Integrity check success = true
2023-11-07 21:38:41,302 [INFO] IntegrityCheckThread:100 - exiting critical section [integrity check]
2023-11-07 21:38:41,302 [INFO] IntegrityCheckThread:103 - End integrity checks thread
2023-11-07 21:39:00,102 [ERROR] LogOutputStream:75 - [STDERR_REDIRECT] SLF4J: Failed to load class "org.slf4j.impl.StaticLoggerBinder".
2023-11-07 21:39:00,103 [ERROR] LogOutputStream:75 - [STDERR_REDIRECT] SLF4J: Defaulting to no-operation (NOP) logger implementation
2023-11-07 21:39:00,103 [ERROR] LogOutputStream:75 - [STDERR_REDIRECT] SLF4J: See http://www.slf4j.org/codes.html#StaticLoggerBinder for further details.
