2023-10-15 15:58:37,068 [INFO] Activator:176 - 


2023-10-15 15:58:37,071 [INFO] Activator:177 - !SESSION log4j initialized
2023-10-15 15:58:39,540 [INFO] LogOutputStream:77 - [STDOUT_REDIRECT] 
2023-10-15 15:58:39,878 [INFO] ApplicationProperties:184 - Using Application install path: /home/isamd/stm32/plugins/com.st.stm32cube.common.mx_6.9.2.202309101412
2023-10-15 15:58:39,892 [INFO] DbMcusXml:78 - Set database path to: /home/isamd/stm32/plugins/com.st.stm32cube.common.mx_6.9.2.202309101412//db//mcu/
2023-10-15 15:58:39,892 [INFO] ApiDb:274 - Set plugin database path to: /home/isamd/stm32/plugins/com.st.stm32cube.common.mx_6.9.2.202309101412//db//plugins/boardmanager/
2023-10-15 15:58:39,892 [WARN] ApiDb:259 - Overriding images path with different value:  => /home/isamd/stm32/plugins/com.st.stm32cube.common.mx_6.9.2.202309101412//db//plugins/mcufinder/images/
2023-10-15 15:58:39,899 [INFO] ApiDb:250 - Set database path to: /home/isamd/.stmcufinder/plugins/mcufinder//mcu/
2023-10-15 15:58:39,900 [INFO] DbMcusAds:125 - Set database path to: /home/isamd/.stmcufinder/plugins/mcufinder//mcu/
2023-10-15 15:58:39,902 [INFO] CrossReferenceDbSqlite:203 - Set database path to: /home/isamd/.stmcufinder/plugins/mcufinder//mcu/cs/
2023-10-15 15:58:39,973 [INFO] RulesReader:64 - Compatibility file has been processed (293 Rules)
2023-10-15 15:58:40,023 [INFO] DbMcusXml:78 - Set database path to: /home/isamd/stm32/plugins/com.st.stm32cube.common.mx_6.9.2.202309101412//db//mcu/
2023-10-15 15:58:40,023 [INFO] ApiDb:274 - Set plugin database path to: /home/isamd/stm32/plugins/com.st.stm32cube.common.mx_6.9.2.202309101412//db//plugins/boardmanager/
2023-10-15 15:58:40,024 [INFO] ApiDb:261 - Set plugin images path to: /home/isamd/stm32/plugins/com.st.stm32cube.common.mx_6.9.2.202309101412//db//plugins/mcufinder/images/
2023-10-15 15:58:40,024 [WARN] DbFile:41 - Overriding database path with different value: /home/isamd/.stmcufinder/plugins/mcufinder/ => /home/isamd/.stmcufinder/plugins/mcufinder
2023-10-15 15:58:40,024 [INFO] ApiDb:250 - Set database path to: /home/isamd/.stmcufinder/plugins/mcufinder//mcu/
2023-10-15 15:58:40,024 [WARN] DbFile:41 - Overriding database path with different value: /home/isamd/.stmcufinder/plugins/mcufinder/ => /home/isamd/.stmcufinder/plugins/mcufinder
2023-10-15 15:58:40,024 [INFO] DbMcusAds:125 - Set database path to: /home/isamd/.stmcufinder/plugins/mcufinder//mcu/
2023-10-15 15:58:40,024 [WARN] DbFile:41 - Overriding database path with different value: /home/isamd/.stmcufinder/plugins/mcufinder/ => /home/isamd/.stmcufinder/plugins/mcufinder
2023-10-15 15:58:40,024 [WARN] DbFile:41 - Overriding database path with different value: /home/isamd/.stmcufinder/plugins/mcufinder/ => /home/isamd/.stmcufinder/plugins/mcufinder
2023-10-15 15:58:40,024 [INFO] CrossReferenceDbSqlite:203 - Set database path to: /home/isamd/.stmcufinder/plugins/mcufinder//mcu/cs/
2023-10-15 15:58:40,067 [INFO] MainPanel:262 - HeapMemory: 268435456
2023-10-15 15:58:40,118 [INFO] DbMcusXml:78 - Set database path to: /home/isamd/stm32/plugins/com.st.stm32cube.common.mx_6.9.2.202309101412//db//mcu/
2023-10-15 15:58:40,118 [INFO] ApiDb:274 - Set plugin database path to: /home/isamd/stm32/plugins/com.st.stm32cube.common.mx_6.9.2.202309101412//db//plugins/boardmanager/
2023-10-15 15:58:40,118 [INFO] ApiDb:261 - Set plugin images path to: /home/isamd/stm32/plugins/com.st.stm32cube.common.mx_6.9.2.202309101412//db//plugins/mcufinder/images/
2023-10-15 15:58:40,118 [WARN] DbFile:41 - Overriding database path with different value: /home/isamd/.stmcufinder/plugins/mcufinder/ => /home/isamd/.stmcufinder/plugins/mcufinder
2023-10-15 15:58:40,118 [INFO] ApiDb:250 - Set database path to: /home/isamd/.stmcufinder/plugins/mcufinder//mcu/
2023-10-15 15:58:40,118 [WARN] DbFile:41 - Overriding database path with different value: /home/isamd/.stmcufinder/plugins/mcufinder/ => /home/isamd/.stmcufinder/plugins/mcufinder
2023-10-15 15:58:40,118 [INFO] DbMcusAds:125 - Set database path to: /home/isamd/.stmcufinder/plugins/mcufinder//mcu/
2023-10-15 15:58:40,118 [WARN] DbFile:41 - Overriding database path with different value: /home/isamd/.stmcufinder/plugins/mcufinder/ => /home/isamd/.stmcufinder/plugins/mcufinder
2023-10-15 15:58:40,118 [WARN] DbFile:41 - Overriding database path with different value: /home/isamd/.stmcufinder/plugins/mcufinder/ => /home/isamd/.stmcufinder/plugins/mcufinder
2023-10-15 15:58:40,118 [INFO] CrossReferenceDbSqlite:203 - Set database path to: /home/isamd/.stmcufinder/plugins/mcufinder//mcu/cs/
2023-10-15 15:58:40,127 [INFO] ApplicationProperties:184 - Using Application install path: /home/isamd/stm32/plugins/com.st.stm32cube.common.mx_6.9.2.202309101412
2023-10-15 15:58:40,128 [INFO] PluginManage:196 - Search for loadable plugins [exclusion list=, ]
2023-10-15 15:58:40,129 [INFO] PluginManage:310 - Check plugin analytics
2023-10-15 15:58:40,214 [INFO] AnalyticsPlugin:253 - Accepted Software Licenses: 
2023-10-15 15:58:40,214 [INFO] AnalyticsPlugin:255 - Accepted CMSIS Pack Licenses: 
2023-10-15 15:58:40,214 [INFO] AnalyticsPlugin:257 - Accepted Firmware Licenses: 
2023-10-15 15:58:40,215 [INFO] PluginManage:359 - Loaded plugin analytics (category:tool,tabindex:-1)
2023-10-15 15:58:40,216 [INFO] PluginManage:310 - Check plugin cadmodel
2023-10-15 15:58:40,258 [INFO] CADModel:105 - Init CAD model plugin
2023-10-15 15:58:40,259 [INFO] PluginManage:359 - Loaded plugin cadmodel (category:power,tabindex:5)
2023-10-15 15:58:40,259 [INFO] PluginManage:310 - Check plugin clock
2023-10-15 15:58:40,265 [INFO] PluginManage:359 - Loaded plugin clock (category:base,tabindex:2)
2023-10-15 15:58:40,265 [INFO] PluginManage:310 - Check plugin ddr
2023-10-15 15:58:40,266 [INFO] PluginManage:359 - Loaded plugin ddr (category:tool,tabindex:6)
2023-10-15 15:58:40,266 [INFO] PluginManage:310 - Check plugin filemanager
2023-10-15 15:58:40,341 [INFO] PluginManage:359 - Loaded plugin filemanager (category:base,tabindex:10)
2023-10-15 15:58:40,341 [INFO] PluginManage:310 - Check plugin ipmanager
2023-10-15 15:58:40,345 [INFO] PluginManage:359 - Loaded plugin ipmanager (category:base,tabindex:5)
2023-10-15 15:58:40,345 [INFO] PluginManage:310 - Check plugin lpbam
2023-10-15 15:58:40,350 [INFO] PluginManage:359 - Loaded plugin lpbam (category:base,tabindex:0)
2023-10-15 15:58:40,350 [INFO] PluginManage:310 - Check plugin memorymap
2023-10-15 15:58:40,356 [INFO] PluginManage:359 - Loaded plugin memorymap (category:base,tabindex:4)
2023-10-15 15:58:40,357 [INFO] PluginManage:310 - Check plugin pinoutandconfiguration
2023-10-15 15:58:40,360 [INFO] PluginManage:359 - Loaded plugin pinoutandconfiguration (category:base,tabindex:1)
2023-10-15 15:58:40,360 [INFO] PluginManage:310 - Check plugin pinoutconfig
2023-10-15 15:58:40,404 [WARN] SupportedApi:132 - Cannot load RTOS API schema: s4s-elt-must-match.1: The content of 'definitions' must match (annotation?, (simpleType | complexType)?, (unique | key | keyref)*)). A problem was found starting at: attribute.
2023-10-15 15:58:40,475 [INFO] PluginManage:359 - Loaded plugin pinoutconfig (category:base,tabindex:0)
2023-10-15 15:58:40,475 [INFO] PluginManage:310 - Check plugin power
2023-10-15 15:58:40,481 [INFO] PluginManage:359 - Loaded plugin power (category:power,tabindex:4)
2023-10-15 15:58:40,481 [INFO] PluginManage:310 - Check plugin projectmanager
2023-10-15 15:58:40,489 [INFO] PluginManage:359 - Loaded plugin projectmanager (category:projectmanager,tabindex:3)
2023-10-15 15:58:40,489 [INFO] PluginManage:310 - Check plugin thirdparty
2023-10-15 15:58:40,555 [INFO] PluginManage:359 - Loaded plugin thirdparty (category:base,tabindex:-1)
2023-10-15 15:58:40,555 [WARN] IntegrityCheckThread:84 - waiting for thirdparty lock release [integrity check]
2023-10-15 15:58:40,556 [INFO] PluginManage:310 - Check plugin tools
2023-10-15 15:58:40,556 [INFO] IntegrityCheckThread:86 - entering critical section [integrity check]
2023-10-15 15:58:40,556 [INFO] ThirdPartyUpdaterWithRetryManager:70 - Updater plugin not ready yet. [1/15]
2023-10-15 15:58:40,557 [INFO] PluginManage:359 - Loaded plugin tools (category:base,tabindex:7)
2023-10-15 15:58:40,557 [INFO] PluginManage:310 - Check plugin tutovideos
2023-10-15 15:58:40,653 [INFO] PluginManage:359 - Loaded plugin tutovideos (category:base,tabindex:-1)
2023-10-15 15:58:40,653 [INFO] PluginManage:310 - Check plugin updater
2023-10-15 15:58:40,660 [INFO] PluginManage:359 - Loaded plugin updater (category:base,tabindex:12)
2023-10-15 15:58:40,660 [INFO] PluginManage:310 - Check plugin userauth
2023-10-15 15:58:40,664 [INFO] UserAuth:113 - Init User Auth plugin
2023-10-15 15:58:40,664 [INFO] PluginManage:359 - Loaded plugin userauth (category:base,tabindex:14)
2023-10-15 15:58:40,664 [INFO] PluginManage:283 - PluginManage : Loaded plugins [17]
2023-10-15 15:58:40,770 [INFO] PinOutPanel:1499 - setPackage(No Configuration,No Configuration)
2023-10-15 15:58:40,818 [INFO] CADModel:165 - CPN selected for project level
2023-10-15 15:58:40,819 [INFO] CADModel:114 - Register for checkConnection events
2023-10-15 15:58:40,827 [INFO] IPUIPlugin:80 - create IPUIPlugin
2023-10-15 15:58:40,827 [INFO] PluginManager:220 - loadIPPluginJar : add lorawan
2023-10-15 15:58:40,830 [INFO] IPUIPlugin:80 - create IPUIPlugin
2023-10-15 15:58:40,830 [INFO] PluginManager:220 - loadIPPluginJar : add gpio
2023-10-15 15:58:40,834 [INFO] IPUIPlugin:80 - create IPUIPlugin
2023-10-15 15:58:40,834 [INFO] PluginManager:220 - loadIPPluginJar : add freertos
2023-10-15 15:58:40,835 [INFO] IPUIPlugin:80 - create IPUIPlugin
2023-10-15 15:58:40,835 [INFO] PluginManager:220 - loadIPPluginJar : add genericplugin
2023-10-15 15:58:40,836 [INFO] IPUIPlugin:80 - create IPUIPlugin
2023-10-15 15:58:40,836 [INFO] PluginManager:220 - loadIPPluginJar : add i3c
2023-10-15 15:58:40,838 [INFO] IPUIPlugin:80 - create IPUIPlugin
2023-10-15 15:58:40,838 [INFO] PluginManager:220 - loadIPPluginJar : add ipddr
2023-10-15 15:58:40,839 [INFO] IPUIPlugin:80 - create IPUIPlugin
2023-10-15 15:58:40,839 [INFO] PluginManager:220 - loadIPPluginJar : add i2s
2023-10-15 15:58:40,840 [INFO] IPUIPlugin:80 - create IPUIPlugin
2023-10-15 15:58:40,840 [INFO] PluginManager:220 - loadIPPluginJar : add fatfs
2023-10-15 15:58:40,842 [INFO] IPUIPlugin:80 - create IPUIPlugin
2023-10-15 15:58:40,842 [INFO] PluginManager:220 - loadIPPluginJar : add usbx
2023-10-15 15:58:40,845 [INFO] IPUIPlugin:80 - create IPUIPlugin
2023-10-15 15:58:40,845 [INFO] PluginManager:220 - loadIPPluginJar : add resmgrutility
2023-10-15 15:58:40,847 [INFO] IPUIPlugin:80 - create IPUIPlugin
2023-10-15 15:58:40,847 [INFO] PluginManager:220 - loadIPPluginJar : add sai
2023-10-15 15:58:40,849 [INFO] IPUIPlugin:80 - create IPUIPlugin
2023-10-15 15:58:40,849 [INFO] PluginManager:220 - loadIPPluginJar : add openamp
2023-10-15 15:58:40,849 [INFO] IPUIPlugin:80 - create IPUIPlugin
2023-10-15 15:58:40,849 [INFO] PluginManager:220 - loadIPPluginJar : add ltdc
2023-10-15 15:58:40,852 [INFO] IPUIPlugin:80 - create IPUIPlugin
2023-10-15 15:58:40,852 [INFO] PluginManager:220 - loadIPPluginJar : add stm32_wpan
2023-10-15 15:58:40,854 [INFO] IPUIPlugin:80 - create IPUIPlugin
2023-10-15 15:58:40,854 [INFO] PluginManager:220 - loadIPPluginJar : add cryp
2023-10-15 15:58:40,855 [INFO] IPUIPlugin:80 - create IPUIPlugin
2023-10-15 15:58:40,855 [INFO] PluginManager:220 - loadIPPluginJar : add touchsensing
2023-10-15 15:58:40,857 [INFO] IPUIPlugin:80 - create IPUIPlugin
2023-10-15 15:58:40,857 [INFO] PluginManager:220 - loadIPPluginJar : add gtzc
2023-10-15 15:58:40,860 [INFO] IPUIPlugin:80 - create IPUIPlugin
2023-10-15 15:58:40,860 [INFO] PluginManager:220 - loadIPPluginJar : add gic
2023-10-15 15:58:40,862 [INFO] IPUIPlugin:80 - create IPUIPlugin
2023-10-15 15:58:40,862 [INFO] PluginManager:220 - loadIPPluginJar : add hash
2023-10-15 15:58:40,863 [INFO] IPUIPlugin:80 - create IPUIPlugin
2023-10-15 15:58:40,863 [INFO] PluginManager:220 - loadIPPluginJar : add tim
2023-10-15 15:58:40,865 [INFO] IPUIPlugin:80 - create IPUIPlugin
2023-10-15 15:58:40,865 [INFO] PluginManager:220 - loadIPPluginJar : add fmc
2023-10-15 15:58:40,866 [INFO] IPUIPlugin:80 - create IPUIPlugin
2023-10-15 15:58:40,866 [INFO] PluginManager:220 - loadIPPluginJar : add ucpd
2023-10-15 15:58:40,867 [INFO] IPUIPlugin:80 - create IPUIPlugin
2023-10-15 15:58:40,867 [INFO] PluginManager:220 - loadIPPluginJar : add gfxmmu
2023-10-15 15:58:40,869 [INFO] IPUIPlugin:80 - create IPUIPlugin
2023-10-15 15:58:40,869 [INFO] PluginManager:220 - loadIPPluginJar : add spi
2023-10-15 15:58:40,870 [INFO] IPUIPlugin:80 - create IPUIPlugin
2023-10-15 15:58:40,870 [INFO] PluginManager:220 - loadIPPluginJar : add can
2023-10-15 15:58:40,871 [INFO] IPUIPlugin:80 - create IPUIPlugin
2023-10-15 15:58:40,871 [INFO] PluginManager:220 - loadIPPluginJar : add comp
2023-10-15 15:58:40,875 [INFO] IPUIPlugin:80 - create IPUIPlugin
2023-10-15 15:58:40,875 [INFO] PluginManager:220 - loadIPPluginJar : add mdma
2023-10-15 15:58:40,877 [INFO] IPUIPlugin:80 - create IPUIPlugin
2023-10-15 15:58:40,877 [INFO] PluginManager:220 - loadIPPluginJar : add usart
2023-10-15 15:58:40,878 [INFO] IPUIPlugin:80 - create IPUIPlugin
2023-10-15 15:58:40,878 [INFO] PluginManager:220 - loadIPPluginJar : add tsc
2023-10-15 15:58:40,884 [INFO] IPUIPlugin:80 - create IPUIPlugin
2023-10-15 15:58:40,884 [INFO] PluginManager:220 - loadIPPluginJar : add linkedlist
2023-10-15 15:58:40,886 [INFO] IPUIPlugin:80 - create IPUIPlugin
2023-10-15 15:58:40,886 [INFO] PluginManager:220 - loadIPPluginJar : add opamp
2023-10-15 15:58:40,887 [INFO] IPUIPlugin:80 - create IPUIPlugin
2023-10-15 15:58:40,887 [INFO] PluginManager:220 - loadIPPluginJar : add ts
2023-10-15 15:58:40,888 [INFO] IPUIPlugin:80 - create IPUIPlugin
2023-10-15 15:58:40,888 [INFO] PluginManager:220 - loadIPPluginJar : add quadspi
2023-10-15 15:58:40,889 [INFO] IPUIPlugin:80 - create IPUIPlugin
2023-10-15 15:58:40,889 [INFO] PluginManager:220 - loadIPPluginJar : add i2c
2023-10-15 15:58:40,890 [INFO] IPUIPlugin:80 - create IPUIPlugin
2023-10-15 15:58:40,890 [INFO] PluginManager:220 - loadIPPluginJar : add tracer_emb
2023-10-15 15:58:40,895 [INFO] IPUIPlugin:80 - create IPUIPlugin
2023-10-15 15:58:40,895 [INFO] PluginManager:220 - loadIPPluginJar : add adc
2023-10-15 15:58:40,901 [INFO] IPUIPlugin:80 - create IPUIPlugin
2023-10-15 15:58:40,903 [INFO] PluginManager:220 - loadIPPluginJar : add plateformsettings
2023-10-15 15:58:40,904 [INFO] IPUIPlugin:80 - create IPUIPlugin
2023-10-15 15:58:40,905 [INFO] PluginManager:220 - loadIPPluginJar : add dma3
2023-10-15 15:58:40,911 [INFO] IPUIPlugin:80 - create IPUIPlugin
2023-10-15 15:58:40,911 [INFO] PluginManager:220 - loadIPPluginJar : add dma
2023-10-15 15:58:40,913 [INFO] IPUIPlugin:80 - create IPUIPlugin
2023-10-15 15:58:40,914 [INFO] PluginManager:220 - loadIPPluginJar : add dfsdm
2023-10-15 15:58:40,915 [INFO] IPUIPlugin:80 - create IPUIPlugin
2023-10-15 15:58:40,916 [INFO] PluginManager:220 - loadIPPluginJar : add pdm2pcm
2023-10-15 15:58:40,917 [INFO] IPUIPlugin:80 - create IPUIPlugin
2023-10-15 15:58:40,917 [INFO] PluginManager:220 - loadIPPluginJar : add aes
2023-10-15 15:58:40,919 [INFO] IPUIPlugin:80 - create IPUIPlugin
2023-10-15 15:58:40,920 [INFO] PluginManager:220 - loadIPPluginJar : add nvic
2023-10-15 15:58:41,012 [INFO] CADModel:165 - CPN selected for project level
2023-10-15 15:58:41,012 [INFO] CADModel:114 - Register for checkConnection events
2023-10-15 15:58:41,012 [FATAL] Updater:308 - Updater called before beeing initialized
2023-10-15 15:58:41,013 [ERROR] CADModel:125 - Updater not yet initialized, retry later 
2023-10-15 15:58:41,109 [INFO] CADModel:165 - CPN selected for project level
2023-10-15 15:58:41,109 [INFO] CADModel:114 - Register for checkConnection events
2023-10-15 15:58:41,109 [FATAL] Updater:308 - Updater called before beeing initialized
2023-10-15 15:58:41,109 [ERROR] CADModel:125 - Updater not yet initialized, retry later 
2023-10-15 15:58:41,111 [FATAL] Updater:308 - Updater called before beeing initialized
2023-10-15 15:58:41,151 [FATAL] Updater:308 - Updater called before beeing initialized
2023-10-15 15:58:41,155 [INFO] DbMcusAds:53 - JSON generation date=Tue Mar 07 09:50:55 CET 2023 (1678179055114)
2023-10-15 15:58:41,155 [FATAL] Updater:308 - Updater called before beeing initialized
2023-10-15 15:58:41,177 [WARN] DetailPanel:346 - Failed to get advertising image, set to default
2023-10-15 15:58:41,232 [FATAL] Updater:308 - Updater called before beeing initialized
2023-10-15 15:58:41,233 [FATAL] Updater:308 - Updater called before beeing initialized
2023-10-15 15:58:41,233 [FATAL] Updater:308 - Updater called before beeing initialized
2023-10-15 15:58:41,233 [WARN] DetailPanel:346 - Failed to get advertising image, set to default
2023-10-15 15:58:41,234 [FATAL] Updater:308 - Updater called before beeing initialized
2023-10-15 15:58:41,250 [ERROR] Updater:1120 - MainUpdater not yet initialized. External WinMGr cannot be set.
2023-10-15 15:58:41,251 [INFO] Updater:1056 - Updater Version found : 6.9.2
2023-10-15 15:58:41,264 [INFO] ApplicationProperties:184 - Using Application install path: /home/isamd/stm32/plugins/com.st.stm32cube.common.mx_6.9.2.202309101412
2023-10-15 15:58:41,323 [INFO] MainUpdater:2868 - connection check result : 10
2023-10-15 15:58:41,323 [INFO] MainUpdater:3562 - Updater definition file requires update
2023-10-15 15:58:41,323 [INFO] MainUpdater:285 - Updater Check For Update Now.
2023-10-15 15:58:41,323 [INFO] MicroXplorer:498 - Change Database Version : DB.6.0.92
2023-10-15 15:58:41,326 [INFO] McuFinderGlobals:63 - Set McuFinder mode to 2 (CubeIDE integrated)
2023-10-15 15:58:41,326 [INFO] UserAuth:179 - activating auth plugin
2023-10-15 15:58:41,328 [INFO] UserAuth:393 - Internet connection configuration mode: 1
2023-10-15 15:58:41,337 [INFO] JxBrowserEngine:151 - Initiate JxBrowser Engine with user profile folder
2023-10-15 15:58:41,342 [INFO] ServerAccessManage:473 - Download File updaters.zip
2023-10-15 15:58:41,399 [INFO] FileExtend:240 - Unzip File : updaters.zip
2023-10-15 15:58:41,399 [INFO] FileExtend:255 - Standard Zip Deflate
2023-10-15 15:58:41,498 [INFO] ServerAccessManage:473 - Download File PacksControlFlags.xml
2023-10-15 15:58:41,530 [INFO] ServerAccessManage:473 - Download File cubemx.pidx
2023-10-15 15:58:41,583 [INFO] LoadServerUpdatesThread:373 - End of LoadServerUpdate Thread
2023-10-15 15:58:41,725 [INFO] CheckServerUpdateThread:120 - End of CheckServer Thread
2023-10-15 15:58:41,821 [INFO] WebApp:157 - Instantiating new browser for Auth
2023-10-15 15:58:42,117 [INFO] WebApp:753 - Register for checkConnection events
2023-10-15 15:58:42,118 [INFO] WebApp:390 - Apply proxy settings
2023-10-15 15:58:42,118 [INFO] WebApp:475 - Chromium requires no authentication
2023-10-15 15:58:42,121 [INFO] WebApp:418 - Direct internet connection detected
2023-10-15 15:58:42,191 [INFO] WebApp:188 - Starting web application
2023-10-15 15:58:42,191 [INFO] WebApp:520 - Web application path used /home/isamd/stm32/plugins/com.st.stm32cube.common.mx_6.9.2.202309101412/db/plugins/mcufinder/reactClient1/index.html
2023-10-15 15:58:43,667 [WARN] PackLoader:240 - Cannot read IP mode file for STMicroelectronics.X-CUBE-SMBUS.2.1.0
2023-10-15 15:58:43,683 [WARN] PackLoader:240 - Cannot read IP mode file for STMicroelectronics.X-CUBE-AZRTOS-F7.1.1.0
2023-10-15 15:58:43,689 [WARN] PackLoader:240 - Cannot read IP mode file for STMicroelectronics.FP-SNS-MOTENV1.4.3.2
2023-10-15 15:58:43,692 [WARN] PackLoader:240 - Cannot read IP mode file for STMicroelectronics.FP-SNS-FLIGHT1.5.0.2
2023-10-15 15:58:43,696 [WARN] PackLoader:240 - Cannot read IP mode file for STMicroelectronics.X-CUBE-DISPLAY.3.0.0
2023-10-15 15:58:43,702 [WARN] PackLoader:240 - Cannot read IP mode file for STMicroelectronics.X-CUBE-BLE1.7.0.0
2023-10-15 15:58:43,705 [WARN] PackLoader:240 - Cannot read IP mode file for emotas.I-CUBE-CANOPEN.1.3.0
2023-10-15 15:58:43,706 [WARN] PackLoader:240 - Cannot read IP mode file for STMicroelectronics.X-CUBE-TOUCHGFX.4.22.0
2023-10-15 15:58:43,707 [WARN] PackLoader:240 - Cannot read IP mode file for STMicroelectronics.X-CUBE-TOUCHGFX.4.22.1
2023-10-15 15:58:43,709 [WARN] PackLoader:240 - Cannot read IP mode file for STMicroelectronics.FP-SNS-SMARTAG2.1.2.0
2023-10-15 15:58:43,714 [INFO] LogOutputStream:77 - [STDOUT_REDIRECT] 1 : Invalid condition id : UX_CORESTACK_Condition cause : null
2023-10-15 15:58:43,714 [INFO] LogOutputStream:77 - [STDOUT_REDIRECT] 1 : Invalid condition id : UX_CORESTACK_Condition cause : null
2023-10-15 15:58:43,714 [INFO] LogOutputStream:77 - [STDOUT_REDIRECT] 1 : Invalid condition id : UX_CORESTACK_Condition cause : null
2023-10-15 15:58:43,715 [INFO] LogOutputStream:77 - [STDOUT_REDIRECT] 1 : Invalid condition id : UX_CORESTACK_Condition cause : null
2023-10-15 15:58:43,715 [INFO] LogOutputStream:77 - [STDOUT_REDIRECT] 1 : Invalid condition id : UX_CORESTACK_Condition cause : null
2023-10-15 15:58:43,717 [WARN] PackLoader:240 - Cannot read IP mode file for STMicroelectronics.X-CUBE-AZRTOS-WL.2.0.0
2023-10-15 15:58:43,722 [WARN] PackLoader:240 - Cannot read IP mode file for WES.I-CUBE-Cesium.1.3.0
2023-10-15 15:58:43,725 [WARN] PackLoader:240 - Cannot read IP mode file for STMicroelectronics.X-CUBE-BLE2.3.3.0
2023-10-15 15:58:43,728 [WARN] PackLoader:240 - Cannot read IP mode file for STMicroelectronics.X-CUBE-ALGOBUILD.1.3.0
2023-10-15 15:58:43,738 [WARN] PackLoader:240 - Cannot read IP mode file for STMicroelectronics.X-CUBE-AZRTOS-G0.1.1.0
2023-10-15 15:58:43,742 [WARN] PackLoader:240 - Cannot read IP mode file for STMicroelectronics.X-CUBE-NFC4.3.0.0
2023-10-15 15:58:43,745 [WARN] PackLoader:240 - Cannot read IP mode file for STMicroelectronics.FP-ATR-SIGFOX1.3.2.0
2023-10-15 15:58:43,770 [WARN] PackLoader:240 - Cannot read IP mode file for SEGGER.I-CUBE-embOS.1.3.1
2023-10-15 15:58:43,800 [WARN] PackLoader:240 - Cannot read IP mode file for STMicroelectronics.X-CUBE-GNSS1.6.0.0
2023-10-15 15:58:43,810 [WARN] PackLoader:240 - Cannot read IP mode file for STMicroelectronics.X-CUBE-AZRTOS-F4.1.1.0
2023-10-15 15:58:43,814 [WARN] PackLoader:240 - Cannot read IP mode file for wolfSSL.I-CUBE-wolfSSL.5.6.3
2023-10-15 15:58:43,823 [WARN] PackLoader:240 - Cannot read IP mode file for STMicroelectronics.X-CUBE-AZRTOS-L5.2.0.0
2023-10-15 15:58:43,849 [WARN] PackLoader:240 - Cannot read IP mode file for STMicroelectronics.X-CUBE-MEMS1.9.6.0
2023-10-15 15:58:43,951 [WARN] PackLoader:240 - Cannot read IP mode file for ITTIA_DB.I-CUBE-ITTIADB.8.8.0
2023-10-15 15:58:43,955 [WARN] PackLoader:240 - Cannot read IP mode file for STMicroelectronics.X-CUBE-BLEMGR.2.0.0
2023-10-15 15:58:43,966 [WARN] ConditionMgr:438 - getConditionDescription Invalid condition id : UX DEVICE CLASS RTOS Condition cause : null
2023-10-15 15:58:43,966 [WARN] ConditionMgr:438 - getConditionDescription Invalid condition id : UX DEVICE CLASS RTOS Condition cause : null
2023-10-15 15:58:43,969 [WARN] PackLoader:240 - Cannot read IP mode file for STMicroelectronics.X-CUBE-AZRTOS-H7.3.1.0
2023-10-15 15:58:43,970 [WARN] ConditionMgr:1039 - genDependencies : Invalid condition id : UX DEVICE CLASS RTOS Condition cause : null
2023-10-15 15:58:43,970 [WARN] ConditionMgr:1039 - genDependencies : Invalid condition id : UX DEVICE CLASS RTOS Condition cause : null
2023-10-15 15:58:43,970 [WARN] ConditionMgr:1039 - genDependencies : Invalid condition id : UX DEVICE CLASS RTOS Condition cause : null
2023-10-15 15:58:43,970 [WARN] ConditionMgr:1039 - genDependencies : Invalid condition id : UX DEVICE CLASS RTOS Condition cause : null
2023-10-15 15:58:43,970 [WARN] ConditionMgr:1039 - genDependencies : Invalid condition id : UX DEVICE CLASS RTOS Condition cause : null
2023-10-15 15:58:43,976 [WARN] PackLoader:240 - Cannot read IP mode file for STMicroelectronics.X-CUBE-NFC7.1.0.1
2023-10-15 15:58:43,982 [WARN] PackLoader:240 - Cannot read IP mode file for STMicroelectronics.X-CUBE-NFC6.3.0.0
2023-10-15 15:58:43,988 [WARN] PackLoader:240 - Cannot read IP mode file for STMicroelectronics.X-CUBE-EEPRMA1.4.1.0
2023-10-15 15:58:43,993 [WARN] PackLoader:240 - Cannot read IP mode file for STMicroelectronics.X-CUBE-AI.8.1.0
2023-10-15 15:58:44,008 [WARN] ConditionMgr:438 - getConditionDescription Invalid condition id : LAN8742 Phy interface Condition cause : null
2023-10-15 15:58:44,008 [WARN] PackLoader:240 - Cannot read IP mode file for STMicroelectronics.X-CUBE-AZRTOS-L4.2.0.0
2023-10-15 15:58:44,009 [WARN] ConditionMgr:1039 - genDependencies : Invalid condition id : LAN8742 Phy interface Condition cause : null
2023-10-15 15:58:44,010 [WARN] ConditionMgr:1039 - genDependencies : Invalid condition id : LAN8742 Phy interface Condition cause : null
2023-10-15 15:58:44,011 [WARN] ConditionMgr:1039 - genDependencies : Invalid condition id : LAN8742 Phy interface Condition cause : null
2023-10-15 15:58:44,017 [WARN] PackLoader:240 - Cannot read IP mode file for STMicroelectronics.X-CUBE-SFXS2LP1.4.0.0
2023-10-15 15:58:44,021 [WARN] PackLoader:240 - Cannot read IP mode file for STMicroelectronics.X-CUBE-ISPU.1.1.0
2023-10-15 15:58:44,031 [WARN] ConditionMgr:438 - getConditionDescription Invalid condition id : UX DEVICE CLASS RTOS Condition cause : null
2023-10-15 15:58:44,032 [WARN] ConditionMgr:438 - getConditionDescription Invalid condition id : UX DEVICE CLASS RTOS Condition cause : null
2023-10-15 15:58:44,033 [WARN] PackLoader:240 - Cannot read IP mode file for STMicroelectronics.X-CUBE-AZRTOS-WB.2.0.0
2023-10-15 15:58:44,035 [WARN] ConditionMgr:1039 - genDependencies : Invalid condition id : UX DEVICE CLASS RTOS Condition cause : null
2023-10-15 15:58:44,035 [WARN] ConditionMgr:1039 - genDependencies : Invalid condition id : UX DEVICE CLASS RTOS Condition cause : null
2023-10-15 15:58:44,035 [WARN] ConditionMgr:1039 - genDependencies : Invalid condition id : UX DEVICE CLASS RTOS Condition cause : null
2023-10-15 15:58:44,036 [WARN] ConditionMgr:1039 - genDependencies : Invalid condition id : UX DEVICE CLASS RTOS Condition cause : null
2023-10-15 15:58:44,036 [WARN] ConditionMgr:1039 - genDependencies : Invalid condition id : UX DEVICE CLASS RTOS Condition cause : null
2023-10-15 15:58:44,046 [WARN] PackLoader:240 - Cannot read IP mode file for STMicroelectronics.X-CUBE-SUBG2.5.0.0
2023-10-15 15:58:44,057 [WARN] PackLoader:240 - Cannot read IP mode file for STMicroelectronics.X-CUBE-TOF1.3.3.1
2023-10-15 15:58:44,072 [WARN] PackLoader:240 - Cannot read IP mode file for STMicroelectronics.X-CUBE-AZRTOS-G4.2.0.0
2023-10-15 15:58:44,080 [WARN] PackLoader:240 - Cannot read IP mode file for Infineon.AIROC-Wi-Fi-Bluetooth-STM32.1.5.1
2023-10-15 15:58:44,084 [WARN] PackLoader:240 - Cannot read IP mode file for STMicroelectronics.X-CUBE-FREERTOS.1.1.0
2023-10-15 15:58:44,087 [WARN] PackLoader:240 - Cannot read IP mode file for portGmbH.I-Cube-SoM-uGOAL.1.1.0
2023-10-15 15:58:44,089 [WARN] PackLoader:240 - Cannot read IP mode file for STMicroelectronics.X-CUBE-ALS.1.0.1
2023-10-15 15:58:44,091 [WARN] PackLoader:240 - Cannot read IP mode file for STMicroelectronics.FP-ATR-ASTRA1.2.0.0
2023-10-15 15:58:44,092 [INFO] ThirdParty:978 - Integrity check success = true
2023-10-15 15:58:44,092 [INFO] IntegrityCheckThread:100 - exiting critical section [integrity check]
2023-10-15 15:58:44,092 [INFO] IntegrityCheckThread:103 - End integrity checks thread
2023-10-15 15:59:03,325 [ERROR] LogOutputStream:75 - [STDERR_REDIRECT] SLF4J: Failed to load class "org.slf4j.impl.StaticLoggerBinder".
2023-10-15 15:59:03,325 [ERROR] LogOutputStream:75 - [STDERR_REDIRECT] SLF4J: Defaulting to no-operation (NOP) logger implementation
2023-10-15 15:59:03,325 [ERROR] LogOutputStream:75 - [STDERR_REDIRECT] SLF4J: See http://www.slf4j.org/codes.html#StaticLoggerBinder for further details.
2023-10-15 16:06:30,597 [ERROR] LogOutputStream:75 - [STDERR_REDIRECT] [Fatal Error] :1:1: Premature end of file.
2023-10-15 16:06:30,598 [ERROR] LogOutputStream:75 - [STDERR_REDIRECT] 
