2023-10-22 22:18:29,837 [INFO] Activator:176 - 


2023-10-22 22:18:29,840 [INFO] Activator:177 - !SESSION log4j initialized
2023-10-22 22:18:32,519 [INFO] LogOutputStream:77 - [STDOUT_REDIRECT] 
2023-10-22 22:18:32,935 [INFO] ApplicationProperties:184 - Using Application install path: /home/isamd/stm32/plugins/com.st.stm32cube.common.mx_6.9.2.202309101412
2023-10-22 22:18:32,946 [INFO] DbMcusXml:78 - Set database path to: /home/isamd/stm32/plugins/com.st.stm32cube.common.mx_6.9.2.202309101412//db//mcu/
2023-10-22 22:18:32,946 [INFO] ApiDb:274 - Set plugin database path to: /home/isamd/stm32/plugins/com.st.stm32cube.common.mx_6.9.2.202309101412//db//plugins/boardmanager/
2023-10-22 22:18:32,946 [WARN] ApiDb:259 - Overriding images path with different value:  => /home/isamd/stm32/plugins/com.st.stm32cube.common.mx_6.9.2.202309101412//db//plugins/mcufinder/images/
2023-10-22 22:18:32,954 [INFO] ApiDb:250 - Set database path to: /home/isamd/.stmcufinder/plugins/mcufinder//mcu/
2023-10-22 22:18:32,955 [INFO] DbMcusAds:125 - Set database path to: /home/isamd/.stmcufinder/plugins/mcufinder//mcu/
2023-10-22 22:18:32,956 [INFO] CrossReferenceDbSqlite:203 - Set database path to: /home/isamd/.stmcufinder/plugins/mcufinder//mcu/cs/
2023-10-22 22:18:33,022 [INFO] RulesReader:64 - Compatibility file has been processed (293 Rules)
2023-10-22 22:18:33,081 [INFO] DbMcusXml:78 - Set database path to: /home/isamd/stm32/plugins/com.st.stm32cube.common.mx_6.9.2.202309101412//db//mcu/
2023-10-22 22:18:33,081 [INFO] ApiDb:274 - Set plugin database path to: /home/isamd/stm32/plugins/com.st.stm32cube.common.mx_6.9.2.202309101412//db//plugins/boardmanager/
2023-10-22 22:18:33,081 [INFO] ApiDb:261 - Set plugin images path to: /home/isamd/stm32/plugins/com.st.stm32cube.common.mx_6.9.2.202309101412//db//plugins/mcufinder/images/
2023-10-22 22:18:33,082 [WARN] DbFile:41 - Overriding database path with different value: /home/isamd/.stmcufinder/plugins/mcufinder/ => /home/isamd/.stmcufinder/plugins/mcufinder
2023-10-22 22:18:33,082 [INFO] ApiDb:250 - Set database path to: /home/isamd/.stmcufinder/plugins/mcufinder//mcu/
2023-10-22 22:18:33,082 [WARN] DbFile:41 - Overriding database path with different value: /home/isamd/.stmcufinder/plugins/mcufinder/ => /home/isamd/.stmcufinder/plugins/mcufinder
2023-10-22 22:18:33,082 [INFO] DbMcusAds:125 - Set database path to: /home/isamd/.stmcufinder/plugins/mcufinder//mcu/
2023-10-22 22:18:33,082 [WARN] DbFile:41 - Overriding database path with different value: /home/isamd/.stmcufinder/plugins/mcufinder/ => /home/isamd/.stmcufinder/plugins/mcufinder
2023-10-22 22:18:33,082 [WARN] DbFile:41 - Overriding database path with different value: /home/isamd/.stmcufinder/plugins/mcufinder/ => /home/isamd/.stmcufinder/plugins/mcufinder
2023-10-22 22:18:33,082 [INFO] CrossReferenceDbSqlite:203 - Set database path to: /home/isamd/.stmcufinder/plugins/mcufinder//mcu/cs/
2023-10-22 22:18:33,130 [INFO] MainPanel:262 - HeapMemory: 268435456
2023-10-22 22:18:33,188 [INFO] DbMcusXml:78 - Set database path to: /home/isamd/stm32/plugins/com.st.stm32cube.common.mx_6.9.2.202309101412//db//mcu/
2023-10-22 22:18:33,188 [INFO] ApiDb:274 - Set plugin database path to: /home/isamd/stm32/plugins/com.st.stm32cube.common.mx_6.9.2.202309101412//db//plugins/boardmanager/
2023-10-22 22:18:33,188 [INFO] ApiDb:261 - Set plugin images path to: /home/isamd/stm32/plugins/com.st.stm32cube.common.mx_6.9.2.202309101412//db//plugins/mcufinder/images/
2023-10-22 22:18:33,189 [WARN] DbFile:41 - Overriding database path with different value: /home/isamd/.stmcufinder/plugins/mcufinder/ => /home/isamd/.stmcufinder/plugins/mcufinder
2023-10-22 22:18:33,189 [INFO] ApiDb:250 - Set database path to: /home/isamd/.stmcufinder/plugins/mcufinder//mcu/
2023-10-22 22:18:33,189 [WARN] DbFile:41 - Overriding database path with different value: /home/isamd/.stmcufinder/plugins/mcufinder/ => /home/isamd/.stmcufinder/plugins/mcufinder
2023-10-22 22:18:33,189 [INFO] DbMcusAds:125 - Set database path to: /home/isamd/.stmcufinder/plugins/mcufinder//mcu/
2023-10-22 22:18:33,189 [WARN] DbFile:41 - Overriding database path with different value: /home/isamd/.stmcufinder/plugins/mcufinder/ => /home/isamd/.stmcufinder/plugins/mcufinder
2023-10-22 22:18:33,189 [WARN] DbFile:41 - Overriding database path with different value: /home/isamd/.stmcufinder/plugins/mcufinder/ => /home/isamd/.stmcufinder/plugins/mcufinder
2023-10-22 22:18:33,189 [INFO] CrossReferenceDbSqlite:203 - Set database path to: /home/isamd/.stmcufinder/plugins/mcufinder//mcu/cs/
2023-10-22 22:18:33,199 [INFO] ApplicationProperties:184 - Using Application install path: /home/isamd/stm32/plugins/com.st.stm32cube.common.mx_6.9.2.202309101412
2023-10-22 22:18:33,200 [INFO] PluginManage:196 - Search for loadable plugins [exclusion list=, ]
2023-10-22 22:18:33,200 [INFO] PluginManage:310 - Check plugin analytics
2023-10-22 22:18:33,317 [INFO] AnalyticsPlugin:253 - Accepted Software Licenses: 
2023-10-22 22:18:33,317 [INFO] AnalyticsPlugin:255 - Accepted CMSIS Pack Licenses: 
2023-10-22 22:18:33,317 [INFO] AnalyticsPlugin:257 - Accepted Firmware Licenses: 
2023-10-22 22:18:33,319 [INFO] PluginManage:359 - Loaded plugin analytics (category:tool,tabindex:-1)
2023-10-22 22:18:33,319 [INFO] PluginManage:310 - Check plugin cadmodel
2023-10-22 22:18:33,342 [INFO] CADModel:105 - Init CAD model plugin
2023-10-22 22:18:33,342 [INFO] PluginManage:359 - Loaded plugin cadmodel (category:power,tabindex:5)
2023-10-22 22:18:33,342 [INFO] PluginManage:310 - Check plugin clock
2023-10-22 22:18:33,350 [INFO] PluginManage:359 - Loaded plugin clock (category:base,tabindex:2)
2023-10-22 22:18:33,350 [INFO] PluginManage:310 - Check plugin ddr
2023-10-22 22:18:33,352 [INFO] PluginManage:359 - Loaded plugin ddr (category:tool,tabindex:6)
2023-10-22 22:18:33,352 [INFO] PluginManage:310 - Check plugin filemanager
2023-10-22 22:18:33,440 [INFO] PluginManage:359 - Loaded plugin filemanager (category:base,tabindex:10)
2023-10-22 22:18:33,441 [INFO] PluginManage:310 - Check plugin ipmanager
2023-10-22 22:18:33,445 [INFO] PluginManage:359 - Loaded plugin ipmanager (category:base,tabindex:5)
2023-10-22 22:18:33,445 [INFO] PluginManage:310 - Check plugin lpbam
2023-10-22 22:18:33,454 [INFO] PluginManage:359 - Loaded plugin lpbam (category:base,tabindex:0)
2023-10-22 22:18:33,454 [INFO] PluginManage:310 - Check plugin memorymap
2023-10-22 22:18:33,464 [INFO] PluginManage:359 - Loaded plugin memorymap (category:base,tabindex:4)
2023-10-22 22:18:33,464 [INFO] PluginManage:310 - Check plugin pinoutandconfiguration
2023-10-22 22:18:33,470 [INFO] PluginManage:359 - Loaded plugin pinoutandconfiguration (category:base,tabindex:1)
2023-10-22 22:18:33,470 [INFO] PluginManage:310 - Check plugin pinoutconfig
2023-10-22 22:18:33,524 [WARN] SupportedApi:132 - Cannot load RTOS API schema: s4s-elt-must-match.1: The content of 'definitions' must match (annotation?, (simpleType | complexType)?, (unique | key | keyref)*)). A problem was found starting at: attribute.
2023-10-22 22:18:33,596 [INFO] PluginManage:359 - Loaded plugin pinoutconfig (category:base,tabindex:0)
2023-10-22 22:18:33,597 [INFO] PluginManage:310 - Check plugin power
2023-10-22 22:18:33,604 [INFO] PluginManage:359 - Loaded plugin power (category:power,tabindex:4)
2023-10-22 22:18:33,605 [INFO] PluginManage:310 - Check plugin projectmanager
2023-10-22 22:18:33,612 [INFO] PluginManage:359 - Loaded plugin projectmanager (category:projectmanager,tabindex:3)
2023-10-22 22:18:33,612 [INFO] PluginManage:310 - Check plugin thirdparty
2023-10-22 22:18:33,677 [INFO] PluginManage:359 - Loaded plugin thirdparty (category:base,tabindex:-1)
2023-10-22 22:18:33,677 [WARN] IntegrityCheckThread:84 - waiting for thirdparty lock release [integrity check]
2023-10-22 22:18:33,678 [INFO] PluginManage:310 - Check plugin tools
2023-10-22 22:18:33,678 [INFO] IntegrityCheckThread:86 - entering critical section [integrity check]
2023-10-22 22:18:33,678 [INFO] ThirdPartyUpdaterWithRetryManager:70 - Updater plugin not ready yet. [1/15]
2023-10-22 22:18:33,679 [INFO] PluginManage:359 - Loaded plugin tools (category:base,tabindex:7)
2023-10-22 22:18:33,679 [INFO] PluginManage:310 - Check plugin tutovideos
2023-10-22 22:18:33,778 [INFO] PluginManage:359 - Loaded plugin tutovideos (category:base,tabindex:-1)
2023-10-22 22:18:33,779 [INFO] PluginManage:310 - Check plugin updater
2023-10-22 22:18:33,787 [INFO] PluginManage:359 - Loaded plugin updater (category:base,tabindex:12)
2023-10-22 22:18:33,787 [INFO] PluginManage:310 - Check plugin userauth
2023-10-22 22:18:33,791 [INFO] UserAuth:113 - Init User Auth plugin
2023-10-22 22:18:33,791 [INFO] PluginManage:359 - Loaded plugin userauth (category:base,tabindex:14)
2023-10-22 22:18:33,791 [INFO] PluginManage:283 - PluginManage : Loaded plugins [17]
2023-10-22 22:18:33,896 [INFO] PinOutPanel:1499 - setPackage(No Configuration,No Configuration)
2023-10-22 22:18:33,951 [INFO] CADModel:165 - CPN selected for project level
2023-10-22 22:18:33,951 [INFO] CADModel:114 - Register for checkConnection events
2023-10-22 22:18:33,962 [INFO] IPUIPlugin:80 - create IPUIPlugin
2023-10-22 22:18:33,962 [INFO] PluginManager:220 - loadIPPluginJar : add lorawan
2023-10-22 22:18:33,966 [INFO] IPUIPlugin:80 - create IPUIPlugin
2023-10-22 22:18:33,966 [INFO] PluginManager:220 - loadIPPluginJar : add gpio
2023-10-22 22:18:33,972 [INFO] IPUIPlugin:80 - create IPUIPlugin
2023-10-22 22:18:33,972 [INFO] PluginManager:220 - loadIPPluginJar : add freertos
2023-10-22 22:18:33,973 [INFO] IPUIPlugin:80 - create IPUIPlugin
2023-10-22 22:18:33,973 [INFO] PluginManager:220 - loadIPPluginJar : add genericplugin
2023-10-22 22:18:33,975 [INFO] IPUIPlugin:80 - create IPUIPlugin
2023-10-22 22:18:33,975 [INFO] PluginManager:220 - loadIPPluginJar : add i3c
2023-10-22 22:18:33,977 [INFO] IPUIPlugin:80 - create IPUIPlugin
2023-10-22 22:18:33,978 [INFO] PluginManager:220 - loadIPPluginJar : add ipddr
2023-10-22 22:18:33,979 [INFO] IPUIPlugin:80 - create IPUIPlugin
2023-10-22 22:18:33,979 [INFO] PluginManager:220 - loadIPPluginJar : add i2s
2023-10-22 22:18:33,980 [INFO] IPUIPlugin:80 - create IPUIPlugin
2023-10-22 22:18:33,980 [INFO] PluginManager:220 - loadIPPluginJar : add fatfs
2023-10-22 22:18:33,983 [INFO] IPUIPlugin:80 - create IPUIPlugin
2023-10-22 22:18:33,983 [INFO] PluginManager:220 - loadIPPluginJar : add usbx
2023-10-22 22:18:33,988 [INFO] IPUIPlugin:80 - create IPUIPlugin
2023-10-22 22:18:33,988 [INFO] PluginManager:220 - loadIPPluginJar : add resmgrutility
2023-10-22 22:18:33,990 [INFO] IPUIPlugin:80 - create IPUIPlugin
2023-10-22 22:18:33,990 [INFO] PluginManager:220 - loadIPPluginJar : add sai
2023-10-22 22:18:33,992 [INFO] IPUIPlugin:80 - create IPUIPlugin
2023-10-22 22:18:33,993 [INFO] PluginManager:220 - loadIPPluginJar : add openamp
2023-10-22 22:18:33,993 [INFO] IPUIPlugin:80 - create IPUIPlugin
2023-10-22 22:18:33,993 [INFO] PluginManager:220 - loadIPPluginJar : add ltdc
2023-10-22 22:18:33,997 [INFO] IPUIPlugin:80 - create IPUIPlugin
2023-10-22 22:18:33,998 [INFO] PluginManager:220 - loadIPPluginJar : add stm32_wpan
2023-10-22 22:18:34,001 [INFO] IPUIPlugin:80 - create IPUIPlugin
2023-10-22 22:18:34,001 [INFO] PluginManager:220 - loadIPPluginJar : add cryp
2023-10-22 22:18:34,004 [INFO] IPUIPlugin:80 - create IPUIPlugin
2023-10-22 22:18:34,004 [INFO] PluginManager:220 - loadIPPluginJar : add touchsensing
2023-10-22 22:18:34,007 [INFO] IPUIPlugin:80 - create IPUIPlugin
2023-10-22 22:18:34,007 [INFO] PluginManager:220 - loadIPPluginJar : add gtzc
2023-10-22 22:18:34,011 [INFO] IPUIPlugin:80 - create IPUIPlugin
2023-10-22 22:18:34,011 [INFO] PluginManager:220 - loadIPPluginJar : add gic
2023-10-22 22:18:34,013 [INFO] IPUIPlugin:80 - create IPUIPlugin
2023-10-22 22:18:34,013 [INFO] PluginManager:220 - loadIPPluginJar : add hash
2023-10-22 22:18:34,014 [INFO] IPUIPlugin:80 - create IPUIPlugin
2023-10-22 22:18:34,014 [INFO] PluginManager:220 - loadIPPluginJar : add tim
2023-10-22 22:18:34,019 [INFO] IPUIPlugin:80 - create IPUIPlugin
2023-10-22 22:18:34,019 [INFO] PluginManager:220 - loadIPPluginJar : add fmc
2023-10-22 22:18:34,021 [INFO] IPUIPlugin:80 - create IPUIPlugin
2023-10-22 22:18:34,021 [INFO] PluginManager:220 - loadIPPluginJar : add ucpd
2023-10-22 22:18:34,022 [INFO] IPUIPlugin:80 - create IPUIPlugin
2023-10-22 22:18:34,022 [INFO] PluginManager:220 - loadIPPluginJar : add gfxmmu
2023-10-22 22:18:34,024 [INFO] IPUIPlugin:80 - create IPUIPlugin
2023-10-22 22:18:34,024 [INFO] PluginManager:220 - loadIPPluginJar : add spi
2023-10-22 22:18:34,025 [INFO] IPUIPlugin:80 - create IPUIPlugin
2023-10-22 22:18:34,026 [INFO] PluginManager:220 - loadIPPluginJar : add can
2023-10-22 22:18:34,026 [INFO] IPUIPlugin:80 - create IPUIPlugin
2023-10-22 22:18:34,027 [INFO] PluginManager:220 - loadIPPluginJar : add comp
2023-10-22 22:18:34,032 [INFO] IPUIPlugin:80 - create IPUIPlugin
2023-10-22 22:18:34,032 [INFO] PluginManager:220 - loadIPPluginJar : add mdma
2023-10-22 22:18:34,034 [INFO] IPUIPlugin:80 - create IPUIPlugin
2023-10-22 22:18:34,035 [INFO] PluginManager:220 - loadIPPluginJar : add usart
2023-10-22 22:18:34,036 [INFO] IPUIPlugin:80 - create IPUIPlugin
2023-10-22 22:18:34,036 [INFO] PluginManager:220 - loadIPPluginJar : add tsc
2023-10-22 22:18:34,041 [INFO] IPUIPlugin:80 - create IPUIPlugin
2023-10-22 22:18:34,041 [INFO] PluginManager:220 - loadIPPluginJar : add linkedlist
2023-10-22 22:18:34,043 [INFO] IPUIPlugin:80 - create IPUIPlugin
2023-10-22 22:18:34,043 [INFO] PluginManager:220 - loadIPPluginJar : add opamp
2023-10-22 22:18:34,044 [INFO] IPUIPlugin:80 - create IPUIPlugin
2023-10-22 22:18:34,044 [INFO] PluginManager:220 - loadIPPluginJar : add ts
2023-10-22 22:18:34,045 [INFO] IPUIPlugin:80 - create IPUIPlugin
2023-10-22 22:18:34,045 [INFO] PluginManager:220 - loadIPPluginJar : add quadspi
2023-10-22 22:18:34,046 [INFO] IPUIPlugin:80 - create IPUIPlugin
2023-10-22 22:18:34,046 [INFO] PluginManager:220 - loadIPPluginJar : add i2c
2023-10-22 22:18:34,048 [INFO] IPUIPlugin:80 - create IPUIPlugin
2023-10-22 22:18:34,048 [INFO] PluginManager:220 - loadIPPluginJar : add tracer_emb
2023-10-22 22:18:34,053 [INFO] IPUIPlugin:80 - create IPUIPlugin
2023-10-22 22:18:34,053 [INFO] PluginManager:220 - loadIPPluginJar : add adc
2023-10-22 22:18:34,057 [INFO] IPUIPlugin:80 - create IPUIPlugin
2023-10-22 22:18:34,059 [INFO] PluginManager:220 - loadIPPluginJar : add plateformsettings
2023-10-22 22:18:34,060 [INFO] IPUIPlugin:80 - create IPUIPlugin
2023-10-22 22:18:34,060 [INFO] PluginManager:220 - loadIPPluginJar : add dma3
2023-10-22 22:18:34,064 [INFO] IPUIPlugin:80 - create IPUIPlugin
2023-10-22 22:18:34,064 [INFO] PluginManager:220 - loadIPPluginJar : add dma
2023-10-22 22:18:34,066 [INFO] IPUIPlugin:80 - create IPUIPlugin
2023-10-22 22:18:34,066 [INFO] PluginManager:220 - loadIPPluginJar : add dfsdm
2023-10-22 22:18:34,067 [INFO] IPUIPlugin:80 - create IPUIPlugin
2023-10-22 22:18:34,067 [INFO] PluginManager:220 - loadIPPluginJar : add pdm2pcm
2023-10-22 22:18:34,068 [INFO] IPUIPlugin:80 - create IPUIPlugin
2023-10-22 22:18:34,068 [INFO] PluginManager:220 - loadIPPluginJar : add aes
2023-10-22 22:18:34,070 [INFO] IPUIPlugin:80 - create IPUIPlugin
2023-10-22 22:18:34,070 [INFO] PluginManager:220 - loadIPPluginJar : add nvic
2023-10-22 22:18:34,159 [INFO] CADModel:165 - CPN selected for project level
2023-10-22 22:18:34,159 [INFO] CADModel:114 - Register for checkConnection events
2023-10-22 22:18:34,159 [FATAL] Updater:308 - Updater called before beeing initialized
2023-10-22 22:18:34,159 [ERROR] CADModel:125 - Updater not yet initialized, retry later 
2023-10-22 22:18:34,231 [INFO] CADModel:165 - CPN selected for project level
2023-10-22 22:18:34,231 [INFO] CADModel:114 - Register for checkConnection events
2023-10-22 22:18:34,232 [FATAL] Updater:308 - Updater called before beeing initialized
2023-10-22 22:18:34,232 [ERROR] CADModel:125 - Updater not yet initialized, retry later 
2023-10-22 22:18:34,234 [FATAL] Updater:308 - Updater called before beeing initialized
2023-10-22 22:18:34,277 [FATAL] Updater:308 - Updater called before beeing initialized
2023-10-22 22:18:34,281 [INFO] DbMcusAds:53 - JSON generation date=Tue Mar 07 09:50:55 CET 2023 (1678179055114)
2023-10-22 22:18:34,281 [FATAL] Updater:308 - Updater called before beeing initialized
2023-10-22 22:18:34,306 [WARN] DetailPanel:346 - Failed to get advertising image, set to default
2023-10-22 22:18:34,365 [FATAL] Updater:308 - Updater called before beeing initialized
2023-10-22 22:18:34,367 [FATAL] Updater:308 - Updater called before beeing initialized
2023-10-22 22:18:34,367 [FATAL] Updater:308 - Updater called before beeing initialized
2023-10-22 22:18:34,367 [WARN] DetailPanel:346 - Failed to get advertising image, set to default
2023-10-22 22:18:34,368 [FATAL] Updater:308 - Updater called before beeing initialized
2023-10-22 22:18:34,386 [ERROR] Updater:1120 - MainUpdater not yet initialized. External WinMGr cannot be set.
2023-10-22 22:18:34,387 [INFO] Updater:1056 - Updater Version found : 6.9.2
2023-10-22 22:18:34,401 [INFO] ApplicationProperties:184 - Using Application install path: /home/isamd/stm32/plugins/com.st.stm32cube.common.mx_6.9.2.202309101412
2023-10-22 22:18:34,481 [INFO] MainUpdater:2868 - connection check result : 10
2023-10-22 22:18:34,481 [INFO] MainUpdater:3562 - Updater definition file requires update
2023-10-22 22:18:34,482 [INFO] MainUpdater:285 - Updater Check For Update Now.
2023-10-22 22:18:34,482 [INFO] MicroXplorer:498 - Change Database Version : DB.6.0.92
2023-10-22 22:18:34,485 [INFO] McuFinderGlobals:63 - Set McuFinder mode to 2 (CubeIDE integrated)
2023-10-22 22:18:34,485 [INFO] UserAuth:179 - activating auth plugin
2023-10-22 22:18:34,487 [INFO] UserAuth:393 - Internet connection configuration mode: 1
2023-10-22 22:18:34,495 [INFO] JxBrowserEngine:151 - Initiate JxBrowser Engine with user profile folder
2023-10-22 22:18:34,850 [INFO] ServerAccessManage:473 - Download File updaters.zip
2023-10-22 22:18:34,907 [INFO] FileExtend:240 - Unzip File : updaters.zip
2023-10-22 22:18:34,907 [INFO] FileExtend:255 - Standard Zip Deflate
2023-10-22 22:18:35,003 [INFO] WebApp:157 - Instantiating new browser for Auth
2023-10-22 22:18:35,035 [INFO] ServerAccessManage:473 - Download File PacksControlFlags.xml
2023-10-22 22:18:35,075 [INFO] ServerAccessManage:473 - Download File cubemx.pidx
2023-10-22 22:18:35,562 [INFO] ServerAccessManage:473 - Download File STMicroelectronics.X-CUBE-MEMS1.pdsc
2023-10-22 22:18:36,026 [INFO] WebApp:753 - Register for checkConnection events
2023-10-22 22:18:36,027 [INFO] WebApp:390 - Apply proxy settings
2023-10-22 22:18:36,027 [INFO] WebApp:475 - Chromium requires no authentication
2023-10-22 22:18:36,030 [INFO] WebApp:418 - Direct internet connection detected
2023-10-22 22:18:36,108 [INFO] WebApp:188 - Starting web application
2023-10-22 22:18:36,109 [INFO] WebApp:520 - Web application path used /home/isamd/stm32/plugins/com.st.stm32cube.common.mx_6.9.2.202309101412/db/plugins/mcufinder/reactClient1/index.html
2023-10-22 22:18:36,679 [WARN] MainUpdater:1189 - Updater busy. Cannot search thirdparties
2023-10-22 22:18:36,679 [INFO] ThirdPartyUpdaterWithRetryManager:96 - Updater plugin is busy. [1/15]
2023-10-22 22:18:37,611 [ERROR] ServerAccessManage:1096 - Problem, Http access forbiden
2023-10-22 22:18:37,612 [ERROR] ServerAccessManage:651 - Problem, Http access forbiden : RoweBots.I-CUBE-UNISONRTOS.pdsc.
2023-10-22 22:18:37,770 [WARN] PackLoader:240 - Cannot read IP mode file for STMicroelectronics.X-CUBE-MEMS1.10.0.0
2023-10-22 22:18:37,839 [INFO] CheckServerUpdateThread:120 - End of CheckServer Thread
2023-10-22 22:18:37,859 [INFO] PopulateThirdPartyThread:66 - Ending populate Thread
2023-10-22 22:18:37,860 [INFO] ThirdParty:1030 - CMSIS Pack Vendor :STMicroelectronics X-CUBE-MEMS1 10.0.0
2023-10-22 22:18:37,860 [INFO] LoadServerUpdatesThread:373 - End of LoadServerUpdate Thread
2023-10-22 22:18:39,779 [WARN] PackLoader:240 - Cannot read IP mode file for STMicroelectronics.X-CUBE-SMBUS.2.1.0
2023-10-22 22:18:39,792 [WARN] PackLoader:240 - Cannot read IP mode file for STMicroelectronics.X-CUBE-AZRTOS-F7.1.1.0
2023-10-22 22:18:39,797 [WARN] PackLoader:240 - Cannot read IP mode file for STMicroelectronics.FP-SNS-MOTENV1.4.3.2
2023-10-22 22:18:39,800 [WARN] PackLoader:240 - Cannot read IP mode file for STMicroelectronics.FP-SNS-FLIGHT1.5.0.2
2023-10-22 22:18:39,803 [WARN] PackLoader:240 - Cannot read IP mode file for STMicroelectronics.X-CUBE-DISPLAY.3.0.0
2023-10-22 22:18:39,808 [WARN] PackLoader:240 - Cannot read IP mode file for STMicroelectronics.X-CUBE-BLE1.7.0.0
2023-10-22 22:18:39,810 [WARN] PackLoader:240 - Cannot read IP mode file for emotas.I-CUBE-CANOPEN.1.3.0
2023-10-22 22:18:39,811 [WARN] PackLoader:240 - Cannot read IP mode file for STMicroelectronics.X-CUBE-TOUCHGFX.4.22.0
2023-10-22 22:18:39,812 [WARN] PackLoader:240 - Cannot read IP mode file for STMicroelectronics.X-CUBE-TOUCHGFX.4.22.1
2023-10-22 22:18:39,813 [WARN] PackLoader:240 - Cannot read IP mode file for STMicroelectronics.FP-SNS-SMARTAG2.1.2.0
2023-10-22 22:18:39,817 [INFO] LogOutputStream:77 - [STDOUT_REDIRECT] 1 : Invalid condition id : UX_CORESTACK_Condition cause : null
2023-10-22 22:18:39,818 [INFO] LogOutputStream:77 - [STDOUT_REDIRECT] 1 : Invalid condition id : UX_CORESTACK_Condition cause : null
2023-10-22 22:18:39,818 [INFO] LogOutputStream:77 - [STDOUT_REDIRECT] 1 : Invalid condition id : UX_CORESTACK_Condition cause : null
2023-10-22 22:18:39,818 [INFO] LogOutputStream:77 - [STDOUT_REDIRECT] 1 : Invalid condition id : UX_CORESTACK_Condition cause : null
2023-10-22 22:18:39,818 [INFO] LogOutputStream:77 - [STDOUT_REDIRECT] 1 : Invalid condition id : UX_CORESTACK_Condition cause : null
2023-10-22 22:18:39,820 [WARN] PackLoader:240 - Cannot read IP mode file for STMicroelectronics.X-CUBE-AZRTOS-WL.2.0.0
2023-10-22 22:18:39,824 [WARN] PackLoader:240 - Cannot read IP mode file for WES.I-CUBE-Cesium.1.3.0
2023-10-22 22:18:39,825 [WARN] PackLoader:240 - Cannot read IP mode file for STMicroelectronics.X-CUBE-BLE2.3.3.0
2023-10-22 22:18:39,828 [WARN] PackLoader:240 - Cannot read IP mode file for STMicroelectronics.X-CUBE-ALGOBUILD.1.3.0
2023-10-22 22:18:39,836 [WARN] PackLoader:240 - Cannot read IP mode file for STMicroelectronics.X-CUBE-AZRTOS-G0.1.1.0
2023-10-22 22:18:39,840 [WARN] PackLoader:240 - Cannot read IP mode file for STMicroelectronics.X-CUBE-NFC4.3.0.0
2023-10-22 22:18:39,842 [WARN] PackLoader:240 - Cannot read IP mode file for STMicroelectronics.FP-ATR-SIGFOX1.3.2.0
2023-10-22 22:18:39,859 [WARN] PackLoader:240 - Cannot read IP mode file for SEGGER.I-CUBE-embOS.1.3.1
2023-10-22 22:18:39,883 [WARN] PackLoader:240 - Cannot read IP mode file for STMicroelectronics.X-CUBE-GNSS1.6.0.0
2023-10-22 22:18:39,892 [WARN] PackLoader:240 - Cannot read IP mode file for STMicroelectronics.X-CUBE-AZRTOS-F4.1.1.0
2023-10-22 22:18:39,896 [WARN] PackLoader:240 - Cannot read IP mode file for wolfSSL.I-CUBE-wolfSSL.5.6.3
2023-10-22 22:18:39,910 [WARN] PackLoader:240 - Cannot read IP mode file for STMicroelectronics.X-CUBE-AZRTOS-L5.2.0.0
2023-10-22 22:18:39,932 [WARN] PackLoader:240 - Cannot read IP mode file for STMicroelectronics.X-CUBE-MEMS1.9.6.0
2023-10-22 22:18:40,015 [WARN] PackLoader:240 - Cannot read IP mode file for ITTIA_DB.I-CUBE-ITTIADB.8.8.0
2023-10-22 22:18:40,019 [WARN] PackLoader:240 - Cannot read IP mode file for STMicroelectronics.X-CUBE-BLEMGR.2.0.0
2023-10-22 22:18:40,028 [WARN] ConditionMgr:438 - getConditionDescription Invalid condition id : UX DEVICE CLASS RTOS Condition cause : null
2023-10-22 22:18:40,028 [WARN] ConditionMgr:438 - getConditionDescription Invalid condition id : UX DEVICE CLASS RTOS Condition cause : null
2023-10-22 22:18:40,030 [WARN] PackLoader:240 - Cannot read IP mode file for STMicroelectronics.X-CUBE-AZRTOS-H7.3.1.0
2023-10-22 22:18:40,030 [WARN] ConditionMgr:1039 - genDependencies : Invalid condition id : UX DEVICE CLASS RTOS Condition cause : null
2023-10-22 22:18:40,030 [WARN] ConditionMgr:1039 - genDependencies : Invalid condition id : UX DEVICE CLASS RTOS Condition cause : null
2023-10-22 22:18:40,031 [WARN] ConditionMgr:1039 - genDependencies : Invalid condition id : UX DEVICE CLASS RTOS Condition cause : null
2023-10-22 22:18:40,031 [WARN] ConditionMgr:1039 - genDependencies : Invalid condition id : UX DEVICE CLASS RTOS Condition cause : null
2023-10-22 22:18:40,031 [WARN] ConditionMgr:1039 - genDependencies : Invalid condition id : UX DEVICE CLASS RTOS Condition cause : null
2023-10-22 22:18:40,034 [WARN] PackLoader:240 - Cannot read IP mode file for STMicroelectronics.X-CUBE-NFC7.1.0.1
2023-10-22 22:18:40,038 [WARN] PackLoader:240 - Cannot read IP mode file for STMicroelectronics.X-CUBE-NFC6.3.0.0
2023-10-22 22:18:40,041 [WARN] PackLoader:240 - Cannot read IP mode file for STMicroelectronics.X-CUBE-EEPRMA1.4.1.0
2023-10-22 22:18:40,044 [WARN] PackLoader:240 - Cannot read IP mode file for STMicroelectronics.X-CUBE-AI.8.1.0
2023-10-22 22:18:40,052 [WARN] ConditionMgr:438 - getConditionDescription Invalid condition id : LAN8742 Phy interface Condition cause : null
2023-10-22 22:18:40,053 [WARN] PackLoader:240 - Cannot read IP mode file for STMicroelectronics.X-CUBE-AZRTOS-L4.2.0.0
2023-10-22 22:18:40,054 [WARN] ConditionMgr:1039 - genDependencies : Invalid condition id : LAN8742 Phy interface Condition cause : null
2023-10-22 22:18:40,054 [WARN] ConditionMgr:1039 - genDependencies : Invalid condition id : LAN8742 Phy interface Condition cause : null
2023-10-22 22:18:40,055 [WARN] ConditionMgr:1039 - genDependencies : Invalid condition id : LAN8742 Phy interface Condition cause : null
2023-10-22 22:18:40,059 [WARN] PackLoader:240 - Cannot read IP mode file for STMicroelectronics.X-CUBE-SFXS2LP1.4.0.0
2023-10-22 22:18:40,062 [WARN] PackLoader:240 - Cannot read IP mode file for STMicroelectronics.X-CUBE-ISPU.1.1.0
2023-10-22 22:18:40,067 [WARN] ConditionMgr:438 - getConditionDescription Invalid condition id : UX DEVICE CLASS RTOS Condition cause : null
2023-10-22 22:18:40,068 [WARN] ConditionMgr:438 - getConditionDescription Invalid condition id : UX DEVICE CLASS RTOS Condition cause : null
2023-10-22 22:18:40,069 [WARN] PackLoader:240 - Cannot read IP mode file for STMicroelectronics.X-CUBE-AZRTOS-WB.2.0.0
2023-10-22 22:18:40,069 [WARN] ConditionMgr:1039 - genDependencies : Invalid condition id : UX DEVICE CLASS RTOS Condition cause : null
2023-10-22 22:18:40,069 [WARN] ConditionMgr:1039 - genDependencies : Invalid condition id : UX DEVICE CLASS RTOS Condition cause : null
2023-10-22 22:18:40,069 [WARN] ConditionMgr:1039 - genDependencies : Invalid condition id : UX DEVICE CLASS RTOS Condition cause : null
2023-10-22 22:18:40,069 [WARN] ConditionMgr:1039 - genDependencies : Invalid condition id : UX DEVICE CLASS RTOS Condition cause : null
2023-10-22 22:18:40,069 [WARN] ConditionMgr:1039 - genDependencies : Invalid condition id : UX DEVICE CLASS RTOS Condition cause : null
2023-10-22 22:18:40,074 [WARN] PackLoader:240 - Cannot read IP mode file for STMicroelectronics.X-CUBE-SUBG2.5.0.0
2023-10-22 22:18:40,081 [WARN] PackLoader:240 - Cannot read IP mode file for STMicroelectronics.X-CUBE-TOF1.3.3.1
2023-10-22 22:18:40,093 [WARN] PackLoader:240 - Cannot read IP mode file for STMicroelectronics.X-CUBE-AZRTOS-G4.2.0.0
2023-10-22 22:18:40,099 [WARN] PackLoader:240 - Cannot read IP mode file for Infineon.AIROC-Wi-Fi-Bluetooth-STM32.1.5.1
2023-10-22 22:18:40,119 [WARN] PackLoader:240 - Cannot read IP mode file for STMicroelectronics.X-CUBE-MEMS1.10.0.0
2023-10-22 22:18:40,176 [WARN] PackLoader:240 - Cannot read IP mode file for STMicroelectronics.X-CUBE-FREERTOS.1.1.0
2023-10-22 22:18:40,180 [WARN] PackLoader:240 - Cannot read IP mode file for portGmbH.I-Cube-SoM-uGOAL.1.1.0
2023-10-22 22:18:40,182 [WARN] PackLoader:240 - Cannot read IP mode file for STMicroelectronics.X-CUBE-ALS.1.0.1
2023-10-22 22:18:40,185 [WARN] PackLoader:240 - Cannot read IP mode file for STMicroelectronics.FP-ATR-ASTRA1.2.0.0
2023-10-22 22:18:40,186 [INFO] ThirdParty:978 - Integrity check success = true
2023-10-22 22:18:40,186 [INFO] IntegrityCheckThread:100 - exiting critical section [integrity check]
2023-10-22 22:18:40,186 [INFO] IntegrityCheckThread:103 - End integrity checks thread
2023-10-22 22:18:56,546 [ERROR] LogOutputStream:75 - [STDERR_REDIRECT] SLF4J: Failed to load class "org.slf4j.impl.StaticLoggerBinder".
2023-10-22 22:18:56,546 [ERROR] LogOutputStream:75 - [STDERR_REDIRECT] SLF4J: Defaulting to no-operation (NOP) logger implementation
2023-10-22 22:18:56,547 [ERROR] LogOutputStream:75 - [STDERR_REDIRECT] SLF4J: See http://www.slf4j.org/codes.html#StaticLoggerBinder for further details.
