2023-10-02 00:39:17,682 [INFO] Activator:176 - 


2023-10-02 00:39:17,685 [INFO] Activator:177 - !SESSION log4j initialized
2023-10-02 00:39:20,228 [INFO] LogOutputStream:77 - [STDOUT_REDIRECT] 
2023-10-02 00:39:20,612 [INFO] ApplicationProperties:184 - Using Application install path: /home/isamd/stm32/plugins/com.st.stm32cube.common.mx_6.9.2.202309101412
2023-10-02 00:39:20,624 [INFO] DbMcusXml:78 - Set database path to: /home/isamd/stm32/plugins/com.st.stm32cube.common.mx_6.9.2.202309101412//db//mcu/
2023-10-02 00:39:20,624 [INFO] ApiDb:274 - Set plugin database path to: /home/isamd/stm32/plugins/com.st.stm32cube.common.mx_6.9.2.202309101412//db//plugins/boardmanager/
2023-10-02 00:39:20,624 [WARN] ApiDb:259 - Overriding images path with different value:  => /home/isamd/stm32/plugins/com.st.stm32cube.common.mx_6.9.2.202309101412//db//plugins/mcufinder/images/
2023-10-02 00:39:20,631 [INFO] ApiDb:250 - Set database path to: /home/isamd/.stmcufinder/plugins/mcufinder//mcu/
2023-10-02 00:39:20,632 [INFO] DbMcusAds:125 - Set database path to: /home/isamd/.stmcufinder/plugins/mcufinder//mcu/
2023-10-02 00:39:20,634 [INFO] CrossReferenceDbSqlite:203 - Set database path to: /home/isamd/.stmcufinder/plugins/mcufinder//mcu/cs/
2023-10-02 00:39:20,706 [INFO] RulesReader:64 - Compatibility file has been processed (293 Rules)
2023-10-02 00:39:20,745 [INFO] DbMcusXml:78 - Set database path to: /home/isamd/stm32/plugins/com.st.stm32cube.common.mx_6.9.2.202309101412//db//mcu/
2023-10-02 00:39:20,745 [INFO] ApiDb:274 - Set plugin database path to: /home/isamd/stm32/plugins/com.st.stm32cube.common.mx_6.9.2.202309101412//db//plugins/boardmanager/
2023-10-02 00:39:20,745 [INFO] ApiDb:261 - Set plugin images path to: /home/isamd/stm32/plugins/com.st.stm32cube.common.mx_6.9.2.202309101412//db//plugins/mcufinder/images/
2023-10-02 00:39:20,745 [WARN] DbFile:41 - Overriding database path with different value: /home/isamd/.stmcufinder/plugins/mcufinder/ => /home/isamd/.stmcufinder/plugins/mcufinder
2023-10-02 00:39:20,745 [INFO] ApiDb:250 - Set database path to: /home/isamd/.stmcufinder/plugins/mcufinder//mcu/
2023-10-02 00:39:20,745 [WARN] DbFile:41 - Overriding database path with different value: /home/isamd/.stmcufinder/plugins/mcufinder/ => /home/isamd/.stmcufinder/plugins/mcufinder
2023-10-02 00:39:20,745 [INFO] DbMcusAds:125 - Set database path to: /home/isamd/.stmcufinder/plugins/mcufinder//mcu/
2023-10-02 00:39:20,745 [WARN] DbFile:41 - Overriding database path with different value: /home/isamd/.stmcufinder/plugins/mcufinder/ => /home/isamd/.stmcufinder/plugins/mcufinder
2023-10-02 00:39:20,745 [WARN] DbFile:41 - Overriding database path with different value: /home/isamd/.stmcufinder/plugins/mcufinder/ => /home/isamd/.stmcufinder/plugins/mcufinder
2023-10-02 00:39:20,745 [INFO] CrossReferenceDbSqlite:203 - Set database path to: /home/isamd/.stmcufinder/plugins/mcufinder//mcu/cs/
2023-10-02 00:39:20,786 [INFO] MainPanel:262 - HeapMemory: 268435456
2023-10-02 00:39:20,836 [INFO] DbMcusXml:78 - Set database path to: /home/isamd/stm32/plugins/com.st.stm32cube.common.mx_6.9.2.202309101412//db//mcu/
2023-10-02 00:39:20,836 [INFO] ApiDb:274 - Set plugin database path to: /home/isamd/stm32/plugins/com.st.stm32cube.common.mx_6.9.2.202309101412//db//plugins/boardmanager/
2023-10-02 00:39:20,837 [INFO] ApiDb:261 - Set plugin images path to: /home/isamd/stm32/plugins/com.st.stm32cube.common.mx_6.9.2.202309101412//db//plugins/mcufinder/images/
2023-10-02 00:39:20,837 [WARN] DbFile:41 - Overriding database path with different value: /home/isamd/.stmcufinder/plugins/mcufinder/ => /home/isamd/.stmcufinder/plugins/mcufinder
2023-10-02 00:39:20,837 [INFO] ApiDb:250 - Set database path to: /home/isamd/.stmcufinder/plugins/mcufinder//mcu/
2023-10-02 00:39:20,837 [WARN] DbFile:41 - Overriding database path with different value: /home/isamd/.stmcufinder/plugins/mcufinder/ => /home/isamd/.stmcufinder/plugins/mcufinder
2023-10-02 00:39:20,837 [INFO] DbMcusAds:125 - Set database path to: /home/isamd/.stmcufinder/plugins/mcufinder//mcu/
2023-10-02 00:39:20,837 [WARN] DbFile:41 - Overriding database path with different value: /home/isamd/.stmcufinder/plugins/mcufinder/ => /home/isamd/.stmcufinder/plugins/mcufinder
2023-10-02 00:39:20,837 [WARN] DbFile:41 - Overriding database path with different value: /home/isamd/.stmcufinder/plugins/mcufinder/ => /home/isamd/.stmcufinder/plugins/mcufinder
2023-10-02 00:39:20,837 [INFO] CrossReferenceDbSqlite:203 - Set database path to: /home/isamd/.stmcufinder/plugins/mcufinder//mcu/cs/
2023-10-02 00:39:20,846 [INFO] ApplicationProperties:184 - Using Application install path: /home/isamd/stm32/plugins/com.st.stm32cube.common.mx_6.9.2.202309101412
2023-10-02 00:39:20,847 [INFO] PluginManage:196 - Search for loadable plugins [exclusion list=, ]
2023-10-02 00:39:20,847 [INFO] PluginManage:310 - Check plugin analytics
2023-10-02 00:39:20,930 [INFO] AnalyticsPlugin:253 - Accepted Software Licenses: 
2023-10-02 00:39:20,930 [INFO] AnalyticsPlugin:255 - Accepted CMSIS Pack Licenses: 
2023-10-02 00:39:20,930 [INFO] AnalyticsPlugin:257 - Accepted Firmware Licenses: 
2023-10-02 00:39:20,932 [INFO] PluginManage:359 - Loaded plugin analytics (category:tool,tabindex:-1)
2023-10-02 00:39:20,932 [INFO] PluginManage:310 - Check plugin cadmodel
2023-10-02 00:39:20,949 [INFO] CADModel:105 - Init CAD model plugin
2023-10-02 00:39:20,949 [INFO] PluginManage:359 - Loaded plugin cadmodel (category:power,tabindex:5)
2023-10-02 00:39:20,949 [INFO] PluginManage:310 - Check plugin clock
2023-10-02 00:39:20,956 [INFO] PluginManage:359 - Loaded plugin clock (category:base,tabindex:2)
2023-10-02 00:39:20,956 [INFO] PluginManage:310 - Check plugin ddr
2023-10-02 00:39:20,957 [INFO] PluginManage:359 - Loaded plugin ddr (category:tool,tabindex:6)
2023-10-02 00:39:20,957 [INFO] PluginManage:310 - Check plugin filemanager
2023-10-02 00:39:21,047 [INFO] PluginManage:359 - Loaded plugin filemanager (category:base,tabindex:10)
2023-10-02 00:39:21,048 [INFO] PluginManage:310 - Check plugin ipmanager
2023-10-02 00:39:21,052 [INFO] PluginManage:359 - Loaded plugin ipmanager (category:base,tabindex:5)
2023-10-02 00:39:21,052 [INFO] PluginManage:310 - Check plugin lpbam
2023-10-02 00:39:21,059 [INFO] PluginManage:359 - Loaded plugin lpbam (category:base,tabindex:0)
2023-10-02 00:39:21,059 [INFO] PluginManage:310 - Check plugin memorymap
2023-10-02 00:39:21,068 [INFO] PluginManage:359 - Loaded plugin memorymap (category:base,tabindex:4)
2023-10-02 00:39:21,068 [INFO] PluginManage:310 - Check plugin pinoutandconfiguration
2023-10-02 00:39:21,073 [INFO] PluginManage:359 - Loaded plugin pinoutandconfiguration (category:base,tabindex:1)
2023-10-02 00:39:21,073 [INFO] PluginManage:310 - Check plugin pinoutconfig
2023-10-02 00:39:21,133 [WARN] SupportedApi:132 - Cannot load RTOS API schema: s4s-elt-must-match.1: The content of 'definitions' must match (annotation?, (simpleType | complexType)?, (unique | key | keyref)*)). A problem was found starting at: attribute.
2023-10-02 00:39:21,234 [INFO] PluginManage:359 - Loaded plugin pinoutconfig (category:base,tabindex:0)
2023-10-02 00:39:21,234 [INFO] PluginManage:310 - Check plugin power
2023-10-02 00:39:21,242 [INFO] PluginManage:359 - Loaded plugin power (category:power,tabindex:4)
2023-10-02 00:39:21,242 [INFO] PluginManage:310 - Check plugin projectmanager
2023-10-02 00:39:21,253 [INFO] PluginManage:359 - Loaded plugin projectmanager (category:projectmanager,tabindex:3)
2023-10-02 00:39:21,253 [INFO] PluginManage:310 - Check plugin thirdparty
2023-10-02 00:39:21,325 [INFO] PluginManage:359 - Loaded plugin thirdparty (category:base,tabindex:-1)
2023-10-02 00:39:21,325 [WARN] IntegrityCheckThread:84 - waiting for thirdparty lock release [integrity check]
2023-10-02 00:39:21,325 [INFO] PluginManage:310 - Check plugin tools
2023-10-02 00:39:21,326 [INFO] IntegrityCheckThread:86 - entering critical section [integrity check]
2023-10-02 00:39:21,326 [INFO] ThirdPartyUpdaterWithRetryManager:70 - Updater plugin not ready yet. [1/15]
2023-10-02 00:39:21,327 [INFO] PluginManage:359 - Loaded plugin tools (category:base,tabindex:7)
2023-10-02 00:39:21,327 [INFO] PluginManage:310 - Check plugin tutovideos
2023-10-02 00:39:21,427 [INFO] PluginManage:359 - Loaded plugin tutovideos (category:base,tabindex:-1)
2023-10-02 00:39:21,428 [INFO] PluginManage:310 - Check plugin updater
2023-10-02 00:39:21,435 [INFO] PluginManage:359 - Loaded plugin updater (category:base,tabindex:12)
2023-10-02 00:39:21,436 [INFO] PluginManage:310 - Check plugin userauth
2023-10-02 00:39:21,439 [INFO] UserAuth:113 - Init User Auth plugin
2023-10-02 00:39:21,439 [INFO] PluginManage:359 - Loaded plugin userauth (category:base,tabindex:14)
2023-10-02 00:39:21,439 [INFO] PluginManage:283 - PluginManage : Loaded plugins [17]
2023-10-02 00:39:21,551 [INFO] PinOutPanel:1499 - setPackage(No Configuration,No Configuration)
2023-10-02 00:39:21,605 [INFO] CADModel:165 - CPN selected for project level
2023-10-02 00:39:21,605 [INFO] CADModel:114 - Register for checkConnection events
2023-10-02 00:39:21,614 [INFO] IPUIPlugin:80 - create IPUIPlugin
2023-10-02 00:39:21,614 [INFO] PluginManager:220 - loadIPPluginJar : add lorawan
2023-10-02 00:39:21,617 [INFO] IPUIPlugin:80 - create IPUIPlugin
2023-10-02 00:39:21,618 [INFO] PluginManager:220 - loadIPPluginJar : add gpio
2023-10-02 00:39:21,621 [INFO] IPUIPlugin:80 - create IPUIPlugin
2023-10-02 00:39:21,622 [INFO] PluginManager:220 - loadIPPluginJar : add freertos
2023-10-02 00:39:21,622 [INFO] IPUIPlugin:80 - create IPUIPlugin
2023-10-02 00:39:21,622 [INFO] PluginManager:220 - loadIPPluginJar : add genericplugin
2023-10-02 00:39:21,624 [INFO] IPUIPlugin:80 - create IPUIPlugin
2023-10-02 00:39:21,624 [INFO] PluginManager:220 - loadIPPluginJar : add i3c
2023-10-02 00:39:21,625 [INFO] IPUIPlugin:80 - create IPUIPlugin
2023-10-02 00:39:21,625 [INFO] PluginManager:220 - loadIPPluginJar : add ipddr
2023-10-02 00:39:21,626 [INFO] IPUIPlugin:80 - create IPUIPlugin
2023-10-02 00:39:21,626 [INFO] PluginManager:220 - loadIPPluginJar : add i2s
2023-10-02 00:39:21,627 [INFO] IPUIPlugin:80 - create IPUIPlugin
2023-10-02 00:39:21,627 [INFO] PluginManager:220 - loadIPPluginJar : add fatfs
2023-10-02 00:39:21,628 [INFO] IPUIPlugin:80 - create IPUIPlugin
2023-10-02 00:39:21,629 [INFO] PluginManager:220 - loadIPPluginJar : add usbx
2023-10-02 00:39:21,632 [INFO] IPUIPlugin:80 - create IPUIPlugin
2023-10-02 00:39:21,632 [INFO] PluginManager:220 - loadIPPluginJar : add resmgrutility
2023-10-02 00:39:21,634 [INFO] IPUIPlugin:80 - create IPUIPlugin
2023-10-02 00:39:21,634 [INFO] PluginManager:220 - loadIPPluginJar : add sai
2023-10-02 00:39:21,636 [INFO] IPUIPlugin:80 - create IPUIPlugin
2023-10-02 00:39:21,636 [INFO] PluginManager:220 - loadIPPluginJar : add openamp
2023-10-02 00:39:21,636 [INFO] IPUIPlugin:80 - create IPUIPlugin
2023-10-02 00:39:21,637 [INFO] PluginManager:220 - loadIPPluginJar : add ltdc
2023-10-02 00:39:21,640 [INFO] IPUIPlugin:80 - create IPUIPlugin
2023-10-02 00:39:21,640 [INFO] PluginManager:220 - loadIPPluginJar : add stm32_wpan
2023-10-02 00:39:21,641 [INFO] IPUIPlugin:80 - create IPUIPlugin
2023-10-02 00:39:21,641 [INFO] PluginManager:220 - loadIPPluginJar : add cryp
2023-10-02 00:39:21,642 [INFO] IPUIPlugin:80 - create IPUIPlugin
2023-10-02 00:39:21,643 [INFO] PluginManager:220 - loadIPPluginJar : add touchsensing
2023-10-02 00:39:21,644 [INFO] IPUIPlugin:80 - create IPUIPlugin
2023-10-02 00:39:21,644 [INFO] PluginManager:220 - loadIPPluginJar : add gtzc
2023-10-02 00:39:21,647 [INFO] IPUIPlugin:80 - create IPUIPlugin
2023-10-02 00:39:21,647 [INFO] PluginManager:220 - loadIPPluginJar : add gic
2023-10-02 00:39:21,648 [INFO] IPUIPlugin:80 - create IPUIPlugin
2023-10-02 00:39:21,648 [INFO] PluginManager:220 - loadIPPluginJar : add hash
2023-10-02 00:39:21,649 [INFO] IPUIPlugin:80 - create IPUIPlugin
2023-10-02 00:39:21,649 [INFO] PluginManager:220 - loadIPPluginJar : add tim
2023-10-02 00:39:21,652 [INFO] IPUIPlugin:80 - create IPUIPlugin
2023-10-02 00:39:21,652 [INFO] PluginManager:220 - loadIPPluginJar : add fmc
2023-10-02 00:39:21,653 [INFO] IPUIPlugin:80 - create IPUIPlugin
2023-10-02 00:39:21,653 [INFO] PluginManager:220 - loadIPPluginJar : add ucpd
2023-10-02 00:39:21,654 [INFO] IPUIPlugin:80 - create IPUIPlugin
2023-10-02 00:39:21,654 [INFO] PluginManager:220 - loadIPPluginJar : add gfxmmu
2023-10-02 00:39:21,655 [INFO] IPUIPlugin:80 - create IPUIPlugin
2023-10-02 00:39:21,655 [INFO] PluginManager:220 - loadIPPluginJar : add spi
2023-10-02 00:39:21,657 [INFO] IPUIPlugin:80 - create IPUIPlugin
2023-10-02 00:39:21,657 [INFO] PluginManager:220 - loadIPPluginJar : add can
2023-10-02 00:39:21,658 [INFO] IPUIPlugin:80 - create IPUIPlugin
2023-10-02 00:39:21,658 [INFO] PluginManager:220 - loadIPPluginJar : add comp
2023-10-02 00:39:21,662 [INFO] IPUIPlugin:80 - create IPUIPlugin
2023-10-02 00:39:21,662 [INFO] PluginManager:220 - loadIPPluginJar : add mdma
2023-10-02 00:39:21,663 [INFO] IPUIPlugin:80 - create IPUIPlugin
2023-10-02 00:39:21,663 [INFO] PluginManager:220 - loadIPPluginJar : add usart
2023-10-02 00:39:21,664 [INFO] IPUIPlugin:80 - create IPUIPlugin
2023-10-02 00:39:21,664 [INFO] PluginManager:220 - loadIPPluginJar : add tsc
2023-10-02 00:39:21,669 [INFO] IPUIPlugin:80 - create IPUIPlugin
2023-10-02 00:39:21,669 [INFO] PluginManager:220 - loadIPPluginJar : add linkedlist
2023-10-02 00:39:21,670 [INFO] IPUIPlugin:80 - create IPUIPlugin
2023-10-02 00:39:21,670 [INFO] PluginManager:220 - loadIPPluginJar : add opamp
2023-10-02 00:39:21,671 [INFO] IPUIPlugin:80 - create IPUIPlugin
2023-10-02 00:39:21,671 [INFO] PluginManager:220 - loadIPPluginJar : add ts
2023-10-02 00:39:21,672 [INFO] IPUIPlugin:80 - create IPUIPlugin
2023-10-02 00:39:21,672 [INFO] PluginManager:220 - loadIPPluginJar : add quadspi
2023-10-02 00:39:21,673 [INFO] IPUIPlugin:80 - create IPUIPlugin
2023-10-02 00:39:21,673 [INFO] PluginManager:220 - loadIPPluginJar : add i2c
2023-10-02 00:39:21,674 [INFO] IPUIPlugin:80 - create IPUIPlugin
2023-10-02 00:39:21,674 [INFO] PluginManager:220 - loadIPPluginJar : add tracer_emb
2023-10-02 00:39:21,678 [INFO] IPUIPlugin:80 - create IPUIPlugin
2023-10-02 00:39:21,678 [INFO] PluginManager:220 - loadIPPluginJar : add adc
2023-10-02 00:39:21,682 [INFO] IPUIPlugin:80 - create IPUIPlugin
2023-10-02 00:39:21,684 [INFO] PluginManager:220 - loadIPPluginJar : add plateformsettings
2023-10-02 00:39:21,685 [INFO] IPUIPlugin:80 - create IPUIPlugin
2023-10-02 00:39:21,685 [INFO] PluginManager:220 - loadIPPluginJar : add dma3
2023-10-02 00:39:21,689 [INFO] IPUIPlugin:80 - create IPUIPlugin
2023-10-02 00:39:21,689 [INFO] PluginManager:220 - loadIPPluginJar : add dma
2023-10-02 00:39:21,690 [INFO] IPUIPlugin:80 - create IPUIPlugin
2023-10-02 00:39:21,690 [INFO] PluginManager:220 - loadIPPluginJar : add dfsdm
2023-10-02 00:39:21,691 [INFO] IPUIPlugin:80 - create IPUIPlugin
2023-10-02 00:39:21,691 [INFO] PluginManager:220 - loadIPPluginJar : add pdm2pcm
2023-10-02 00:39:21,692 [INFO] IPUIPlugin:80 - create IPUIPlugin
2023-10-02 00:39:21,692 [INFO] PluginManager:220 - loadIPPluginJar : add aes
2023-10-02 00:39:21,694 [INFO] IPUIPlugin:80 - create IPUIPlugin
2023-10-02 00:39:21,694 [INFO] PluginManager:220 - loadIPPluginJar : add nvic
2023-10-02 00:39:21,781 [INFO] CADModel:165 - CPN selected for project level
2023-10-02 00:39:21,781 [INFO] CADModel:114 - Register for checkConnection events
2023-10-02 00:39:21,781 [FATAL] Updater:308 - Updater called before beeing initialized
2023-10-02 00:39:21,781 [ERROR] CADModel:125 - Updater not yet initialized, retry later 
2023-10-02 00:39:21,861 [INFO] CADModel:165 - CPN selected for project level
2023-10-02 00:39:21,861 [INFO] CADModel:114 - Register for checkConnection events
2023-10-02 00:39:21,861 [FATAL] Updater:308 - Updater called before beeing initialized
2023-10-02 00:39:21,861 [ERROR] CADModel:125 - Updater not yet initialized, retry later 
2023-10-02 00:39:21,864 [FATAL] Updater:308 - Updater called before beeing initialized
2023-10-02 00:39:21,911 [FATAL] Updater:308 - Updater called before beeing initialized
2023-10-02 00:39:21,915 [INFO] DbMcusAds:53 - JSON generation date=Tue Mar 07 09:50:55 CET 2023 (1678179055114)
2023-10-02 00:39:21,915 [FATAL] Updater:308 - Updater called before beeing initialized
2023-10-02 00:39:21,940 [WARN] DetailPanel:346 - Failed to get advertising image, set to default
2023-10-02 00:39:21,995 [FATAL] Updater:308 - Updater called before beeing initialized
2023-10-02 00:39:21,997 [FATAL] Updater:308 - Updater called before beeing initialized
2023-10-02 00:39:21,997 [FATAL] Updater:308 - Updater called before beeing initialized
2023-10-02 00:39:21,997 [WARN] DetailPanel:346 - Failed to get advertising image, set to default
2023-10-02 00:39:21,997 [FATAL] Updater:308 - Updater called before beeing initialized
2023-10-02 00:39:22,016 [ERROR] Updater:1120 - MainUpdater not yet initialized. External WinMGr cannot be set.
2023-10-02 00:39:22,017 [INFO] Updater:1056 - Updater Version found : 6.9.2
2023-10-02 00:39:22,031 [INFO] ApplicationProperties:184 - Using Application install path: /home/isamd/stm32/plugins/com.st.stm32cube.common.mx_6.9.2.202309101412
2023-10-02 00:39:22,139 [INFO] MainUpdater:2868 - connection check result : 10
2023-10-02 00:39:22,140 [INFO] MainUpdater:285 - Updater Check For Update Now.
2023-10-02 00:39:22,140 [INFO] MicroXplorer:498 - Change Database Version : DB.6.0.92
2023-10-02 00:39:22,143 [INFO] McuFinderGlobals:63 - Set McuFinder mode to 2 (CubeIDE integrated)
2023-10-02 00:39:22,143 [INFO] UserAuth:179 - activating auth plugin
2023-10-02 00:39:22,145 [INFO] UserAuth:393 - Internet connection configuration mode: 1
2023-10-02 00:39:22,155 [INFO] JxBrowserEngine:151 - Initiate JxBrowser Engine with user profile folder
2023-10-02 00:39:22,275 [INFO] CheckServerUpdateThread:120 - End of CheckServer Thread
2023-10-02 00:39:22,606 [INFO] WebApp:157 - Instantiating new browser for Auth
2023-10-02 00:39:22,912 [INFO] WebApp:753 - Register for checkConnection events
2023-10-02 00:39:22,912 [INFO] WebApp:390 - Apply proxy settings
2023-10-02 00:39:22,912 [INFO] WebApp:475 - Chromium requires no authentication
2023-10-02 00:39:22,915 [INFO] WebApp:418 - Direct internet connection detected
2023-10-02 00:39:22,987 [INFO] WebApp:188 - Starting web application
2023-10-02 00:39:22,987 [INFO] WebApp:520 - Web application path used /home/isamd/stm32/plugins/com.st.stm32cube.common.mx_6.9.2.202309101412/db/plugins/mcufinder/reactClient1/index.html
2023-10-02 00:39:24,440 [WARN] PackLoader:240 - Cannot read IP mode file for STMicroelectronics.X-CUBE-SMBUS.2.1.0
2023-10-02 00:39:24,458 [WARN] PackLoader:240 - Cannot read IP mode file for STMicroelectronics.X-CUBE-AZRTOS-F7.1.1.0
2023-10-02 00:39:24,464 [WARN] PackLoader:240 - Cannot read IP mode file for STMicroelectronics.FP-SNS-MOTENV1.4.3.2
2023-10-02 00:39:24,470 [WARN] PackLoader:240 - Cannot read IP mode file for STMicroelectronics.FP-SNS-FLIGHT1.5.0.2
2023-10-02 00:39:24,476 [WARN] PackLoader:240 - Cannot read IP mode file for STMicroelectronics.X-CUBE-DISPLAY.3.0.0
2023-10-02 00:39:24,488 [WARN] PackLoader:240 - Cannot read IP mode file for STMicroelectronics.X-CUBE-BLE1.7.0.0
2023-10-02 00:39:24,492 [WARN] PackLoader:240 - Cannot read IP mode file for emotas.I-CUBE-CANOPEN.1.3.0
2023-10-02 00:39:24,495 [WARN] PackLoader:240 - Cannot read IP mode file for STMicroelectronics.X-CUBE-TOUCHGFX.4.22.0
2023-10-02 00:39:24,498 [WARN] PackLoader:240 - Cannot read IP mode file for STMicroelectronics.FP-SNS-SMARTAG2.1.2.0
2023-10-02 00:39:24,505 [INFO] LogOutputStream:77 - [STDOUT_REDIRECT] 1 : Invalid condition id : UX_CORESTACK_Condition cause : null
2023-10-02 00:39:24,506 [INFO] LogOutputStream:77 - [STDOUT_REDIRECT] 1 : Invalid condition id : UX_CORESTACK_Condition cause : null
2023-10-02 00:39:24,506 [INFO] LogOutputStream:77 - [STDOUT_REDIRECT] 1 : Invalid condition id : UX_CORESTACK_Condition cause : null
2023-10-02 00:39:24,506 [INFO] LogOutputStream:77 - [STDOUT_REDIRECT] 1 : Invalid condition id : UX_CORESTACK_Condition cause : null
2023-10-02 00:39:24,506 [INFO] LogOutputStream:77 - [STDOUT_REDIRECT] 1 : Invalid condition id : UX_CORESTACK_Condition cause : null
2023-10-02 00:39:24,509 [WARN] PackLoader:240 - Cannot read IP mode file for STMicroelectronics.X-CUBE-AZRTOS-WL.2.0.0
2023-10-02 00:39:24,515 [WARN] PackLoader:240 - Cannot read IP mode file for WES.I-CUBE-Cesium.1.3.0
2023-10-02 00:39:24,521 [WARN] PackLoader:240 - Cannot read IP mode file for STMicroelectronics.X-CUBE-BLE2.3.3.0
2023-10-02 00:39:24,527 [WARN] PackLoader:240 - Cannot read IP mode file for STMicroelectronics.X-CUBE-ALGOBUILD.1.3.0
2023-10-02 00:39:24,544 [WARN] PackLoader:240 - Cannot read IP mode file for STMicroelectronics.X-CUBE-AZRTOS-G0.1.1.0
2023-10-02 00:39:24,551 [WARN] PackLoader:240 - Cannot read IP mode file for STMicroelectronics.X-CUBE-NFC4.3.0.0
2023-10-02 00:39:24,561 [WARN] PackLoader:240 - Cannot read IP mode file for STMicroelectronics.FP-ATR-SIGFOX1.3.2.0
2023-10-02 00:39:24,606 [WARN] PackLoader:240 - Cannot read IP mode file for SEGGER.I-CUBE-embOS.1.3.1
2023-10-02 00:39:24,657 [WARN] PackLoader:240 - Cannot read IP mode file for STMicroelectronics.X-CUBE-GNSS1.6.0.0
2023-10-02 00:39:24,675 [WARN] PackLoader:240 - Cannot read IP mode file for STMicroelectronics.X-CUBE-AZRTOS-F4.1.1.0
2023-10-02 00:39:24,681 [WARN] PackLoader:240 - Cannot read IP mode file for wolfSSL.I-CUBE-wolfSSL.5.6.3
2023-10-02 00:39:24,697 [WARN] PackLoader:240 - Cannot read IP mode file for STMicroelectronics.X-CUBE-AZRTOS-L5.2.0.0
2023-10-02 00:39:24,739 [WARN] PackLoader:240 - Cannot read IP mode file for STMicroelectronics.X-CUBE-MEMS1.9.6.0
2023-10-02 00:39:24,940 [WARN] PackLoader:240 - Cannot read IP mode file for STMicroelectronics.X-CUBE-BLEMGR.2.0.0
2023-10-02 00:39:24,958 [WARN] ConditionMgr:438 - getConditionDescription Invalid condition id : UX DEVICE CLASS RTOS Condition cause : null
2023-10-02 00:39:24,958 [WARN] ConditionMgr:438 - getConditionDescription Invalid condition id : UX DEVICE CLASS RTOS Condition cause : null
2023-10-02 00:39:24,961 [WARN] PackLoader:240 - Cannot read IP mode file for STMicroelectronics.X-CUBE-AZRTOS-H7.3.1.0
2023-10-02 00:39:24,963 [WARN] ConditionMgr:1039 - genDependencies : Invalid condition id : UX DEVICE CLASS RTOS Condition cause : null
2023-10-02 00:39:24,963 [WARN] ConditionMgr:1039 - genDependencies : Invalid condition id : UX DEVICE CLASS RTOS Condition cause : null
2023-10-02 00:39:24,964 [WARN] ConditionMgr:1039 - genDependencies : Invalid condition id : UX DEVICE CLASS RTOS Condition cause : null
2023-10-02 00:39:24,964 [WARN] ConditionMgr:1039 - genDependencies : Invalid condition id : UX DEVICE CLASS RTOS Condition cause : null
2023-10-02 00:39:24,964 [WARN] ConditionMgr:1039 - genDependencies : Invalid condition id : UX DEVICE CLASS RTOS Condition cause : null
2023-10-02 00:39:24,972 [WARN] PackLoader:240 - Cannot read IP mode file for STMicroelectronics.X-CUBE-NFC7.1.0.1
2023-10-02 00:39:24,980 [WARN] PackLoader:240 - Cannot read IP mode file for STMicroelectronics.X-CUBE-NFC6.3.0.0
2023-10-02 00:39:24,989 [WARN] PackLoader:240 - Cannot read IP mode file for STMicroelectronics.X-CUBE-EEPRMA1.4.1.0
2023-10-02 00:39:24,994 [WARN] PackLoader:240 - Cannot read IP mode file for STMicroelectronics.X-CUBE-AI.8.1.0
2023-10-02 00:39:25,011 [WARN] ConditionMgr:438 - getConditionDescription Invalid condition id : LAN8742 Phy interface Condition cause : null
2023-10-02 00:39:25,012 [WARN] PackLoader:240 - Cannot read IP mode file for STMicroelectronics.X-CUBE-AZRTOS-L4.2.0.0
2023-10-02 00:39:25,013 [WARN] ConditionMgr:1039 - genDependencies : Invalid condition id : LAN8742 Phy interface Condition cause : null
2023-10-02 00:39:25,013 [WARN] ConditionMgr:1039 - genDependencies : Invalid condition id : LAN8742 Phy interface Condition cause : null
2023-10-02 00:39:25,014 [WARN] ConditionMgr:1039 - genDependencies : Invalid condition id : LAN8742 Phy interface Condition cause : null
2023-10-02 00:39:25,024 [WARN] PackLoader:240 - Cannot read IP mode file for STMicroelectronics.X-CUBE-SFXS2LP1.4.0.0
2023-10-02 00:39:25,030 [WARN] PackLoader:240 - Cannot read IP mode file for STMicroelectronics.X-CUBE-ISPU.1.1.0
2023-10-02 00:39:25,042 [WARN] ConditionMgr:438 - getConditionDescription Invalid condition id : UX DEVICE CLASS RTOS Condition cause : null
2023-10-02 00:39:25,043 [WARN] ConditionMgr:438 - getConditionDescription Invalid condition id : UX DEVICE CLASS RTOS Condition cause : null
2023-10-02 00:39:25,045 [WARN] PackLoader:240 - Cannot read IP mode file for STMicroelectronics.X-CUBE-AZRTOS-WB.2.0.0
2023-10-02 00:39:25,046 [WARN] ConditionMgr:1039 - genDependencies : Invalid condition id : UX DEVICE CLASS RTOS Condition cause : null
2023-10-02 00:39:25,046 [WARN] ConditionMgr:1039 - genDependencies : Invalid condition id : UX DEVICE CLASS RTOS Condition cause : null
2023-10-02 00:39:25,047 [WARN] ConditionMgr:1039 - genDependencies : Invalid condition id : UX DEVICE CLASS RTOS Condition cause : null
2023-10-02 00:39:25,047 [WARN] ConditionMgr:1039 - genDependencies : Invalid condition id : UX DEVICE CLASS RTOS Condition cause : null
2023-10-02 00:39:25,047 [WARN] ConditionMgr:1039 - genDependencies : Invalid condition id : UX DEVICE CLASS RTOS Condition cause : null
2023-10-02 00:39:25,058 [WARN] PackLoader:240 - Cannot read IP mode file for STMicroelectronics.X-CUBE-SUBG2.5.0.0
2023-10-02 00:39:25,071 [WARN] PackLoader:240 - Cannot read IP mode file for STMicroelectronics.X-CUBE-TOF1.3.3.1
2023-10-02 00:39:25,096 [WARN] PackLoader:240 - Cannot read IP mode file for STMicroelectronics.X-CUBE-AZRTOS-G4.2.0.0
2023-10-02 00:39:25,106 [WARN] PackLoader:240 - Cannot read IP mode file for STMicroelectronics.X-CUBE-FREERTOS.1.1.0
2023-10-02 00:39:25,112 [WARN] PackLoader:240 - Cannot read IP mode file for portGmbH.I-Cube-SoM-uGOAL.1.1.0
2023-10-02 00:39:25,119 [WARN] PackLoader:240 - Cannot read IP mode file for STMicroelectronics.X-CUBE-ALS.1.0.1
2023-10-02 00:39:25,126 [WARN] PackLoader:240 - Cannot read IP mode file for STMicroelectronics.FP-ATR-ASTRA1.2.0.0
2023-10-02 00:39:25,127 [INFO] ThirdParty:978 - Integrity check success = true
2023-10-02 00:39:25,127 [INFO] IntegrityCheckThread:100 - exiting critical section [integrity check]
2023-10-02 00:39:25,127 [INFO] IntegrityCheckThread:103 - End integrity checks thread
2023-10-02 00:39:44,056 [ERROR] LogOutputStream:75 - [STDERR_REDIRECT] SLF4J: Failed to load class "org.slf4j.impl.StaticLoggerBinder".
2023-10-02 00:39:44,056 [ERROR] LogOutputStream:75 - [STDERR_REDIRECT] SLF4J: Defaulting to no-operation (NOP) logger implementation
2023-10-02 00:39:44,056 [ERROR] LogOutputStream:75 - [STDERR_REDIRECT] SLF4J: See http://www.slf4j.org/codes.html#StaticLoggerBinder for further details.
2023-10-02 01:01:55,139 [ERROR] LogOutputStream:75 - [STDERR_REDIRECT] [Fatal Error] :1:1: Premature end of file.
2023-10-02 01:01:55,140 [ERROR] LogOutputStream:75 - [STDERR_REDIRECT] 
2023-10-02 03:57:55,417 [ERROR] LogOutputStream:75 - [STDERR_REDIRECT] SWT SessionManagerDBus: Failed to UnregisterClient: GDBus.Error:org.freedesktop.DBus.Error.NoReply: Message recipient disconnected from message bus without replying
