2023-10-01 11:20:45,653 [INFO] Activator:176 - 


2023-10-01 11:20:45,656 [INFO] Activator:177 - !SESSION log4j initialized
2023-10-01 11:20:48,403 [INFO] LogOutputStream:77 - [STDOUT_REDIRECT] 
2023-10-01 11:20:48,759 [INFO] ApplicationProperties:184 - Using Application install path: /home/isamd/stm32/plugins/com.st.stm32cube.common.mx_6.9.2.202309101412
2023-10-01 11:20:48,781 [INFO] DbMcusXml:78 - Set database path to: /home/isamd/stm32/plugins/com.st.stm32cube.common.mx_6.9.2.202309101412//db//mcu/
2023-10-01 11:20:48,781 [INFO] ApiDb:274 - Set plugin database path to: /home/isamd/stm32/plugins/com.st.stm32cube.common.mx_6.9.2.202309101412//db//plugins/boardmanager/
2023-10-01 11:20:48,781 [WARN] ApiDb:259 - Overriding images path with different value:  => /home/isamd/stm32/plugins/com.st.stm32cube.common.mx_6.9.2.202309101412//db//plugins/mcufinder/images/
2023-10-01 11:20:48,789 [INFO] ApiDb:250 - Set database path to: /home/isamd/.stmcufinder/plugins/mcufinder//mcu/
2023-10-01 11:20:48,790 [INFO] DbMcusAds:125 - Set database path to: /home/isamd/.stmcufinder/plugins/mcufinder//mcu/
2023-10-01 11:20:48,793 [INFO] CrossReferenceDbSqlite:203 - Set database path to: /home/isamd/.stmcufinder/plugins/mcufinder//mcu/cs/
2023-10-01 11:20:48,868 [INFO] RulesReader:64 - Compatibility file has been processed (293 Rules)
2023-10-01 11:20:48,906 [INFO] DbMcusXml:78 - Set database path to: /home/isamd/stm32/plugins/com.st.stm32cube.common.mx_6.9.2.202309101412//db//mcu/
2023-10-01 11:20:48,906 [INFO] ApiDb:274 - Set plugin database path to: /home/isamd/stm32/plugins/com.st.stm32cube.common.mx_6.9.2.202309101412//db//plugins/boardmanager/
2023-10-01 11:20:48,907 [INFO] ApiDb:261 - Set plugin images path to: /home/isamd/stm32/plugins/com.st.stm32cube.common.mx_6.9.2.202309101412//db//plugins/mcufinder/images/
2023-10-01 11:20:48,907 [WARN] DbFile:41 - Overriding database path with different value: /home/isamd/.stmcufinder/plugins/mcufinder/ => /home/isamd/.stmcufinder/plugins/mcufinder
2023-10-01 11:20:48,907 [INFO] ApiDb:250 - Set database path to: /home/isamd/.stmcufinder/plugins/mcufinder//mcu/
2023-10-01 11:20:48,907 [WARN] DbFile:41 - Overriding database path with different value: /home/isamd/.stmcufinder/plugins/mcufinder/ => /home/isamd/.stmcufinder/plugins/mcufinder
2023-10-01 11:20:48,907 [INFO] DbMcusAds:125 - Set database path to: /home/isamd/.stmcufinder/plugins/mcufinder//mcu/
2023-10-01 11:20:48,907 [WARN] DbFile:41 - Overriding database path with different value: /home/isamd/.stmcufinder/plugins/mcufinder/ => /home/isamd/.stmcufinder/plugins/mcufinder
2023-10-01 11:20:48,907 [WARN] DbFile:41 - Overriding database path with different value: /home/isamd/.stmcufinder/plugins/mcufinder/ => /home/isamd/.stmcufinder/plugins/mcufinder
2023-10-01 11:20:48,907 [INFO] CrossReferenceDbSqlite:203 - Set database path to: /home/isamd/.stmcufinder/plugins/mcufinder//mcu/cs/
2023-10-01 11:20:48,953 [INFO] MainPanel:262 - HeapMemory: 268435456
2023-10-01 11:20:49,007 [INFO] DbMcusXml:78 - Set database path to: /home/isamd/stm32/plugins/com.st.stm32cube.common.mx_6.9.2.202309101412//db//mcu/
2023-10-01 11:20:49,007 [INFO] ApiDb:274 - Set plugin database path to: /home/isamd/stm32/plugins/com.st.stm32cube.common.mx_6.9.2.202309101412//db//plugins/boardmanager/
2023-10-01 11:20:49,007 [INFO] ApiDb:261 - Set plugin images path to: /home/isamd/stm32/plugins/com.st.stm32cube.common.mx_6.9.2.202309101412//db//plugins/mcufinder/images/
2023-10-01 11:20:49,007 [WARN] DbFile:41 - Overriding database path with different value: /home/isamd/.stmcufinder/plugins/mcufinder/ => /home/isamd/.stmcufinder/plugins/mcufinder
2023-10-01 11:20:49,007 [INFO] ApiDb:250 - Set database path to: /home/isamd/.stmcufinder/plugins/mcufinder//mcu/
2023-10-01 11:20:49,007 [WARN] DbFile:41 - Overriding database path with different value: /home/isamd/.stmcufinder/plugins/mcufinder/ => /home/isamd/.stmcufinder/plugins/mcufinder
2023-10-01 11:20:49,007 [INFO] DbMcusAds:125 - Set database path to: /home/isamd/.stmcufinder/plugins/mcufinder//mcu/
2023-10-01 11:20:49,007 [WARN] DbFile:41 - Overriding database path with different value: /home/isamd/.stmcufinder/plugins/mcufinder/ => /home/isamd/.stmcufinder/plugins/mcufinder
2023-10-01 11:20:49,008 [WARN] DbFile:41 - Overriding database path with different value: /home/isamd/.stmcufinder/plugins/mcufinder/ => /home/isamd/.stmcufinder/plugins/mcufinder
2023-10-01 11:20:49,008 [INFO] CrossReferenceDbSqlite:203 - Set database path to: /home/isamd/.stmcufinder/plugins/mcufinder//mcu/cs/
2023-10-01 11:20:49,016 [INFO] ApplicationProperties:184 - Using Application install path: /home/isamd/stm32/plugins/com.st.stm32cube.common.mx_6.9.2.202309101412
2023-10-01 11:20:49,017 [INFO] PluginManage:196 - Search for loadable plugins [exclusion list=, ]
2023-10-01 11:20:49,017 [INFO] PluginManage:310 - Check plugin analytics
2023-10-01 11:20:49,104 [INFO] AnalyticsPlugin:253 - Accepted Software Licenses: 
2023-10-01 11:20:49,105 [INFO] AnalyticsPlugin:255 - Accepted CMSIS Pack Licenses: 
2023-10-01 11:20:49,105 [INFO] AnalyticsPlugin:257 - Accepted Firmware Licenses: 
2023-10-01 11:20:49,106 [INFO] PluginManage:359 - Loaded plugin analytics (category:tool,tabindex:-1)
2023-10-01 11:20:49,106 [INFO] PluginManage:310 - Check plugin cadmodel
2023-10-01 11:20:49,124 [INFO] CADModel:105 - Init CAD model plugin
2023-10-01 11:20:49,125 [INFO] PluginManage:359 - Loaded plugin cadmodel (category:power,tabindex:5)
2023-10-01 11:20:49,125 [INFO] PluginManage:310 - Check plugin clock
2023-10-01 11:20:49,131 [INFO] PluginManage:359 - Loaded plugin clock (category:base,tabindex:2)
2023-10-01 11:20:49,132 [INFO] PluginManage:310 - Check plugin ddr
2023-10-01 11:20:49,133 [INFO] PluginManage:359 - Loaded plugin ddr (category:tool,tabindex:6)
2023-10-01 11:20:49,133 [INFO] PluginManage:310 - Check plugin filemanager
2023-10-01 11:20:49,208 [INFO] PluginManage:359 - Loaded plugin filemanager (category:base,tabindex:10)
2023-10-01 11:20:49,208 [INFO] PluginManage:310 - Check plugin ipmanager
2023-10-01 11:20:49,213 [INFO] PluginManage:359 - Loaded plugin ipmanager (category:base,tabindex:5)
2023-10-01 11:20:49,213 [INFO] PluginManage:310 - Check plugin lpbam
2023-10-01 11:20:49,219 [INFO] PluginManage:359 - Loaded plugin lpbam (category:base,tabindex:0)
2023-10-01 11:20:49,219 [INFO] PluginManage:310 - Check plugin memorymap
2023-10-01 11:20:49,226 [INFO] PluginManage:359 - Loaded plugin memorymap (category:base,tabindex:4)
2023-10-01 11:20:49,226 [INFO] PluginManage:310 - Check plugin pinoutandconfiguration
2023-10-01 11:20:49,230 [INFO] PluginManage:359 - Loaded plugin pinoutandconfiguration (category:base,tabindex:1)
2023-10-01 11:20:49,230 [INFO] PluginManage:310 - Check plugin pinoutconfig
2023-10-01 11:20:49,274 [WARN] SupportedApi:132 - Cannot load RTOS API schema: s4s-elt-must-match.1: The content of 'definitions' must match (annotation?, (simpleType | complexType)?, (unique | key | keyref)*)). A problem was found starting at: attribute.
2023-10-01 11:20:49,344 [INFO] PluginManage:359 - Loaded plugin pinoutconfig (category:base,tabindex:0)
2023-10-01 11:20:49,345 [INFO] PluginManage:310 - Check plugin power
2023-10-01 11:20:49,379 [INFO] PluginManage:359 - Loaded plugin power (category:power,tabindex:4)
2023-10-01 11:20:49,379 [INFO] PluginManage:310 - Check plugin projectmanager
2023-10-01 11:20:49,390 [INFO] PluginManage:359 - Loaded plugin projectmanager (category:projectmanager,tabindex:3)
2023-10-01 11:20:49,390 [INFO] PluginManage:310 - Check plugin thirdparty
2023-10-01 11:20:49,446 [WARN] IntegrityCheckThread:84 - waiting for thirdparty lock release [integrity check]
2023-10-01 11:20:49,446 [INFO] PluginManage:359 - Loaded plugin thirdparty (category:base,tabindex:-1)
2023-10-01 11:20:49,446 [INFO] IntegrityCheckThread:86 - entering critical section [integrity check]
2023-10-01 11:20:49,446 [INFO] PluginManage:310 - Check plugin tools
2023-10-01 11:20:49,447 [INFO] ThirdPartyUpdaterWithRetryManager:70 - Updater plugin not ready yet. [1/15]
2023-10-01 11:20:49,448 [INFO] PluginManage:359 - Loaded plugin tools (category:base,tabindex:7)
2023-10-01 11:20:49,448 [INFO] PluginManage:310 - Check plugin tutovideos
2023-10-01 11:20:49,536 [INFO] PluginManage:359 - Loaded plugin tutovideos (category:base,tabindex:-1)
2023-10-01 11:20:49,536 [INFO] PluginManage:310 - Check plugin updater
2023-10-01 11:20:49,543 [INFO] PluginManage:359 - Loaded plugin updater (category:base,tabindex:12)
2023-10-01 11:20:49,543 [INFO] PluginManage:310 - Check plugin userauth
2023-10-01 11:20:49,546 [INFO] UserAuth:113 - Init User Auth plugin
2023-10-01 11:20:49,546 [INFO] PluginManage:359 - Loaded plugin userauth (category:base,tabindex:14)
2023-10-01 11:20:49,546 [INFO] PluginManage:283 - PluginManage : Loaded plugins [17]
2023-10-01 11:20:49,647 [INFO] PinOutPanel:1499 - setPackage(No Configuration,No Configuration)
2023-10-01 11:20:49,696 [INFO] CADModel:165 - CPN selected for project level
2023-10-01 11:20:49,696 [INFO] CADModel:114 - Register for checkConnection events
2023-10-01 11:20:49,703 [INFO] IPUIPlugin:80 - create IPUIPlugin
2023-10-01 11:20:49,703 [INFO] PluginManager:220 - loadIPPluginJar : add lorawan
2023-10-01 11:20:49,705 [INFO] IPUIPlugin:80 - create IPUIPlugin
2023-10-01 11:20:49,706 [INFO] PluginManager:220 - loadIPPluginJar : add gpio
2023-10-01 11:20:49,709 [INFO] IPUIPlugin:80 - create IPUIPlugin
2023-10-01 11:20:49,709 [INFO] PluginManager:220 - loadIPPluginJar : add freertos
2023-10-01 11:20:49,710 [INFO] IPUIPlugin:80 - create IPUIPlugin
2023-10-01 11:20:49,710 [INFO] PluginManager:220 - loadIPPluginJar : add genericplugin
2023-10-01 11:20:49,712 [INFO] IPUIPlugin:80 - create IPUIPlugin
2023-10-01 11:20:49,712 [INFO] PluginManager:220 - loadIPPluginJar : add i3c
2023-10-01 11:20:49,713 [INFO] IPUIPlugin:80 - create IPUIPlugin
2023-10-01 11:20:49,714 [INFO] PluginManager:220 - loadIPPluginJar : add ipddr
2023-10-01 11:20:49,715 [INFO] IPUIPlugin:80 - create IPUIPlugin
2023-10-01 11:20:49,715 [INFO] PluginManager:220 - loadIPPluginJar : add i2s
2023-10-01 11:20:49,715 [INFO] IPUIPlugin:80 - create IPUIPlugin
2023-10-01 11:20:49,715 [INFO] PluginManager:220 - loadIPPluginJar : add fatfs
2023-10-01 11:20:49,717 [INFO] IPUIPlugin:80 - create IPUIPlugin
2023-10-01 11:20:49,717 [INFO] PluginManager:220 - loadIPPluginJar : add usbx
2023-10-01 11:20:49,720 [INFO] IPUIPlugin:80 - create IPUIPlugin
2023-10-01 11:20:49,720 [INFO] PluginManager:220 - loadIPPluginJar : add resmgrutility
2023-10-01 11:20:49,721 [INFO] IPUIPlugin:80 - create IPUIPlugin
2023-10-01 11:20:49,721 [INFO] PluginManager:220 - loadIPPluginJar : add sai
2023-10-01 11:20:49,722 [INFO] IPUIPlugin:80 - create IPUIPlugin
2023-10-01 11:20:49,722 [INFO] PluginManager:220 - loadIPPluginJar : add openamp
2023-10-01 11:20:49,723 [INFO] IPUIPlugin:80 - create IPUIPlugin
2023-10-01 11:20:49,723 [INFO] PluginManager:220 - loadIPPluginJar : add ltdc
2023-10-01 11:20:49,725 [INFO] IPUIPlugin:80 - create IPUIPlugin
2023-10-01 11:20:49,726 [INFO] PluginManager:220 - loadIPPluginJar : add stm32_wpan
2023-10-01 11:20:49,727 [INFO] IPUIPlugin:80 - create IPUIPlugin
2023-10-01 11:20:49,727 [INFO] PluginManager:220 - loadIPPluginJar : add cryp
2023-10-01 11:20:49,728 [INFO] IPUIPlugin:80 - create IPUIPlugin
2023-10-01 11:20:49,728 [INFO] PluginManager:220 - loadIPPluginJar : add touchsensing
2023-10-01 11:20:49,729 [INFO] IPUIPlugin:80 - create IPUIPlugin
2023-10-01 11:20:49,729 [INFO] PluginManager:220 - loadIPPluginJar : add gtzc
2023-10-01 11:20:49,732 [INFO] IPUIPlugin:80 - create IPUIPlugin
2023-10-01 11:20:49,732 [INFO] PluginManager:220 - loadIPPluginJar : add gic
2023-10-01 11:20:49,733 [INFO] IPUIPlugin:80 - create IPUIPlugin
2023-10-01 11:20:49,733 [INFO] PluginManager:220 - loadIPPluginJar : add hash
2023-10-01 11:20:49,734 [INFO] IPUIPlugin:80 - create IPUIPlugin
2023-10-01 11:20:49,734 [INFO] PluginManager:220 - loadIPPluginJar : add tim
2023-10-01 11:20:49,737 [INFO] IPUIPlugin:80 - create IPUIPlugin
2023-10-01 11:20:49,737 [INFO] PluginManager:220 - loadIPPluginJar : add fmc
2023-10-01 11:20:49,738 [INFO] IPUIPlugin:80 - create IPUIPlugin
2023-10-01 11:20:49,738 [INFO] PluginManager:220 - loadIPPluginJar : add ucpd
2023-10-01 11:20:49,739 [INFO] IPUIPlugin:80 - create IPUIPlugin
2023-10-01 11:20:49,739 [INFO] PluginManager:220 - loadIPPluginJar : add gfxmmu
2023-10-01 11:20:49,740 [INFO] IPUIPlugin:80 - create IPUIPlugin
2023-10-01 11:20:49,740 [INFO] PluginManager:220 - loadIPPluginJar : add spi
2023-10-01 11:20:49,741 [INFO] IPUIPlugin:80 - create IPUIPlugin
2023-10-01 11:20:49,741 [INFO] PluginManager:220 - loadIPPluginJar : add can
2023-10-01 11:20:49,742 [INFO] IPUIPlugin:80 - create IPUIPlugin
2023-10-01 11:20:49,742 [INFO] PluginManager:220 - loadIPPluginJar : add comp
2023-10-01 11:20:49,747 [INFO] IPUIPlugin:80 - create IPUIPlugin
2023-10-01 11:20:49,747 [INFO] PluginManager:220 - loadIPPluginJar : add mdma
2023-10-01 11:20:49,748 [INFO] IPUIPlugin:80 - create IPUIPlugin
2023-10-01 11:20:49,748 [INFO] PluginManager:220 - loadIPPluginJar : add usart
2023-10-01 11:20:49,749 [INFO] IPUIPlugin:80 - create IPUIPlugin
2023-10-01 11:20:49,749 [INFO] PluginManager:220 - loadIPPluginJar : add tsc
2023-10-01 11:20:49,753 [INFO] IPUIPlugin:80 - create IPUIPlugin
2023-10-01 11:20:49,753 [INFO] PluginManager:220 - loadIPPluginJar : add linkedlist
2023-10-01 11:20:49,755 [INFO] IPUIPlugin:80 - create IPUIPlugin
2023-10-01 11:20:49,755 [INFO] PluginManager:220 - loadIPPluginJar : add opamp
2023-10-01 11:20:49,756 [INFO] IPUIPlugin:80 - create IPUIPlugin
2023-10-01 11:20:49,757 [INFO] PluginManager:220 - loadIPPluginJar : add ts
2023-10-01 11:20:49,757 [INFO] IPUIPlugin:80 - create IPUIPlugin
2023-10-01 11:20:49,757 [INFO] PluginManager:220 - loadIPPluginJar : add quadspi
2023-10-01 11:20:49,758 [INFO] IPUIPlugin:80 - create IPUIPlugin
2023-10-01 11:20:49,759 [INFO] PluginManager:220 - loadIPPluginJar : add i2c
2023-10-01 11:20:49,759 [INFO] IPUIPlugin:80 - create IPUIPlugin
2023-10-01 11:20:49,759 [INFO] PluginManager:220 - loadIPPluginJar : add tracer_emb
2023-10-01 11:20:49,763 [INFO] IPUIPlugin:80 - create IPUIPlugin
2023-10-01 11:20:49,763 [INFO] PluginManager:220 - loadIPPluginJar : add adc
2023-10-01 11:20:49,767 [INFO] IPUIPlugin:80 - create IPUIPlugin
2023-10-01 11:20:49,770 [INFO] PluginManager:220 - loadIPPluginJar : add plateformsettings
2023-10-01 11:20:49,772 [INFO] IPUIPlugin:80 - create IPUIPlugin
2023-10-01 11:20:49,772 [INFO] PluginManager:220 - loadIPPluginJar : add dma3
2023-10-01 11:20:49,776 [INFO] IPUIPlugin:80 - create IPUIPlugin
2023-10-01 11:20:49,776 [INFO] PluginManager:220 - loadIPPluginJar : add dma
2023-10-01 11:20:49,777 [INFO] IPUIPlugin:80 - create IPUIPlugin
2023-10-01 11:20:49,778 [INFO] PluginManager:220 - loadIPPluginJar : add dfsdm
2023-10-01 11:20:49,779 [INFO] IPUIPlugin:80 - create IPUIPlugin
2023-10-01 11:20:49,779 [INFO] PluginManager:220 - loadIPPluginJar : add pdm2pcm
2023-10-01 11:20:49,780 [INFO] IPUIPlugin:80 - create IPUIPlugin
2023-10-01 11:20:49,781 [INFO] PluginManager:220 - loadIPPluginJar : add aes
2023-10-01 11:20:49,782 [INFO] IPUIPlugin:80 - create IPUIPlugin
2023-10-01 11:20:49,783 [INFO] PluginManager:220 - loadIPPluginJar : add nvic
2023-10-01 11:20:49,876 [INFO] CADModel:165 - CPN selected for project level
2023-10-01 11:20:49,876 [INFO] CADModel:114 - Register for checkConnection events
2023-10-01 11:20:49,876 [FATAL] Updater:308 - Updater called before beeing initialized
2023-10-01 11:20:49,877 [ERROR] CADModel:125 - Updater not yet initialized, retry later 
2023-10-01 11:20:49,951 [INFO] CADModel:165 - CPN selected for project level
2023-10-01 11:20:49,952 [INFO] CADModel:114 - Register for checkConnection events
2023-10-01 11:20:49,952 [FATAL] Updater:308 - Updater called before beeing initialized
2023-10-01 11:20:49,952 [ERROR] CADModel:125 - Updater not yet initialized, retry later 
2023-10-01 11:20:49,953 [FATAL] Updater:308 - Updater called before beeing initialized
2023-10-01 11:20:50,003 [FATAL] Updater:308 - Updater called before beeing initialized
2023-10-01 11:20:50,007 [INFO] DbMcusAds:53 - JSON generation date=Tue Mar 07 09:50:55 CET 2023 (1678179055114)
2023-10-01 11:20:50,008 [FATAL] Updater:308 - Updater called before beeing initialized
2023-10-01 11:20:50,033 [WARN] DetailPanel:346 - Failed to get advertising image, set to default
2023-10-01 11:20:50,089 [FATAL] Updater:308 - Updater called before beeing initialized
2023-10-01 11:20:50,090 [FATAL] Updater:308 - Updater called before beeing initialized
2023-10-01 11:20:50,090 [FATAL] Updater:308 - Updater called before beeing initialized
2023-10-01 11:20:50,090 [WARN] DetailPanel:346 - Failed to get advertising image, set to default
2023-10-01 11:20:50,091 [FATAL] Updater:308 - Updater called before beeing initialized
2023-10-01 11:20:50,110 [ERROR] Updater:1120 - MainUpdater not yet initialized. External WinMGr cannot be set.
2023-10-01 11:20:50,112 [INFO] Updater:1056 - Updater Version found : 6.9.2
2023-10-01 11:20:50,126 [INFO] ApplicationProperties:184 - Using Application install path: /home/isamd/stm32/plugins/com.st.stm32cube.common.mx_6.9.2.202309101412
2023-10-01 11:20:50,199 [INFO] MainUpdater:2868 - connection check result : 10
2023-10-01 11:20:50,199 [INFO] MainUpdater:285 - Updater Check For Update Now.
2023-10-01 11:20:50,199 [INFO] MicroXplorer:498 - Change Database Version : DB.6.0.92
2023-10-01 11:20:50,203 [INFO] McuFinderGlobals:63 - Set McuFinder mode to 2 (CubeIDE integrated)
2023-10-01 11:20:50,203 [INFO] UserAuth:179 - activating auth plugin
2023-10-01 11:20:50,205 [INFO] UserAuth:393 - Internet connection configuration mode: 1
2023-10-01 11:20:50,216 [INFO] JxBrowserEngine:151 - Initiate JxBrowser Engine with user profile folder
2023-10-01 11:20:50,338 [INFO] CheckServerUpdateThread:120 - End of CheckServer Thread
2023-10-01 11:20:50,658 [INFO] WebApp:157 - Instantiating new browser for Auth
2023-10-01 11:20:50,953 [INFO] WebApp:753 - Register for checkConnection events
2023-10-01 11:20:50,953 [INFO] WebApp:390 - Apply proxy settings
2023-10-01 11:20:50,953 [INFO] WebApp:475 - Chromium requires no authentication
2023-10-01 11:20:50,957 [INFO] WebApp:418 - Direct internet connection detected
2023-10-01 11:20:51,024 [INFO] WebApp:188 - Starting web application
2023-10-01 11:20:51,024 [INFO] WebApp:520 - Web application path used /home/isamd/stm32/plugins/com.st.stm32cube.common.mx_6.9.2.202309101412/db/plugins/mcufinder/reactClient1/index.html
2023-10-01 11:20:52,550 [WARN] PackLoader:240 - Cannot read IP mode file for STMicroelectronics.X-CUBE-SMBUS.2.1.0
2023-10-01 11:20:52,566 [WARN] PackLoader:240 - Cannot read IP mode file for STMicroelectronics.X-CUBE-AZRTOS-F7.1.1.0
2023-10-01 11:20:52,573 [WARN] PackLoader:240 - Cannot read IP mode file for STMicroelectronics.FP-SNS-MOTENV1.4.3.2
2023-10-01 11:20:52,577 [WARN] PackLoader:240 - Cannot read IP mode file for STMicroelectronics.FP-SNS-FLIGHT1.5.0.2
2023-10-01 11:20:52,583 [WARN] PackLoader:240 - Cannot read IP mode file for STMicroelectronics.X-CUBE-DISPLAY.3.0.0
2023-10-01 11:20:52,590 [WARN] PackLoader:240 - Cannot read IP mode file for STMicroelectronics.X-CUBE-BLE1.7.0.0
2023-10-01 11:20:52,593 [WARN] PackLoader:240 - Cannot read IP mode file for emotas.I-CUBE-CANOPEN.1.3.0
2023-10-01 11:20:52,596 [WARN] PackLoader:240 - Cannot read IP mode file for STMicroelectronics.X-CUBE-TOUCHGFX.4.22.0
2023-10-01 11:20:52,598 [WARN] PackLoader:240 - Cannot read IP mode file for STMicroelectronics.FP-SNS-SMARTAG2.1.2.0
2023-10-01 11:20:52,605 [INFO] LogOutputStream:77 - [STDOUT_REDIRECT] 1 : Invalid condition id : UX_CORESTACK_Condition cause : null
2023-10-01 11:20:52,606 [INFO] LogOutputStream:77 - [STDOUT_REDIRECT] 1 : Invalid condition id : UX_CORESTACK_Condition cause : null
2023-10-01 11:20:52,606 [INFO] LogOutputStream:77 - [STDOUT_REDIRECT] 1 : Invalid condition id : UX_CORESTACK_Condition cause : null
2023-10-01 11:20:52,606 [INFO] LogOutputStream:77 - [STDOUT_REDIRECT] 1 : Invalid condition id : UX_CORESTACK_Condition cause : null
2023-10-01 11:20:52,606 [INFO] LogOutputStream:77 - [STDOUT_REDIRECT] 1 : Invalid condition id : UX_CORESTACK_Condition cause : null
2023-10-01 11:20:52,608 [WARN] PackLoader:240 - Cannot read IP mode file for STMicroelectronics.X-CUBE-AZRTOS-WL.2.0.0
2023-10-01 11:20:52,615 [WARN] PackLoader:240 - Cannot read IP mode file for WES.I-CUBE-Cesium.1.3.0
2023-10-01 11:20:52,618 [WARN] PackLoader:240 - Cannot read IP mode file for STMicroelectronics.X-CUBE-BLE2.3.3.0
2023-10-01 11:20:52,622 [WARN] PackLoader:240 - Cannot read IP mode file for STMicroelectronics.X-CUBE-ALGOBUILD.1.3.0
2023-10-01 11:20:52,631 [WARN] PackLoader:240 - Cannot read IP mode file for STMicroelectronics.X-CUBE-AZRTOS-G0.1.1.0
2023-10-01 11:20:52,635 [WARN] PackLoader:240 - Cannot read IP mode file for STMicroelectronics.X-CUBE-NFC4.3.0.0
2023-10-01 11:20:52,639 [WARN] PackLoader:240 - Cannot read IP mode file for STMicroelectronics.FP-ATR-SIGFOX1.3.2.0
2023-10-01 11:20:52,656 [WARN] PackLoader:240 - Cannot read IP mode file for SEGGER.I-CUBE-embOS.1.3.1
2023-10-01 11:20:52,699 [WARN] PackLoader:240 - Cannot read IP mode file for STMicroelectronics.X-CUBE-GNSS1.6.0.0
2023-10-01 11:20:52,716 [WARN] PackLoader:240 - Cannot read IP mode file for STMicroelectronics.X-CUBE-AZRTOS-F4.1.1.0
2023-10-01 11:20:52,733 [WARN] PackLoader:240 - Cannot read IP mode file for wolfSSL.I-CUBE-wolfSSL.5.6.3
2023-10-01 11:20:52,749 [WARN] PackLoader:240 - Cannot read IP mode file for STMicroelectronics.X-CUBE-AZRTOS-L5.2.0.0
2023-10-01 11:20:52,787 [WARN] PackLoader:240 - Cannot read IP mode file for STMicroelectronics.X-CUBE-MEMS1.9.6.0
2023-10-01 11:20:52,979 [WARN] PackLoader:240 - Cannot read IP mode file for STMicroelectronics.X-CUBE-BLEMGR.2.0.0
2023-10-01 11:20:52,998 [WARN] ConditionMgr:438 - getConditionDescription Invalid condition id : UX DEVICE CLASS RTOS Condition cause : null
2023-10-01 11:20:52,999 [WARN] ConditionMgr:438 - getConditionDescription Invalid condition id : UX DEVICE CLASS RTOS Condition cause : null
2023-10-01 11:20:53,002 [WARN] PackLoader:240 - Cannot read IP mode file for STMicroelectronics.X-CUBE-AZRTOS-H7.3.1.0
2023-10-01 11:20:53,004 [WARN] ConditionMgr:1039 - genDependencies : Invalid condition id : UX DEVICE CLASS RTOS Condition cause : null
2023-10-01 11:20:53,004 [WARN] ConditionMgr:1039 - genDependencies : Invalid condition id : UX DEVICE CLASS RTOS Condition cause : null
2023-10-01 11:20:53,005 [WARN] ConditionMgr:1039 - genDependencies : Invalid condition id : UX DEVICE CLASS RTOS Condition cause : null
2023-10-01 11:20:53,006 [WARN] ConditionMgr:1039 - genDependencies : Invalid condition id : UX DEVICE CLASS RTOS Condition cause : null
2023-10-01 11:20:53,006 [WARN] ConditionMgr:1039 - genDependencies : Invalid condition id : UX DEVICE CLASS RTOS Condition cause : null
2023-10-01 11:20:53,011 [WARN] PackLoader:240 - Cannot read IP mode file for STMicroelectronics.X-CUBE-NFC7.1.0.1
2023-10-01 11:20:53,017 [WARN] PackLoader:240 - Cannot read IP mode file for STMicroelectronics.X-CUBE-NFC6.3.0.0
2023-10-01 11:20:53,022 [WARN] PackLoader:240 - Cannot read IP mode file for STMicroelectronics.X-CUBE-EEPRMA1.4.1.0
2023-10-01 11:20:53,025 [WARN] PackLoader:240 - Cannot read IP mode file for STMicroelectronics.X-CUBE-AI.8.1.0
2023-10-01 11:20:53,039 [WARN] ConditionMgr:438 - getConditionDescription Invalid condition id : LAN8742 Phy interface Condition cause : null
2023-10-01 11:20:53,040 [WARN] PackLoader:240 - Cannot read IP mode file for STMicroelectronics.X-CUBE-AZRTOS-L4.2.0.0
2023-10-01 11:20:53,041 [WARN] ConditionMgr:1039 - genDependencies : Invalid condition id : LAN8742 Phy interface Condition cause : null
2023-10-01 11:20:53,042 [WARN] ConditionMgr:1039 - genDependencies : Invalid condition id : LAN8742 Phy interface Condition cause : null
2023-10-01 11:20:53,042 [WARN] ConditionMgr:1039 - genDependencies : Invalid condition id : LAN8742 Phy interface Condition cause : null
2023-10-01 11:20:53,047 [WARN] PackLoader:240 - Cannot read IP mode file for STMicroelectronics.X-CUBE-SFXS2LP1.4.0.0
2023-10-01 11:20:53,051 [WARN] PackLoader:240 - Cannot read IP mode file for STMicroelectronics.X-CUBE-ISPU.1.1.0
2023-10-01 11:20:53,059 [WARN] ConditionMgr:438 - getConditionDescription Invalid condition id : UX DEVICE CLASS RTOS Condition cause : null
2023-10-01 11:20:53,060 [WARN] ConditionMgr:438 - getConditionDescription Invalid condition id : UX DEVICE CLASS RTOS Condition cause : null
2023-10-01 11:20:53,061 [WARN] PackLoader:240 - Cannot read IP mode file for STMicroelectronics.X-CUBE-AZRTOS-WB.2.0.0
2023-10-01 11:20:53,062 [WARN] ConditionMgr:1039 - genDependencies : Invalid condition id : UX DEVICE CLASS RTOS Condition cause : null
2023-10-01 11:20:53,062 [WARN] ConditionMgr:1039 - genDependencies : Invalid condition id : UX DEVICE CLASS RTOS Condition cause : null
2023-10-01 11:20:53,063 [WARN] ConditionMgr:1039 - genDependencies : Invalid condition id : UX DEVICE CLASS RTOS Condition cause : null
2023-10-01 11:20:53,063 [WARN] ConditionMgr:1039 - genDependencies : Invalid condition id : UX DEVICE CLASS RTOS Condition cause : null
2023-10-01 11:20:53,063 [WARN] ConditionMgr:1039 - genDependencies : Invalid condition id : UX DEVICE CLASS RTOS Condition cause : null
2023-10-01 11:20:53,072 [WARN] PackLoader:240 - Cannot read IP mode file for STMicroelectronics.X-CUBE-SUBG2.5.0.0
2023-10-01 11:20:53,087 [WARN] PackLoader:240 - Cannot read IP mode file for STMicroelectronics.X-CUBE-TOF1.3.3.1
2023-10-01 11:20:53,105 [WARN] PackLoader:240 - Cannot read IP mode file for STMicroelectronics.X-CUBE-AZRTOS-G4.2.0.0
2023-10-01 11:20:53,111 [WARN] PackLoader:240 - Cannot read IP mode file for STMicroelectronics.X-CUBE-FREERTOS.1.1.0
2023-10-01 11:20:53,117 [WARN] PackLoader:240 - Cannot read IP mode file for portGmbH.I-Cube-SoM-uGOAL.1.1.0
2023-10-01 11:20:53,122 [WARN] PackLoader:240 - Cannot read IP mode file for STMicroelectronics.X-CUBE-ALS.1.0.1
2023-10-01 11:20:53,125 [WARN] PackLoader:240 - Cannot read IP mode file for STMicroelectronics.FP-ATR-ASTRA1.2.0.0
2023-10-01 11:20:53,126 [INFO] ThirdParty:978 - Integrity check success = true
2023-10-01 11:20:53,126 [INFO] IntegrityCheckThread:100 - exiting critical section [integrity check]
2023-10-01 11:20:53,126 [INFO] IntegrityCheckThread:103 - End integrity checks thread
2023-10-01 11:21:12,106 [ERROR] LogOutputStream:75 - [STDERR_REDIRECT] SLF4J: Failed to load class "org.slf4j.impl.StaticLoggerBinder".
2023-10-01 11:21:12,107 [ERROR] LogOutputStream:75 - [STDERR_REDIRECT] SLF4J: Defaulting to no-operation (NOP) logger implementation
2023-10-01 11:21:12,107 [ERROR] LogOutputStream:75 - [STDERR_REDIRECT] SLF4J: See http://www.slf4j.org/codes.html#StaticLoggerBinder for further details.
2023-10-01 18:20:52,302 [ERROR] LogOutputStream:75 - [STDERR_REDIRECT] SWT SessionManagerDBus: Failed to UnregisterClient: GDBus.Error:org.freedesktop.DBus.Error.NoReply: Message recipient disconnected from message bus without replying
