2023-10-30 00:24:06,149 [INFO] Activator:176 - 


2023-10-30 00:24:06,152 [INFO] Activator:177 - !SESSION log4j initialized
2023-10-30 00:24:09,222 [INFO] LogOutputStream:77 - [STDOUT_REDIRECT] 
2023-10-30 00:24:09,789 [INFO] ApplicationProperties:184 - Using Application install path: /home/isamd/stm32/plugins/com.st.stm32cube.common.mx_6.9.2.202309101412
2023-10-30 00:24:09,806 [INFO] DbMcusXml:78 - Set database path to: /home/isamd/stm32/plugins/com.st.stm32cube.common.mx_6.9.2.202309101412//db//mcu/
2023-10-30 00:24:09,806 [INFO] ApiDb:274 - Set plugin database path to: /home/isamd/stm32/plugins/com.st.stm32cube.common.mx_6.9.2.202309101412//db//plugins/boardmanager/
2023-10-30 00:24:09,806 [WARN] ApiDb:259 - Overriding images path with different value:  => /home/isamd/stm32/plugins/com.st.stm32cube.common.mx_6.9.2.202309101412//db//plugins/mcufinder/images/
2023-10-30 00:24:09,814 [INFO] ApiDb:250 - Set database path to: /home/isamd/.stmcufinder/plugins/mcufinder//mcu/
2023-10-30 00:24:09,815 [INFO] DbMcusAds:125 - Set database path to: /home/isamd/.stmcufinder/plugins/mcufinder//mcu/
2023-10-30 00:24:09,817 [INFO] CrossReferenceDbSqlite:203 - Set database path to: /home/isamd/.stmcufinder/plugins/mcufinder//mcu/cs/
2023-10-30 00:24:09,921 [INFO] RulesReader:64 - Compatibility file has been processed (293 Rules)
2023-10-30 00:24:10,005 [INFO] DbMcusXml:78 - Set database path to: /home/isamd/stm32/plugins/com.st.stm32cube.common.mx_6.9.2.202309101412//db//mcu/
2023-10-30 00:24:10,005 [INFO] ApiDb:274 - Set plugin database path to: /home/isamd/stm32/plugins/com.st.stm32cube.common.mx_6.9.2.202309101412//db//plugins/boardmanager/
2023-10-30 00:24:10,005 [INFO] ApiDb:261 - Set plugin images path to: /home/isamd/stm32/plugins/com.st.stm32cube.common.mx_6.9.2.202309101412//db//plugins/mcufinder/images/
2023-10-30 00:24:10,006 [WARN] DbFile:41 - Overriding database path with different value: /home/isamd/.stmcufinder/plugins/mcufinder/ => /home/isamd/.stmcufinder/plugins/mcufinder
2023-10-30 00:24:10,006 [INFO] ApiDb:250 - Set database path to: /home/isamd/.stmcufinder/plugins/mcufinder//mcu/
2023-10-30 00:24:10,006 [WARN] DbFile:41 - Overriding database path with different value: /home/isamd/.stmcufinder/plugins/mcufinder/ => /home/isamd/.stmcufinder/plugins/mcufinder
2023-10-30 00:24:10,006 [INFO] DbMcusAds:125 - Set database path to: /home/isamd/.stmcufinder/plugins/mcufinder//mcu/
2023-10-30 00:24:10,006 [WARN] DbFile:41 - Overriding database path with different value: /home/isamd/.stmcufinder/plugins/mcufinder/ => /home/isamd/.stmcufinder/plugins/mcufinder
2023-10-30 00:24:10,006 [WARN] DbFile:41 - Overriding database path with different value: /home/isamd/.stmcufinder/plugins/mcufinder/ => /home/isamd/.stmcufinder/plugins/mcufinder
2023-10-30 00:24:10,006 [INFO] CrossReferenceDbSqlite:203 - Set database path to: /home/isamd/.stmcufinder/plugins/mcufinder//mcu/cs/
2023-10-30 00:24:10,108 [INFO] MainPanel:262 - HeapMemory: 268435456
2023-10-30 00:24:10,199 [INFO] DbMcusXml:78 - Set database path to: /home/isamd/stm32/plugins/com.st.stm32cube.common.mx_6.9.2.202309101412//db//mcu/
2023-10-30 00:24:10,199 [INFO] ApiDb:274 - Set plugin database path to: /home/isamd/stm32/plugins/com.st.stm32cube.common.mx_6.9.2.202309101412//db//plugins/boardmanager/
2023-10-30 00:24:10,199 [INFO] ApiDb:261 - Set plugin images path to: /home/isamd/stm32/plugins/com.st.stm32cube.common.mx_6.9.2.202309101412//db//plugins/mcufinder/images/
2023-10-30 00:24:10,199 [WARN] DbFile:41 - Overriding database path with different value: /home/isamd/.stmcufinder/plugins/mcufinder/ => /home/isamd/.stmcufinder/plugins/mcufinder
2023-10-30 00:24:10,199 [INFO] ApiDb:250 - Set database path to: /home/isamd/.stmcufinder/plugins/mcufinder//mcu/
2023-10-30 00:24:10,199 [WARN] DbFile:41 - Overriding database path with different value: /home/isamd/.stmcufinder/plugins/mcufinder/ => /home/isamd/.stmcufinder/plugins/mcufinder
2023-10-30 00:24:10,199 [INFO] DbMcusAds:125 - Set database path to: /home/isamd/.stmcufinder/plugins/mcufinder//mcu/
2023-10-30 00:24:10,199 [WARN] DbFile:41 - Overriding database path with different value: /home/isamd/.stmcufinder/plugins/mcufinder/ => /home/isamd/.stmcufinder/plugins/mcufinder
2023-10-30 00:24:10,200 [WARN] DbFile:41 - Overriding database path with different value: /home/isamd/.stmcufinder/plugins/mcufinder/ => /home/isamd/.stmcufinder/plugins/mcufinder
2023-10-30 00:24:10,200 [INFO] CrossReferenceDbSqlite:203 - Set database path to: /home/isamd/.stmcufinder/plugins/mcufinder//mcu/cs/
2023-10-30 00:24:10,210 [INFO] ApplicationProperties:184 - Using Application install path: /home/isamd/stm32/plugins/com.st.stm32cube.common.mx_6.9.2.202309101412
2023-10-30 00:24:10,211 [INFO] PluginManage:196 - Search for loadable plugins [exclusion list=, ]
2023-10-30 00:24:10,212 [INFO] PluginManage:310 - Check plugin analytics
2023-10-30 00:24:10,338 [INFO] AnalyticsPlugin:253 - Accepted Software Licenses: 
2023-10-30 00:24:10,339 [INFO] AnalyticsPlugin:255 - Accepted CMSIS Pack Licenses: 
2023-10-30 00:24:10,339 [INFO] AnalyticsPlugin:257 - Accepted Firmware Licenses: 
2023-10-30 00:24:10,342 [INFO] PluginManage:359 - Loaded plugin analytics (category:tool,tabindex:-1)
2023-10-30 00:24:10,342 [INFO] PluginManage:310 - Check plugin cadmodel
2023-10-30 00:24:10,371 [INFO] CADModel:105 - Init CAD model plugin
2023-10-30 00:24:10,371 [INFO] PluginManage:359 - Loaded plugin cadmodel (category:power,tabindex:5)
2023-10-30 00:24:10,372 [INFO] PluginManage:310 - Check plugin clock
2023-10-30 00:24:10,380 [INFO] PluginManage:359 - Loaded plugin clock (category:base,tabindex:2)
2023-10-30 00:24:10,381 [INFO] PluginManage:310 - Check plugin ddr
2023-10-30 00:24:10,382 [INFO] PluginManage:359 - Loaded plugin ddr (category:tool,tabindex:6)
2023-10-30 00:24:10,383 [INFO] PluginManage:310 - Check plugin filemanager
2023-10-30 00:24:10,491 [INFO] PluginManage:359 - Loaded plugin filemanager (category:base,tabindex:10)
2023-10-30 00:24:10,491 [INFO] PluginManage:310 - Check plugin ipmanager
2023-10-30 00:24:10,495 [INFO] PluginManage:359 - Loaded plugin ipmanager (category:base,tabindex:5)
2023-10-30 00:24:10,496 [INFO] PluginManage:310 - Check plugin lpbam
2023-10-30 00:24:10,505 [INFO] PluginManage:359 - Loaded plugin lpbam (category:base,tabindex:0)
2023-10-30 00:24:10,505 [INFO] PluginManage:310 - Check plugin memorymap
2023-10-30 00:24:10,514 [INFO] PluginManage:359 - Loaded plugin memorymap (category:base,tabindex:4)
2023-10-30 00:24:10,514 [INFO] PluginManage:310 - Check plugin pinoutandconfiguration
2023-10-30 00:24:10,521 [INFO] PluginManage:359 - Loaded plugin pinoutandconfiguration (category:base,tabindex:1)
2023-10-30 00:24:10,521 [INFO] PluginManage:310 - Check plugin pinoutconfig
2023-10-30 00:24:10,578 [WARN] SupportedApi:132 - Cannot load RTOS API schema: s4s-elt-must-match.1: The content of 'definitions' must match (annotation?, (simpleType | complexType)?, (unique | key | keyref)*)). A problem was found starting at: attribute.
2023-10-30 00:24:10,661 [INFO] PluginManage:359 - Loaded plugin pinoutconfig (category:base,tabindex:0)
2023-10-30 00:24:10,661 [INFO] PluginManage:310 - Check plugin power
2023-10-30 00:24:10,669 [INFO] PluginManage:359 - Loaded plugin power (category:power,tabindex:4)
2023-10-30 00:24:10,669 [INFO] PluginManage:310 - Check plugin projectmanager
2023-10-30 00:24:10,678 [INFO] PluginManage:359 - Loaded plugin projectmanager (category:projectmanager,tabindex:3)
2023-10-30 00:24:10,678 [INFO] PluginManage:310 - Check plugin thirdparty
2023-10-30 00:24:10,749 [INFO] PluginManage:359 - Loaded plugin thirdparty (category:base,tabindex:-1)
2023-10-30 00:24:10,749 [WARN] IntegrityCheckThread:84 - waiting for thirdparty lock release [integrity check]
2023-10-30 00:24:10,749 [INFO] PluginManage:310 - Check plugin tools
2023-10-30 00:24:10,750 [INFO] IntegrityCheckThread:86 - entering critical section [integrity check]
2023-10-30 00:24:10,750 [INFO] ThirdPartyUpdaterWithRetryManager:70 - Updater plugin not ready yet. [1/15]
2023-10-30 00:24:10,751 [INFO] PluginManage:359 - Loaded plugin tools (category:base,tabindex:7)
2023-10-30 00:24:10,752 [INFO] PluginManage:310 - Check plugin tutovideos
2023-10-30 00:24:10,864 [INFO] PluginManage:359 - Loaded plugin tutovideos (category:base,tabindex:-1)
2023-10-30 00:24:10,864 [INFO] PluginManage:310 - Check plugin updater
2023-10-30 00:24:10,872 [INFO] PluginManage:359 - Loaded plugin updater (category:base,tabindex:12)
2023-10-30 00:24:10,872 [INFO] PluginManage:310 - Check plugin userauth
2023-10-30 00:24:10,875 [INFO] UserAuth:113 - Init User Auth plugin
2023-10-30 00:24:10,875 [INFO] PluginManage:359 - Loaded plugin userauth (category:base,tabindex:14)
2023-10-30 00:24:10,876 [INFO] PluginManage:283 - PluginManage : Loaded plugins [17]
2023-10-30 00:24:11,025 [INFO] PinOutPanel:1499 - setPackage(No Configuration,No Configuration)
2023-10-30 00:24:11,092 [INFO] CADModel:165 - CPN selected for project level
2023-10-30 00:24:11,092 [INFO] CADModel:114 - Register for checkConnection events
2023-10-30 00:24:11,102 [INFO] IPUIPlugin:80 - create IPUIPlugin
2023-10-30 00:24:11,103 [INFO] PluginManager:220 - loadIPPluginJar : add lorawan
2023-10-30 00:24:11,105 [INFO] IPUIPlugin:80 - create IPUIPlugin
2023-10-30 00:24:11,105 [INFO] PluginManager:220 - loadIPPluginJar : add gpio
2023-10-30 00:24:11,109 [INFO] IPUIPlugin:80 - create IPUIPlugin
2023-10-30 00:24:11,109 [INFO] PluginManager:220 - loadIPPluginJar : add freertos
2023-10-30 00:24:11,110 [INFO] IPUIPlugin:80 - create IPUIPlugin
2023-10-30 00:24:11,110 [INFO] PluginManager:220 - loadIPPluginJar : add genericplugin
2023-10-30 00:24:11,111 [INFO] IPUIPlugin:80 - create IPUIPlugin
2023-10-30 00:24:11,111 [INFO] PluginManager:220 - loadIPPluginJar : add i3c
2023-10-30 00:24:11,113 [INFO] IPUIPlugin:80 - create IPUIPlugin
2023-10-30 00:24:11,113 [INFO] PluginManager:220 - loadIPPluginJar : add ipddr
2023-10-30 00:24:11,114 [INFO] IPUIPlugin:80 - create IPUIPlugin
2023-10-30 00:24:11,114 [INFO] PluginManager:220 - loadIPPluginJar : add i2s
2023-10-30 00:24:11,115 [INFO] IPUIPlugin:80 - create IPUIPlugin
2023-10-30 00:24:11,115 [INFO] PluginManager:220 - loadIPPluginJar : add fatfs
2023-10-30 00:24:11,117 [INFO] IPUIPlugin:80 - create IPUIPlugin
2023-10-30 00:24:11,117 [INFO] PluginManager:220 - loadIPPluginJar : add usbx
2023-10-30 00:24:11,121 [INFO] IPUIPlugin:80 - create IPUIPlugin
2023-10-30 00:24:11,121 [INFO] PluginManager:220 - loadIPPluginJar : add resmgrutility
2023-10-30 00:24:11,122 [INFO] IPUIPlugin:80 - create IPUIPlugin
2023-10-30 00:24:11,122 [INFO] PluginManager:220 - loadIPPluginJar : add sai
2023-10-30 00:24:11,124 [INFO] IPUIPlugin:80 - create IPUIPlugin
2023-10-30 00:24:11,124 [INFO] PluginManager:220 - loadIPPluginJar : add openamp
2023-10-30 00:24:11,125 [INFO] IPUIPlugin:80 - create IPUIPlugin
2023-10-30 00:24:11,125 [INFO] PluginManager:220 - loadIPPluginJar : add ltdc
2023-10-30 00:24:11,128 [INFO] IPUIPlugin:80 - create IPUIPlugin
2023-10-30 00:24:11,128 [INFO] PluginManager:220 - loadIPPluginJar : add stm32_wpan
2023-10-30 00:24:11,129 [INFO] IPUIPlugin:80 - create IPUIPlugin
2023-10-30 00:24:11,130 [INFO] PluginManager:220 - loadIPPluginJar : add cryp
2023-10-30 00:24:11,132 [INFO] IPUIPlugin:80 - create IPUIPlugin
2023-10-30 00:24:11,132 [INFO] PluginManager:220 - loadIPPluginJar : add touchsensing
2023-10-30 00:24:11,134 [INFO] IPUIPlugin:80 - create IPUIPlugin
2023-10-30 00:24:11,134 [INFO] PluginManager:220 - loadIPPluginJar : add gtzc
2023-10-30 00:24:11,137 [INFO] IPUIPlugin:80 - create IPUIPlugin
2023-10-30 00:24:11,137 [INFO] PluginManager:220 - loadIPPluginJar : add gic
2023-10-30 00:24:11,138 [INFO] IPUIPlugin:80 - create IPUIPlugin
2023-10-30 00:24:11,138 [INFO] PluginManager:220 - loadIPPluginJar : add hash
2023-10-30 00:24:11,139 [INFO] IPUIPlugin:80 - create IPUIPlugin
2023-10-30 00:24:11,139 [INFO] PluginManager:220 - loadIPPluginJar : add tim
2023-10-30 00:24:11,142 [INFO] IPUIPlugin:80 - create IPUIPlugin
2023-10-30 00:24:11,142 [INFO] PluginManager:220 - loadIPPluginJar : add fmc
2023-10-30 00:24:11,143 [INFO] IPUIPlugin:80 - create IPUIPlugin
2023-10-30 00:24:11,143 [INFO] PluginManager:220 - loadIPPluginJar : add ucpd
2023-10-30 00:24:11,144 [INFO] IPUIPlugin:80 - create IPUIPlugin
2023-10-30 00:24:11,145 [INFO] PluginManager:220 - loadIPPluginJar : add gfxmmu
2023-10-30 00:24:11,146 [INFO] IPUIPlugin:80 - create IPUIPlugin
2023-10-30 00:24:11,146 [INFO] PluginManager:220 - loadIPPluginJar : add spi
2023-10-30 00:24:11,147 [INFO] IPUIPlugin:80 - create IPUIPlugin
2023-10-30 00:24:11,147 [INFO] PluginManager:220 - loadIPPluginJar : add can
2023-10-30 00:24:11,148 [INFO] IPUIPlugin:80 - create IPUIPlugin
2023-10-30 00:24:11,148 [INFO] PluginManager:220 - loadIPPluginJar : add comp
2023-10-30 00:24:11,152 [INFO] IPUIPlugin:80 - create IPUIPlugin
2023-10-30 00:24:11,152 [INFO] PluginManager:220 - loadIPPluginJar : add mdma
2023-10-30 00:24:11,154 [INFO] IPUIPlugin:80 - create IPUIPlugin
2023-10-30 00:24:11,154 [INFO] PluginManager:220 - loadIPPluginJar : add usart
2023-10-30 00:24:11,154 [INFO] IPUIPlugin:80 - create IPUIPlugin
2023-10-30 00:24:11,154 [INFO] PluginManager:220 - loadIPPluginJar : add tsc
2023-10-30 00:24:11,159 [INFO] IPUIPlugin:80 - create IPUIPlugin
2023-10-30 00:24:11,159 [INFO] PluginManager:220 - loadIPPluginJar : add linkedlist
2023-10-30 00:24:11,160 [INFO] IPUIPlugin:80 - create IPUIPlugin
2023-10-30 00:24:11,161 [INFO] PluginManager:220 - loadIPPluginJar : add opamp
2023-10-30 00:24:11,161 [INFO] IPUIPlugin:80 - create IPUIPlugin
2023-10-30 00:24:11,161 [INFO] PluginManager:220 - loadIPPluginJar : add ts
2023-10-30 00:24:11,162 [INFO] IPUIPlugin:80 - create IPUIPlugin
2023-10-30 00:24:11,162 [INFO] PluginManager:220 - loadIPPluginJar : add quadspi
2023-10-30 00:24:11,164 [INFO] IPUIPlugin:80 - create IPUIPlugin
2023-10-30 00:24:11,164 [INFO] PluginManager:220 - loadIPPluginJar : add i2c
2023-10-30 00:24:11,165 [INFO] IPUIPlugin:80 - create IPUIPlugin
2023-10-30 00:24:11,165 [INFO] PluginManager:220 - loadIPPluginJar : add tracer_emb
2023-10-30 00:24:11,170 [INFO] IPUIPlugin:80 - create IPUIPlugin
2023-10-30 00:24:11,170 [INFO] PluginManager:220 - loadIPPluginJar : add adc
2023-10-30 00:24:11,174 [INFO] IPUIPlugin:80 - create IPUIPlugin
2023-10-30 00:24:11,176 [INFO] PluginManager:220 - loadIPPluginJar : add plateformsettings
2023-10-30 00:24:11,178 [INFO] IPUIPlugin:80 - create IPUIPlugin
2023-10-30 00:24:11,178 [INFO] PluginManager:220 - loadIPPluginJar : add dma3
2023-10-30 00:24:11,183 [INFO] IPUIPlugin:80 - create IPUIPlugin
2023-10-30 00:24:11,184 [INFO] PluginManager:220 - loadIPPluginJar : add dma
2023-10-30 00:24:11,186 [INFO] IPUIPlugin:80 - create IPUIPlugin
2023-10-30 00:24:11,186 [INFO] PluginManager:220 - loadIPPluginJar : add dfsdm
2023-10-30 00:24:11,187 [INFO] IPUIPlugin:80 - create IPUIPlugin
2023-10-30 00:24:11,187 [INFO] PluginManager:220 - loadIPPluginJar : add pdm2pcm
2023-10-30 00:24:11,188 [INFO] IPUIPlugin:80 - create IPUIPlugin
2023-10-30 00:24:11,188 [INFO] PluginManager:220 - loadIPPluginJar : add aes
2023-10-30 00:24:11,190 [INFO] IPUIPlugin:80 - create IPUIPlugin
2023-10-30 00:24:11,190 [INFO] PluginManager:220 - loadIPPluginJar : add nvic
2023-10-30 00:24:11,278 [INFO] CADModel:165 - CPN selected for project level
2023-10-30 00:24:11,278 [INFO] CADModel:114 - Register for checkConnection events
2023-10-30 00:24:11,279 [FATAL] Updater:308 - Updater called before beeing initialized
2023-10-30 00:24:11,279 [ERROR] CADModel:125 - Updater not yet initialized, retry later 
2023-10-30 00:24:11,387 [INFO] CADModel:165 - CPN selected for project level
2023-10-30 00:24:11,387 [INFO] CADModel:114 - Register for checkConnection events
2023-10-30 00:24:11,387 [FATAL] Updater:308 - Updater called before beeing initialized
2023-10-30 00:24:11,387 [ERROR] CADModel:125 - Updater not yet initialized, retry later 
2023-10-30 00:24:11,389 [FATAL] Updater:308 - Updater called before beeing initialized
2023-10-30 00:24:11,444 [FATAL] Updater:308 - Updater called before beeing initialized
2023-10-30 00:24:11,451 [INFO] DbMcusAds:53 - JSON generation date=Tue Mar 07 09:50:55 CET 2023 (1678179055114)
2023-10-30 00:24:11,451 [FATAL] Updater:308 - Updater called before beeing initialized
2023-10-30 00:24:11,479 [WARN] DetailPanel:346 - Failed to get advertising image, set to default
2023-10-30 00:24:11,548 [FATAL] Updater:308 - Updater called before beeing initialized
2023-10-30 00:24:11,550 [FATAL] Updater:308 - Updater called before beeing initialized
2023-10-30 00:24:11,551 [FATAL] Updater:308 - Updater called before beeing initialized
2023-10-30 00:24:11,551 [WARN] DetailPanel:346 - Failed to get advertising image, set to default
2023-10-30 00:24:11,551 [FATAL] Updater:308 - Updater called before beeing initialized
2023-10-30 00:24:11,576 [ERROR] Updater:1120 - MainUpdater not yet initialized. External WinMGr cannot be set.
2023-10-30 00:24:11,578 [INFO] Updater:1056 - Updater Version found : 6.9.2
2023-10-30 00:24:11,597 [INFO] ApplicationProperties:184 - Using Application install path: /home/isamd/stm32/plugins/com.st.stm32cube.common.mx_6.9.2.202309101412
2023-10-30 00:24:11,690 [INFO] MainUpdater:2868 - connection check result : 10
2023-10-30 00:24:11,690 [INFO] MainUpdater:3562 - Updater definition file requires update
2023-10-30 00:24:11,691 [INFO] MainUpdater:285 - Updater Check For Update Now.
2023-10-30 00:24:11,691 [INFO] MicroXplorer:498 - Change Database Version : DB.6.0.92
2023-10-30 00:24:11,695 [INFO] McuFinderGlobals:63 - Set McuFinder mode to 2 (CubeIDE integrated)
2023-10-30 00:24:11,695 [INFO] UserAuth:179 - activating auth plugin
2023-10-30 00:24:11,697 [INFO] UserAuth:393 - Internet connection configuration mode: 1
2023-10-30 00:24:11,706 [INFO] JxBrowserEngine:151 - Initiate JxBrowser Engine with user profile folder
2023-10-30 00:24:11,719 [INFO] ServerAccessManage:473 - Download File updaters.zip
2023-10-30 00:24:11,776 [INFO] FileExtend:240 - Unzip File : updaters.zip
2023-10-30 00:24:11,776 [INFO] FileExtend:255 - Standard Zip Deflate
2023-10-30 00:24:11,933 [INFO] ServerAccessManage:473 - Download File PacksControlFlags.xml
2023-10-30 00:24:11,976 [INFO] ServerAccessManage:473 - Download File cubemx.pidx
2023-10-30 00:24:12,287 [INFO] ServerAccessManage:473 - Download File STMicroelectronics.X-CUBE-EEPRMA1.pdsc
2023-10-30 00:24:12,305 [INFO] WebApp:157 - Instantiating new browser for Auth
2023-10-30 00:24:12,528 [ERROR] ServerAccessManage:1089 - Problem, file not found on Server
2023-10-30 00:24:13,339 [ERROR] ServerAccessManage:1096 - Problem, Http access forbiden
2023-10-30 00:24:13,340 [ERROR] ServerAccessManage:651 - Problem, Http access forbiden : RoweBots.I-CUBE-UNISONRTOS.pdsc.
2023-10-30 00:24:13,347 [INFO] WebApp:753 - Register for checkConnection events
2023-10-30 00:24:13,347 [INFO] WebApp:390 - Apply proxy settings
2023-10-30 00:24:13,347 [INFO] WebApp:475 - Chromium requires no authentication
2023-10-30 00:24:13,351 [INFO] WebApp:418 - Direct internet connection detected
2023-10-30 00:24:13,431 [WARN] PackLoader:240 - Cannot read IP mode file for STMicroelectronics.X-CUBE-EEPRMA1.4.2.0
2023-10-30 00:24:13,436 [INFO] PopulateThirdPartyThread:66 - Ending populate Thread
2023-10-30 00:24:13,439 [INFO] ThirdParty:1030 - CMSIS Pack Vendor :STMicroelectronics X-CUBE-EEPRMA1 4.2.0
2023-10-30 00:24:13,439 [INFO] LoadServerUpdatesThread:373 - End of LoadServerUpdate Thread
2023-10-30 00:24:13,484 [INFO] WebApp:188 - Starting web application
2023-10-30 00:24:13,484 [INFO] WebApp:520 - Web application path used /home/isamd/stm32/plugins/com.st.stm32cube.common.mx_6.9.2.202309101412/db/plugins/mcufinder/reactClient1/index.html
2023-10-30 00:24:13,544 [INFO] CheckServerUpdateThread:120 - End of CheckServer Thread
2023-10-30 00:24:13,809 [WARN] PackLoader:240 - Cannot read IP mode file for STMicroelectronics.X-CUBE-SMBUS.2.1.0
2023-10-30 00:24:13,828 [WARN] PackLoader:240 - Cannot read IP mode file for STMicroelectronics.X-CUBE-AZRTOS-F7.1.1.0
2023-10-30 00:24:13,836 [WARN] PackLoader:240 - Cannot read IP mode file for STMicroelectronics.FP-SNS-MOTENV1.4.3.2
2023-10-30 00:24:13,840 [WARN] PackLoader:240 - Cannot read IP mode file for STMicroelectronics.FP-SNS-FLIGHT1.5.0.2
2023-10-30 00:24:13,844 [WARN] PackLoader:240 - Cannot read IP mode file for STMicroelectronics.X-CUBE-DISPLAY.3.0.0
2023-10-30 00:24:13,851 [WARN] PackLoader:240 - Cannot read IP mode file for STMicroelectronics.X-CUBE-BLE1.7.0.0
2023-10-30 00:24:13,855 [WARN] PackLoader:240 - Cannot read IP mode file for emotas.I-CUBE-CANOPEN.1.3.0
2023-10-30 00:24:13,857 [WARN] PackLoader:240 - Cannot read IP mode file for STMicroelectronics.X-CUBE-TOUCHGFX.4.22.0
2023-10-30 00:24:13,859 [WARN] PackLoader:240 - Cannot read IP mode file for STMicroelectronics.X-CUBE-TOUCHGFX.4.22.1
2023-10-30 00:24:13,862 [WARN] PackLoader:240 - Cannot read IP mode file for STMicroelectronics.FP-SNS-SMARTAG2.1.2.0
2023-10-30 00:24:13,870 [INFO] LogOutputStream:77 - [STDOUT_REDIRECT] 1 : Invalid condition id : UX_CORESTACK_Condition cause : null
2023-10-30 00:24:13,870 [INFO] LogOutputStream:77 - [STDOUT_REDIRECT] 1 : Invalid condition id : UX_CORESTACK_Condition cause : null
2023-10-30 00:24:13,871 [INFO] LogOutputStream:77 - [STDOUT_REDIRECT] 1 : Invalid condition id : UX_CORESTACK_Condition cause : null
2023-10-30 00:24:13,871 [INFO] LogOutputStream:77 - [STDOUT_REDIRECT] 1 : Invalid condition id : UX_CORESTACK_Condition cause : null
2023-10-30 00:24:13,871 [INFO] LogOutputStream:77 - [STDOUT_REDIRECT] 1 : Invalid condition id : UX_CORESTACK_Condition cause : null
2023-10-30 00:24:13,873 [WARN] PackLoader:240 - Cannot read IP mode file for STMicroelectronics.X-CUBE-AZRTOS-WL.2.0.0
2023-10-30 00:24:13,878 [WARN] PackLoader:240 - Cannot read IP mode file for WES.I-CUBE-Cesium.1.3.0
2023-10-30 00:24:13,881 [WARN] PackLoader:240 - Cannot read IP mode file for STMicroelectronics.X-CUBE-BLE2.3.3.0
2023-10-30 00:24:13,884 [WARN] PackLoader:240 - Cannot read IP mode file for STMicroelectronics.X-CUBE-ALGOBUILD.1.3.0
2023-10-30 00:24:13,895 [WARN] PackLoader:240 - Cannot read IP mode file for STMicroelectronics.X-CUBE-AZRTOS-G0.1.1.0
2023-10-30 00:24:13,900 [WARN] PackLoader:240 - Cannot read IP mode file for STMicroelectronics.X-CUBE-NFC4.3.0.0
2023-10-30 00:24:13,903 [WARN] PackLoader:240 - Cannot read IP mode file for STMicroelectronics.FP-ATR-SIGFOX1.3.2.0
2023-10-30 00:24:13,923 [WARN] PackLoader:240 - Cannot read IP mode file for SEGGER.I-CUBE-embOS.1.3.1
2023-10-30 00:24:13,956 [WARN] PackLoader:240 - Cannot read IP mode file for STMicroelectronics.X-CUBE-GNSS1.6.0.0
2023-10-30 00:24:13,968 [WARN] PackLoader:240 - Cannot read IP mode file for STMicroelectronics.X-CUBE-AZRTOS-F4.1.1.0
2023-10-30 00:24:13,974 [WARN] PackLoader:240 - Cannot read IP mode file for wolfSSL.I-CUBE-wolfSSL.5.6.3
2023-10-30 00:24:13,986 [WARN] PackLoader:240 - Cannot read IP mode file for STMicroelectronics.X-CUBE-AZRTOS-L5.2.0.0
2023-10-30 00:24:14,025 [WARN] PackLoader:240 - Cannot read IP mode file for STMicroelectronics.X-CUBE-MEMS1.9.6.0
2023-10-30 00:24:14,151 [WARN] PackLoader:240 - Cannot read IP mode file for STMicroelectronics.X-CUBE-EEPRMA1.4.2.0
2023-10-30 00:24:14,160 [WARN] PackLoader:240 - Cannot read IP mode file for ITTIA_DB.I-CUBE-ITTIADB.8.8.0
2023-10-30 00:24:14,170 [WARN] PackLoader:240 - Cannot read IP mode file for STMicroelectronics.X-CUBE-BLEMGR.2.0.0
2023-10-30 00:24:14,187 [WARN] ConditionMgr:438 - getConditionDescription Invalid condition id : UX DEVICE CLASS RTOS Condition cause : null
2023-10-30 00:24:14,188 [WARN] ConditionMgr:438 - getConditionDescription Invalid condition id : UX DEVICE CLASS RTOS Condition cause : null
2023-10-30 00:24:14,192 [WARN] PackLoader:240 - Cannot read IP mode file for STMicroelectronics.X-CUBE-AZRTOS-H7.3.1.0
2023-10-30 00:24:14,194 [WARN] ConditionMgr:1039 - genDependencies : Invalid condition id : UX DEVICE CLASS RTOS Condition cause : null
2023-10-30 00:24:14,194 [WARN] ConditionMgr:1039 - genDependencies : Invalid condition id : UX DEVICE CLASS RTOS Condition cause : null
2023-10-30 00:24:14,194 [WARN] ConditionMgr:1039 - genDependencies : Invalid condition id : UX DEVICE CLASS RTOS Condition cause : null
2023-10-30 00:24:14,195 [WARN] ConditionMgr:1039 - genDependencies : Invalid condition id : UX DEVICE CLASS RTOS Condition cause : null
2023-10-30 00:24:14,195 [WARN] ConditionMgr:1039 - genDependencies : Invalid condition id : UX DEVICE CLASS RTOS Condition cause : null
2023-10-30 00:24:14,203 [WARN] PackLoader:240 - Cannot read IP mode file for STMicroelectronics.X-CUBE-NFC7.1.0.1
2023-10-30 00:24:14,211 [WARN] PackLoader:240 - Cannot read IP mode file for STMicroelectronics.X-CUBE-NFC6.3.0.0
2023-10-30 00:24:14,217 [WARN] PackLoader:240 - Cannot read IP mode file for STMicroelectronics.X-CUBE-EEPRMA1.4.1.0
2023-10-30 00:24:14,222 [WARN] PackLoader:240 - Cannot read IP mode file for STMicroelectronics.X-CUBE-AI.8.1.0
2023-10-30 00:24:14,238 [WARN] ConditionMgr:438 - getConditionDescription Invalid condition id : LAN8742 Phy interface Condition cause : null
2023-10-30 00:24:14,239 [WARN] PackLoader:240 - Cannot read IP mode file for STMicroelectronics.X-CUBE-AZRTOS-L4.2.0.0
2023-10-30 00:24:14,241 [WARN] ConditionMgr:1039 - genDependencies : Invalid condition id : LAN8742 Phy interface Condition cause : null
2023-10-30 00:24:14,241 [WARN] ConditionMgr:1039 - genDependencies : Invalid condition id : LAN8742 Phy interface Condition cause : null
2023-10-30 00:24:14,242 [WARN] ConditionMgr:1039 - genDependencies : Invalid condition id : LAN8742 Phy interface Condition cause : null
2023-10-30 00:24:14,248 [WARN] PackLoader:240 - Cannot read IP mode file for STMicroelectronics.X-CUBE-SFXS2LP1.4.0.0
2023-10-30 00:24:14,252 [WARN] PackLoader:240 - Cannot read IP mode file for STMicroelectronics.X-CUBE-ISPU.1.1.0
2023-10-30 00:24:14,264 [WARN] ConditionMgr:438 - getConditionDescription Invalid condition id : UX DEVICE CLASS RTOS Condition cause : null
2023-10-30 00:24:14,264 [WARN] ConditionMgr:438 - getConditionDescription Invalid condition id : UX DEVICE CLASS RTOS Condition cause : null
2023-10-30 00:24:14,266 [WARN] PackLoader:240 - Cannot read IP mode file for STMicroelectronics.X-CUBE-AZRTOS-WB.2.0.0
2023-10-30 00:24:14,268 [WARN] ConditionMgr:1039 - genDependencies : Invalid condition id : UX DEVICE CLASS RTOS Condition cause : null
2023-10-30 00:24:14,268 [WARN] ConditionMgr:1039 - genDependencies : Invalid condition id : UX DEVICE CLASS RTOS Condition cause : null
2023-10-30 00:24:14,268 [WARN] ConditionMgr:1039 - genDependencies : Invalid condition id : UX DEVICE CLASS RTOS Condition cause : null
2023-10-30 00:24:14,269 [WARN] ConditionMgr:1039 - genDependencies : Invalid condition id : UX DEVICE CLASS RTOS Condition cause : null
2023-10-30 00:24:14,269 [WARN] ConditionMgr:1039 - genDependencies : Invalid condition id : UX DEVICE CLASS RTOS Condition cause : null
2023-10-30 00:24:14,280 [WARN] PackLoader:240 - Cannot read IP mode file for STMicroelectronics.X-CUBE-SUBG2.5.0.0
2023-10-30 00:24:14,293 [WARN] PackLoader:240 - Cannot read IP mode file for STMicroelectronics.X-CUBE-TOF1.3.3.1
2023-10-30 00:24:14,314 [WARN] PackLoader:240 - Cannot read IP mode file for STMicroelectronics.X-CUBE-AZRTOS-G4.2.0.0
2023-10-30 00:24:14,327 [WARN] PackLoader:240 - Cannot read IP mode file for Infineon.AIROC-Wi-Fi-Bluetooth-STM32.1.5.1
2023-10-30 00:24:14,373 [WARN] PackLoader:240 - Cannot read IP mode file for STMicroelectronics.X-CUBE-MEMS1.10.0.0
2023-10-30 00:24:14,498 [WARN] PackLoader:240 - Cannot read IP mode file for STMicroelectronics.X-CUBE-FREERTOS.1.1.0
2023-10-30 00:24:14,508 [WARN] PackLoader:240 - Cannot read IP mode file for portGmbH.I-Cube-SoM-uGOAL.1.1.0
2023-10-30 00:24:14,514 [WARN] PackLoader:240 - Cannot read IP mode file for STMicroelectronics.X-CUBE-ALS.1.0.1
2023-10-30 00:24:14,522 [WARN] PackLoader:240 - Cannot read IP mode file for STMicroelectronics.FP-ATR-ASTRA1.2.0.0
2023-10-30 00:24:14,525 [INFO] ThirdParty:978 - Integrity check success = true
2023-10-30 00:24:14,525 [INFO] IntegrityCheckThread:100 - exiting critical section [integrity check]
2023-10-30 00:24:14,526 [INFO] IntegrityCheckThread:103 - End integrity checks thread
2023-10-30 00:24:34,009 [ERROR] LogOutputStream:75 - [STDERR_REDIRECT] SLF4J: Failed to load class "org.slf4j.impl.StaticLoggerBinder".
2023-10-30 00:24:34,010 [ERROR] LogOutputStream:75 - [STDERR_REDIRECT] SLF4J: Defaulting to no-operation (NOP) logger implementation
2023-10-30 00:24:34,010 [ERROR] LogOutputStream:75 - [STDERR_REDIRECT] SLF4J: See http://www.slf4j.org/codes.html#StaticLoggerBinder for further details.
2023-10-30 10:30:07,857 [ERROR] LogOutputStream:75 - [STDERR_REDIRECT] SWT SessionManagerDBus: Failed to UnregisterClient: GDBus.Error:org.freedesktop.DBus.Error.NoReply: Message recipient disconnected from message bus without replying
