2023-11-05 12:21:19,193 [INFO] Activator:176 - 


2023-11-05 12:21:19,197 [INFO] Activator:177 - !SESSION log4j initialized
2023-11-05 12:21:22,192 [INFO] LogOutputStream:77 - [STDOUT_REDIRECT] 
2023-11-05 12:21:22,733 [INFO] ApplicationProperties:184 - Using Application install path: /home/isamd/stm32/plugins/com.st.stm32cube.common.mx_6.9.2.202309101412
2023-11-05 12:21:22,752 [INFO] DbMcusXml:78 - Set database path to: /home/isamd/stm32/plugins/com.st.stm32cube.common.mx_6.9.2.202309101412//db//mcu/
2023-11-05 12:21:22,752 [INFO] ApiDb:274 - Set plugin database path to: /home/isamd/stm32/plugins/com.st.stm32cube.common.mx_6.9.2.202309101412//db//plugins/boardmanager/
2023-11-05 12:21:22,752 [WARN] ApiDb:259 - Overriding images path with different value:  => /home/isamd/stm32/plugins/com.st.stm32cube.common.mx_6.9.2.202309101412//db//plugins/mcufinder/images/
2023-11-05 12:21:22,760 [INFO] ApiDb:250 - Set database path to: /home/isamd/.stmcufinder/plugins/mcufinder//mcu/
2023-11-05 12:21:22,761 [INFO] DbMcusAds:125 - Set database path to: /home/isamd/.stmcufinder/plugins/mcufinder//mcu/
2023-11-05 12:21:22,763 [INFO] CrossReferenceDbSqlite:203 - Set database path to: /home/isamd/.stmcufinder/plugins/mcufinder//mcu/cs/
2023-11-05 12:21:22,841 [INFO] RulesReader:64 - Compatibility file has been processed (293 Rules)
2023-11-05 12:21:22,881 [INFO] DbMcusXml:78 - Set database path to: /home/isamd/stm32/plugins/com.st.stm32cube.common.mx_6.9.2.202309101412//db//mcu/
2023-11-05 12:21:22,881 [INFO] ApiDb:274 - Set plugin database path to: /home/isamd/stm32/plugins/com.st.stm32cube.common.mx_6.9.2.202309101412//db//plugins/boardmanager/
2023-11-05 12:21:22,881 [INFO] ApiDb:261 - Set plugin images path to: /home/isamd/stm32/plugins/com.st.stm32cube.common.mx_6.9.2.202309101412//db//plugins/mcufinder/images/
2023-11-05 12:21:22,882 [WARN] DbFile:41 - Overriding database path with different value: /home/isamd/.stmcufinder/plugins/mcufinder/ => /home/isamd/.stmcufinder/plugins/mcufinder
2023-11-05 12:21:22,882 [INFO] ApiDb:250 - Set database path to: /home/isamd/.stmcufinder/plugins/mcufinder//mcu/
2023-11-05 12:21:22,882 [WARN] DbFile:41 - Overriding database path with different value: /home/isamd/.stmcufinder/plugins/mcufinder/ => /home/isamd/.stmcufinder/plugins/mcufinder
2023-11-05 12:21:22,882 [INFO] DbMcusAds:125 - Set database path to: /home/isamd/.stmcufinder/plugins/mcufinder//mcu/
2023-11-05 12:21:22,882 [WARN] DbFile:41 - Overriding database path with different value: /home/isamd/.stmcufinder/plugins/mcufinder/ => /home/isamd/.stmcufinder/plugins/mcufinder
2023-11-05 12:21:22,882 [WARN] DbFile:41 - Overriding database path with different value: /home/isamd/.stmcufinder/plugins/mcufinder/ => /home/isamd/.stmcufinder/plugins/mcufinder
2023-11-05 12:21:22,882 [INFO] CrossReferenceDbSqlite:203 - Set database path to: /home/isamd/.stmcufinder/plugins/mcufinder//mcu/cs/
2023-11-05 12:21:22,935 [INFO] MainPanel:262 - HeapMemory: 268435456
2023-11-05 12:21:23,006 [INFO] DbMcusXml:78 - Set database path to: /home/isamd/stm32/plugins/com.st.stm32cube.common.mx_6.9.2.202309101412//db//mcu/
2023-11-05 12:21:23,006 [INFO] ApiDb:274 - Set plugin database path to: /home/isamd/stm32/plugins/com.st.stm32cube.common.mx_6.9.2.202309101412//db//plugins/boardmanager/
2023-11-05 12:21:23,006 [INFO] ApiDb:261 - Set plugin images path to: /home/isamd/stm32/plugins/com.st.stm32cube.common.mx_6.9.2.202309101412//db//plugins/mcufinder/images/
2023-11-05 12:21:23,006 [WARN] DbFile:41 - Overriding database path with different value: /home/isamd/.stmcufinder/plugins/mcufinder/ => /home/isamd/.stmcufinder/plugins/mcufinder
2023-11-05 12:21:23,006 [INFO] ApiDb:250 - Set database path to: /home/isamd/.stmcufinder/plugins/mcufinder//mcu/
2023-11-05 12:21:23,006 [WARN] DbFile:41 - Overriding database path with different value: /home/isamd/.stmcufinder/plugins/mcufinder/ => /home/isamd/.stmcufinder/plugins/mcufinder
2023-11-05 12:21:23,006 [INFO] DbMcusAds:125 - Set database path to: /home/isamd/.stmcufinder/plugins/mcufinder//mcu/
2023-11-05 12:21:23,006 [WARN] DbFile:41 - Overriding database path with different value: /home/isamd/.stmcufinder/plugins/mcufinder/ => /home/isamd/.stmcufinder/plugins/mcufinder
2023-11-05 12:21:23,007 [WARN] DbFile:41 - Overriding database path with different value: /home/isamd/.stmcufinder/plugins/mcufinder/ => /home/isamd/.stmcufinder/plugins/mcufinder
2023-11-05 12:21:23,007 [INFO] CrossReferenceDbSqlite:203 - Set database path to: /home/isamd/.stmcufinder/plugins/mcufinder//mcu/cs/
2023-11-05 12:21:23,017 [INFO] ApplicationProperties:184 - Using Application install path: /home/isamd/stm32/plugins/com.st.stm32cube.common.mx_6.9.2.202309101412
2023-11-05 12:21:23,018 [INFO] PluginManage:196 - Search for loadable plugins [exclusion list=, ]
2023-11-05 12:21:23,018 [INFO] PluginManage:310 - Check plugin analytics
2023-11-05 12:21:23,130 [INFO] AnalyticsPlugin:253 - Accepted Software Licenses: 
2023-11-05 12:21:23,131 [INFO] AnalyticsPlugin:255 - Accepted CMSIS Pack Licenses: 
2023-11-05 12:21:23,131 [INFO] AnalyticsPlugin:257 - Accepted Firmware Licenses: 
2023-11-05 12:21:23,134 [INFO] PluginManage:359 - Loaded plugin analytics (category:tool,tabindex:-1)
2023-11-05 12:21:23,135 [INFO] PluginManage:310 - Check plugin cadmodel
2023-11-05 12:21:23,187 [INFO] CADModel:105 - Init CAD model plugin
2023-11-05 12:21:23,188 [INFO] PluginManage:359 - Loaded plugin cadmodel (category:power,tabindex:5)
2023-11-05 12:21:23,188 [INFO] PluginManage:310 - Check plugin clock
2023-11-05 12:21:23,197 [INFO] PluginManage:359 - Loaded plugin clock (category:base,tabindex:2)
2023-11-05 12:21:23,199 [INFO] PluginManage:310 - Check plugin ddr
2023-11-05 12:21:23,202 [INFO] PluginManage:359 - Loaded plugin ddr (category:tool,tabindex:6)
2023-11-05 12:21:23,203 [INFO] PluginManage:310 - Check plugin filemanager
2023-11-05 12:21:23,307 [INFO] PluginManage:359 - Loaded plugin filemanager (category:base,tabindex:10)
2023-11-05 12:21:23,307 [INFO] PluginManage:310 - Check plugin ipmanager
2023-11-05 12:21:23,311 [INFO] PluginManage:359 - Loaded plugin ipmanager (category:base,tabindex:5)
2023-11-05 12:21:23,311 [INFO] PluginManage:310 - Check plugin lpbam
2023-11-05 12:21:23,319 [INFO] PluginManage:359 - Loaded plugin lpbam (category:base,tabindex:0)
2023-11-05 12:21:23,319 [INFO] PluginManage:310 - Check plugin memorymap
2023-11-05 12:21:23,328 [INFO] PluginManage:359 - Loaded plugin memorymap (category:base,tabindex:4)
2023-11-05 12:21:23,328 [INFO] PluginManage:310 - Check plugin pinoutandconfiguration
2023-11-05 12:21:23,333 [INFO] PluginManage:359 - Loaded plugin pinoutandconfiguration (category:base,tabindex:1)
2023-11-05 12:21:23,333 [INFO] PluginManage:310 - Check plugin pinoutconfig
2023-11-05 12:21:23,391 [WARN] SupportedApi:132 - Cannot load RTOS API schema: s4s-elt-must-match.1: The content of 'definitions' must match (annotation?, (simpleType | complexType)?, (unique | key | keyref)*)). A problem was found starting at: attribute.
2023-11-05 12:21:23,478 [INFO] PluginManage:359 - Loaded plugin pinoutconfig (category:base,tabindex:0)
2023-11-05 12:21:23,478 [INFO] PluginManage:310 - Check plugin power
2023-11-05 12:21:23,485 [INFO] PluginManage:359 - Loaded plugin power (category:power,tabindex:4)
2023-11-05 12:21:23,485 [INFO] PluginManage:310 - Check plugin projectmanager
2023-11-05 12:21:23,494 [INFO] PluginManage:359 - Loaded plugin projectmanager (category:projectmanager,tabindex:3)
2023-11-05 12:21:23,494 [INFO] PluginManage:310 - Check plugin thirdparty
2023-11-05 12:21:23,565 [INFO] PluginManage:359 - Loaded plugin thirdparty (category:base,tabindex:-1)
2023-11-05 12:21:23,565 [INFO] PluginManage:310 - Check plugin tools
2023-11-05 12:21:23,564 [WARN] IntegrityCheckThread:84 - waiting for thirdparty lock release [integrity check]
2023-11-05 12:21:23,565 [INFO] IntegrityCheckThread:86 - entering critical section [integrity check]
2023-11-05 12:21:23,566 [INFO] ThirdPartyUpdaterWithRetryManager:70 - Updater plugin not ready yet. [1/15]
2023-11-05 12:21:23,567 [INFO] PluginManage:359 - Loaded plugin tools (category:base,tabindex:7)
2023-11-05 12:21:23,567 [INFO] PluginManage:310 - Check plugin tutovideos
2023-11-05 12:21:23,687 [INFO] PluginManage:359 - Loaded plugin tutovideos (category:base,tabindex:-1)
2023-11-05 12:21:23,687 [INFO] PluginManage:310 - Check plugin updater
2023-11-05 12:21:23,695 [INFO] PluginManage:359 - Loaded plugin updater (category:base,tabindex:12)
2023-11-05 12:21:23,695 [INFO] PluginManage:310 - Check plugin userauth
2023-11-05 12:21:23,700 [INFO] UserAuth:113 - Init User Auth plugin
2023-11-05 12:21:23,700 [INFO] PluginManage:359 - Loaded plugin userauth (category:base,tabindex:14)
2023-11-05 12:21:23,701 [INFO] PluginManage:283 - PluginManage : Loaded plugins [17]
2023-11-05 12:21:23,818 [INFO] PinOutPanel:1499 - setPackage(No Configuration,No Configuration)
2023-11-05 12:21:23,877 [INFO] CADModel:165 - CPN selected for project level
2023-11-05 12:21:23,877 [INFO] CADModel:114 - Register for checkConnection events
2023-11-05 12:21:23,887 [INFO] IPUIPlugin:80 - create IPUIPlugin
2023-11-05 12:21:23,887 [INFO] PluginManager:220 - loadIPPluginJar : add lorawan
2023-11-05 12:21:23,890 [INFO] IPUIPlugin:80 - create IPUIPlugin
2023-11-05 12:21:23,890 [INFO] PluginManager:220 - loadIPPluginJar : add gpio
2023-11-05 12:21:23,894 [INFO] IPUIPlugin:80 - create IPUIPlugin
2023-11-05 12:21:23,894 [INFO] PluginManager:220 - loadIPPluginJar : add freertos
2023-11-05 12:21:23,895 [INFO] IPUIPlugin:80 - create IPUIPlugin
2023-11-05 12:21:23,895 [INFO] PluginManager:220 - loadIPPluginJar : add genericplugin
2023-11-05 12:21:23,896 [INFO] IPUIPlugin:80 - create IPUIPlugin
2023-11-05 12:21:23,896 [INFO] PluginManager:220 - loadIPPluginJar : add i3c
2023-11-05 12:21:23,899 [INFO] IPUIPlugin:80 - create IPUIPlugin
2023-11-05 12:21:23,899 [INFO] PluginManager:220 - loadIPPluginJar : add ipddr
2023-11-05 12:21:23,901 [INFO] IPUIPlugin:80 - create IPUIPlugin
2023-11-05 12:21:23,901 [INFO] PluginManager:220 - loadIPPluginJar : add i2s
2023-11-05 12:21:23,901 [INFO] IPUIPlugin:80 - create IPUIPlugin
2023-11-05 12:21:23,901 [INFO] PluginManager:220 - loadIPPluginJar : add fatfs
2023-11-05 12:21:23,903 [INFO] IPUIPlugin:80 - create IPUIPlugin
2023-11-05 12:21:23,903 [INFO] PluginManager:220 - loadIPPluginJar : add usbx
2023-11-05 12:21:23,906 [INFO] IPUIPlugin:80 - create IPUIPlugin
2023-11-05 12:21:23,906 [INFO] PluginManager:220 - loadIPPluginJar : add resmgrutility
2023-11-05 12:21:23,908 [INFO] IPUIPlugin:80 - create IPUIPlugin
2023-11-05 12:21:23,908 [INFO] PluginManager:220 - loadIPPluginJar : add sai
2023-11-05 12:21:23,909 [INFO] IPUIPlugin:80 - create IPUIPlugin
2023-11-05 12:21:23,909 [INFO] PluginManager:220 - loadIPPluginJar : add openamp
2023-11-05 12:21:23,910 [INFO] IPUIPlugin:80 - create IPUIPlugin
2023-11-05 12:21:23,910 [INFO] PluginManager:220 - loadIPPluginJar : add ltdc
2023-11-05 12:21:23,913 [INFO] IPUIPlugin:80 - create IPUIPlugin
2023-11-05 12:21:23,913 [INFO] PluginManager:220 - loadIPPluginJar : add stm32_wpan
2023-11-05 12:21:23,915 [INFO] IPUIPlugin:80 - create IPUIPlugin
2023-11-05 12:21:23,915 [INFO] PluginManager:220 - loadIPPluginJar : add cryp
2023-11-05 12:21:23,918 [INFO] IPUIPlugin:80 - create IPUIPlugin
2023-11-05 12:21:23,918 [INFO] PluginManager:220 - loadIPPluginJar : add touchsensing
2023-11-05 12:21:23,919 [INFO] IPUIPlugin:80 - create IPUIPlugin
2023-11-05 12:21:23,919 [INFO] PluginManager:220 - loadIPPluginJar : add gtzc
2023-11-05 12:21:23,923 [INFO] IPUIPlugin:80 - create IPUIPlugin
2023-11-05 12:21:23,923 [INFO] PluginManager:220 - loadIPPluginJar : add gic
2023-11-05 12:21:23,924 [INFO] IPUIPlugin:80 - create IPUIPlugin
2023-11-05 12:21:23,924 [INFO] PluginManager:220 - loadIPPluginJar : add hash
2023-11-05 12:21:23,925 [INFO] IPUIPlugin:80 - create IPUIPlugin
2023-11-05 12:21:23,925 [INFO] PluginManager:220 - loadIPPluginJar : add tim
2023-11-05 12:21:23,928 [INFO] IPUIPlugin:80 - create IPUIPlugin
2023-11-05 12:21:23,928 [INFO] PluginManager:220 - loadIPPluginJar : add fmc
2023-11-05 12:21:23,929 [INFO] IPUIPlugin:80 - create IPUIPlugin
2023-11-05 12:21:23,929 [INFO] PluginManager:220 - loadIPPluginJar : add ucpd
2023-11-05 12:21:23,930 [INFO] IPUIPlugin:80 - create IPUIPlugin
2023-11-05 12:21:23,930 [INFO] PluginManager:220 - loadIPPluginJar : add gfxmmu
2023-11-05 12:21:23,932 [INFO] IPUIPlugin:80 - create IPUIPlugin
2023-11-05 12:21:23,932 [INFO] PluginManager:220 - loadIPPluginJar : add spi
2023-11-05 12:21:23,934 [INFO] IPUIPlugin:80 - create IPUIPlugin
2023-11-05 12:21:23,934 [INFO] PluginManager:220 - loadIPPluginJar : add can
2023-11-05 12:21:23,935 [INFO] IPUIPlugin:80 - create IPUIPlugin
2023-11-05 12:21:23,935 [INFO] PluginManager:220 - loadIPPluginJar : add comp
2023-11-05 12:21:23,940 [INFO] IPUIPlugin:80 - create IPUIPlugin
2023-11-05 12:21:23,940 [INFO] PluginManager:220 - loadIPPluginJar : add mdma
2023-11-05 12:21:23,942 [INFO] IPUIPlugin:80 - create IPUIPlugin
2023-11-05 12:21:23,942 [INFO] PluginManager:220 - loadIPPluginJar : add usart
2023-11-05 12:21:23,943 [INFO] IPUIPlugin:80 - create IPUIPlugin
2023-11-05 12:21:23,943 [INFO] PluginManager:220 - loadIPPluginJar : add tsc
2023-11-05 12:21:23,949 [INFO] IPUIPlugin:80 - create IPUIPlugin
2023-11-05 12:21:23,950 [INFO] PluginManager:220 - loadIPPluginJar : add linkedlist
2023-11-05 12:21:23,952 [INFO] IPUIPlugin:80 - create IPUIPlugin
2023-11-05 12:21:23,952 [INFO] PluginManager:220 - loadIPPluginJar : add opamp
2023-11-05 12:21:23,954 [INFO] IPUIPlugin:80 - create IPUIPlugin
2023-11-05 12:21:23,954 [INFO] PluginManager:220 - loadIPPluginJar : add ts
2023-11-05 12:21:23,955 [INFO] IPUIPlugin:80 - create IPUIPlugin
2023-11-05 12:21:23,955 [INFO] PluginManager:220 - loadIPPluginJar : add quadspi
2023-11-05 12:21:23,957 [INFO] IPUIPlugin:80 - create IPUIPlugin
2023-11-05 12:21:23,957 [INFO] PluginManager:220 - loadIPPluginJar : add i2c
2023-11-05 12:21:23,958 [INFO] IPUIPlugin:80 - create IPUIPlugin
2023-11-05 12:21:23,958 [INFO] PluginManager:220 - loadIPPluginJar : add tracer_emb
2023-11-05 12:21:23,962 [INFO] IPUIPlugin:80 - create IPUIPlugin
2023-11-05 12:21:23,962 [INFO] PluginManager:220 - loadIPPluginJar : add adc
2023-11-05 12:21:23,969 [INFO] IPUIPlugin:80 - create IPUIPlugin
2023-11-05 12:21:23,971 [INFO] PluginManager:220 - loadIPPluginJar : add plateformsettings
2023-11-05 12:21:23,973 [INFO] IPUIPlugin:80 - create IPUIPlugin
2023-11-05 12:21:23,973 [INFO] PluginManager:220 - loadIPPluginJar : add dma3
2023-11-05 12:21:23,978 [INFO] IPUIPlugin:80 - create IPUIPlugin
2023-11-05 12:21:23,978 [INFO] PluginManager:220 - loadIPPluginJar : add dma
2023-11-05 12:21:23,980 [INFO] IPUIPlugin:80 - create IPUIPlugin
2023-11-05 12:21:23,980 [INFO] PluginManager:220 - loadIPPluginJar : add dfsdm
2023-11-05 12:21:23,982 [INFO] IPUIPlugin:80 - create IPUIPlugin
2023-11-05 12:21:23,982 [INFO] PluginManager:220 - loadIPPluginJar : add pdm2pcm
2023-11-05 12:21:23,995 [INFO] IPUIPlugin:80 - create IPUIPlugin
2023-11-05 12:21:23,996 [INFO] PluginManager:220 - loadIPPluginJar : add aes
2023-11-05 12:21:24,000 [INFO] IPUIPlugin:80 - create IPUIPlugin
2023-11-05 12:21:24,000 [INFO] PluginManager:220 - loadIPPluginJar : add nvic
2023-11-05 12:21:24,097 [INFO] CADModel:165 - CPN selected for project level
2023-11-05 12:21:24,097 [INFO] CADModel:114 - Register for checkConnection events
2023-11-05 12:21:24,097 [FATAL] Updater:308 - Updater called before beeing initialized
2023-11-05 12:21:24,097 [ERROR] CADModel:125 - Updater not yet initialized, retry later 
2023-11-05 12:21:24,191 [INFO] CADModel:165 - CPN selected for project level
2023-11-05 12:21:24,191 [INFO] CADModel:114 - Register for checkConnection events
2023-11-05 12:21:24,191 [FATAL] Updater:308 - Updater called before beeing initialized
2023-11-05 12:21:24,191 [ERROR] CADModel:125 - Updater not yet initialized, retry later 
2023-11-05 12:21:24,193 [FATAL] Updater:308 - Updater called before beeing initialized
2023-11-05 12:21:24,237 [FATAL] Updater:308 - Updater called before beeing initialized
2023-11-05 12:21:24,240 [INFO] DbMcusAds:53 - JSON generation date=Tue Mar 07 09:50:55 CET 2023 (1678179055114)
2023-11-05 12:21:24,240 [FATAL] Updater:308 - Updater called before beeing initialized
2023-11-05 12:21:24,265 [WARN] DetailPanel:346 - Failed to get advertising image, set to default
2023-11-05 12:21:24,321 [FATAL] Updater:308 - Updater called before beeing initialized
2023-11-05 12:21:24,322 [FATAL] Updater:308 - Updater called before beeing initialized
2023-11-05 12:21:24,322 [FATAL] Updater:308 - Updater called before beeing initialized
2023-11-05 12:21:24,322 [WARN] DetailPanel:346 - Failed to get advertising image, set to default
2023-11-05 12:21:24,323 [FATAL] Updater:308 - Updater called before beeing initialized
2023-11-05 12:21:24,339 [ERROR] Updater:1120 - MainUpdater not yet initialized. External WinMGr cannot be set.
2023-11-05 12:21:24,341 [INFO] Updater:1056 - Updater Version found : 6.9.2
2023-11-05 12:21:24,354 [INFO] ApplicationProperties:184 - Using Application install path: /home/isamd/stm32/plugins/com.st.stm32cube.common.mx_6.9.2.202309101412
2023-11-05 12:21:24,433 [INFO] MainUpdater:2868 - connection check result : 10
2023-11-05 12:21:24,433 [INFO] MainUpdater:3562 - Updater definition file requires update
2023-11-05 12:21:24,434 [INFO] MainUpdater:285 - Updater Check For Update Now.
2023-11-05 12:21:24,434 [INFO] MicroXplorer:498 - Change Database Version : DB.6.0.92
2023-11-05 12:21:24,437 [INFO] McuFinderGlobals:63 - Set McuFinder mode to 2 (CubeIDE integrated)
2023-11-05 12:21:24,437 [INFO] UserAuth:179 - activating auth plugin
2023-11-05 12:21:24,439 [INFO] UserAuth:393 - Internet connection configuration mode: 1
2023-11-05 12:21:24,447 [INFO] ServerAccessManage:473 - Download File updaters.zip
2023-11-05 12:21:24,448 [INFO] JxBrowserEngine:151 - Initiate JxBrowser Engine with user profile folder
2023-11-05 12:21:24,508 [INFO] FileExtend:240 - Unzip File : updaters.zip
2023-11-05 12:21:24,509 [INFO] FileExtend:255 - Standard Zip Deflate
2023-11-05 12:21:24,664 [INFO] ServerAccessManage:473 - Download File PacksControlFlags.xml
2023-11-05 12:21:24,717 [INFO] ServerAccessManage:473 - Download File cubemx.pidx
2023-11-05 12:21:25,050 [INFO] ServerAccessManage:473 - Download File STMicroelectronics.X-CUBE-BLEMGR.pdsc
2023-11-05 12:21:25,139 [INFO] WebApp:157 - Instantiating new browser for Auth
2023-11-05 12:21:25,561 [INFO] WebApp:753 - Register for checkConnection events
2023-11-05 12:21:25,561 [INFO] WebApp:390 - Apply proxy settings
2023-11-05 12:21:25,561 [INFO] WebApp:475 - Chromium requires no authentication
2023-11-05 12:21:25,565 [INFO] WebApp:418 - Direct internet connection detected
2023-11-05 12:21:25,664 [INFO] WebApp:188 - Starting web application
2023-11-05 12:21:25,664 [INFO] WebApp:520 - Web application path used /home/isamd/stm32/plugins/com.st.stm32cube.common.mx_6.9.2.202309101412/db/plugins/mcufinder/reactClient1/index.html
2023-11-05 12:21:25,924 [ERROR] ServerAccessManage:1096 - Problem, Http access forbiden
2023-11-05 12:21:25,925 [ERROR] ServerAccessManage:651 - Problem, Http access forbiden : RoweBots.I-CUBE-UNISONRTOS.pdsc.
2023-11-05 12:21:26,015 [WARN] PackLoader:240 - Cannot read IP mode file for STMicroelectronics.X-CUBE-BLEMGR.3.0.0
2023-11-05 12:21:26,020 [INFO] PopulateThirdPartyThread:66 - Ending populate Thread
2023-11-05 12:21:26,021 [INFO] ThirdParty:1030 - CMSIS Pack Vendor :STMicroelectronics X-CUBE-BLEMGR 3.0.0
2023-11-05 12:21:26,022 [INFO] LoadServerUpdatesThread:373 - End of LoadServerUpdate Thread
2023-11-05 12:21:26,125 [INFO] CheckServerUpdateThread:120 - End of CheckServer Thread
2023-11-05 12:21:26,672 [WARN] PackLoader:240 - Cannot read IP mode file for STMicroelectronics.X-CUBE-SMBUS.2.1.0
2023-11-05 12:21:26,692 [WARN] PackLoader:240 - Cannot read IP mode file for STMicroelectronics.X-CUBE-AZRTOS-F7.1.1.0
2023-11-05 12:21:26,702 [WARN] PackLoader:240 - Cannot read IP mode file for STMicroelectronics.FP-SNS-MOTENV1.4.3.2
2023-11-05 12:21:26,709 [WARN] PackLoader:240 - Cannot read IP mode file for STMicroelectronics.FP-SNS-FLIGHT1.5.0.2
2023-11-05 12:21:26,714 [WARN] PackLoader:240 - Cannot read IP mode file for STMicroelectronics.X-CUBE-DISPLAY.3.0.0
2023-11-05 12:21:26,724 [WARN] PackLoader:240 - Cannot read IP mode file for STMicroelectronics.X-CUBE-BLE1.7.0.0
2023-11-05 12:21:26,728 [WARN] PackLoader:240 - Cannot read IP mode file for emotas.I-CUBE-CANOPEN.1.3.0
2023-11-05 12:21:26,730 [WARN] PackLoader:240 - Cannot read IP mode file for STMicroelectronics.X-CUBE-TOUCHGFX.4.22.0
2023-11-05 12:21:26,731 [WARN] PackLoader:240 - Cannot read IP mode file for STMicroelectronics.X-CUBE-TOUCHGFX.4.22.1
2023-11-05 12:21:26,733 [WARN] PackLoader:240 - Cannot read IP mode file for STMicroelectronics.FP-SNS-SMARTAG2.1.2.0
2023-11-05 12:21:26,739 [INFO] LogOutputStream:77 - [STDOUT_REDIRECT] 1 : Invalid condition id : UX_CORESTACK_Condition cause : null
2023-11-05 12:21:26,739 [INFO] LogOutputStream:77 - [STDOUT_REDIRECT] 1 : Invalid condition id : UX_CORESTACK_Condition cause : null
2023-11-05 12:21:26,740 [INFO] LogOutputStream:77 - [STDOUT_REDIRECT] 1 : Invalid condition id : UX_CORESTACK_Condition cause : null
2023-11-05 12:21:26,740 [INFO] LogOutputStream:77 - [STDOUT_REDIRECT] 1 : Invalid condition id : UX_CORESTACK_Condition cause : null
2023-11-05 12:21:26,740 [INFO] LogOutputStream:77 - [STDOUT_REDIRECT] 1 : Invalid condition id : UX_CORESTACK_Condition cause : null
2023-11-05 12:21:26,742 [WARN] PackLoader:240 - Cannot read IP mode file for STMicroelectronics.X-CUBE-AZRTOS-WL.2.0.0
2023-11-05 12:21:26,747 [WARN] PackLoader:240 - Cannot read IP mode file for WES.I-CUBE-Cesium.1.3.0
2023-11-05 12:21:26,750 [WARN] PackLoader:240 - Cannot read IP mode file for STMicroelectronics.X-CUBE-BLE2.3.3.0
2023-11-05 12:21:26,754 [WARN] PackLoader:240 - Cannot read IP mode file for STMicroelectronics.X-CUBE-ALGOBUILD.1.3.0
2023-11-05 12:21:26,763 [WARN] PackLoader:240 - Cannot read IP mode file for STMicroelectronics.X-CUBE-AZRTOS-G0.1.1.0
2023-11-05 12:21:26,768 [WARN] PackLoader:240 - Cannot read IP mode file for STMicroelectronics.X-CUBE-NFC4.3.0.0
2023-11-05 12:21:26,773 [WARN] PackLoader:240 - Cannot read IP mode file for STMicroelectronics.X-CUBE-BLEMGR.3.0.0
2023-11-05 12:21:26,776 [WARN] PackLoader:240 - Cannot read IP mode file for STMicroelectronics.FP-ATR-SIGFOX1.3.2.0
2023-11-05 12:21:26,798 [WARN] PackLoader:240 - Cannot read IP mode file for SEGGER.I-CUBE-embOS.1.3.1
2023-11-05 12:21:26,831 [WARN] PackLoader:240 - Cannot read IP mode file for STMicroelectronics.X-CUBE-GNSS1.6.0.0
2023-11-05 12:21:26,843 [WARN] PackLoader:240 - Cannot read IP mode file for STMicroelectronics.X-CUBE-AZRTOS-F4.1.1.0
2023-11-05 12:21:26,847 [WARN] PackLoader:240 - Cannot read IP mode file for wolfSSL.I-CUBE-wolfSSL.5.6.3
2023-11-05 12:21:26,859 [WARN] PackLoader:240 - Cannot read IP mode file for STMicroelectronics.X-CUBE-AZRTOS-L5.2.0.0
2023-11-05 12:21:26,896 [WARN] PackLoader:240 - Cannot read IP mode file for STMicroelectronics.X-CUBE-MEMS1.9.6.0
2023-11-05 12:21:27,035 [WARN] PackLoader:240 - Cannot read IP mode file for STMicroelectronics.X-CUBE-EEPRMA1.4.2.0
2023-11-05 12:21:27,042 [WARN] PackLoader:240 - Cannot read IP mode file for ITTIA_DB.I-CUBE-ITTIADB.8.8.0
2023-11-05 12:21:27,049 [WARN] PackLoader:240 - Cannot read IP mode file for STMicroelectronics.X-CUBE-BLEMGR.2.0.0
2023-11-05 12:21:27,066 [WARN] ConditionMgr:438 - getConditionDescription Invalid condition id : UX DEVICE CLASS RTOS Condition cause : null
2023-11-05 12:21:27,067 [WARN] ConditionMgr:438 - getConditionDescription Invalid condition id : UX DEVICE CLASS RTOS Condition cause : null
2023-11-05 12:21:27,071 [WARN] PackLoader:240 - Cannot read IP mode file for STMicroelectronics.X-CUBE-AZRTOS-H7.3.1.0
2023-11-05 12:21:27,072 [WARN] ConditionMgr:1039 - genDependencies : Invalid condition id : UX DEVICE CLASS RTOS Condition cause : null
2023-11-05 12:21:27,073 [WARN] ConditionMgr:1039 - genDependencies : Invalid condition id : UX DEVICE CLASS RTOS Condition cause : null
2023-11-05 12:21:27,073 [WARN] ConditionMgr:1039 - genDependencies : Invalid condition id : UX DEVICE CLASS RTOS Condition cause : null
2023-11-05 12:21:27,073 [WARN] ConditionMgr:1039 - genDependencies : Invalid condition id : UX DEVICE CLASS RTOS Condition cause : null
2023-11-05 12:21:27,074 [WARN] ConditionMgr:1039 - genDependencies : Invalid condition id : UX DEVICE CLASS RTOS Condition cause : null
2023-11-05 12:21:27,082 [WARN] PackLoader:240 - Cannot read IP mode file for STMicroelectronics.X-CUBE-NFC7.1.0.1
2023-11-05 12:21:27,090 [WARN] PackLoader:240 - Cannot read IP mode file for STMicroelectronics.X-CUBE-NFC6.3.0.0
2023-11-05 12:21:27,097 [WARN] PackLoader:240 - Cannot read IP mode file for STMicroelectronics.X-CUBE-EEPRMA1.4.1.0
2023-11-05 12:21:27,101 [WARN] PackLoader:240 - Cannot read IP mode file for STMicroelectronics.X-CUBE-AI.8.1.0
2023-11-05 12:21:27,118 [WARN] ConditionMgr:438 - getConditionDescription Invalid condition id : LAN8742 Phy interface Condition cause : null
2023-11-05 12:21:27,120 [WARN] PackLoader:240 - Cannot read IP mode file for STMicroelectronics.X-CUBE-AZRTOS-L4.2.0.0
2023-11-05 12:21:27,122 [WARN] ConditionMgr:1039 - genDependencies : Invalid condition id : LAN8742 Phy interface Condition cause : null
2023-11-05 12:21:27,122 [WARN] ConditionMgr:1039 - genDependencies : Invalid condition id : LAN8742 Phy interface Condition cause : null
2023-11-05 12:21:27,123 [WARN] ConditionMgr:1039 - genDependencies : Invalid condition id : LAN8742 Phy interface Condition cause : null
2023-11-05 12:21:27,131 [WARN] PackLoader:240 - Cannot read IP mode file for STMicroelectronics.X-CUBE-SFXS2LP1.4.0.0
2023-11-05 12:21:27,136 [WARN] PackLoader:240 - Cannot read IP mode file for STMicroelectronics.X-CUBE-ISPU.1.1.0
2023-11-05 12:21:27,145 [WARN] ConditionMgr:438 - getConditionDescription Invalid condition id : UX DEVICE CLASS RTOS Condition cause : null
2023-11-05 12:21:27,146 [WARN] ConditionMgr:438 - getConditionDescription Invalid condition id : UX DEVICE CLASS RTOS Condition cause : null
2023-11-05 12:21:27,147 [WARN] PackLoader:240 - Cannot read IP mode file for STMicroelectronics.X-CUBE-AZRTOS-WB.2.0.0
2023-11-05 12:21:27,148 [WARN] ConditionMgr:1039 - genDependencies : Invalid condition id : UX DEVICE CLASS RTOS Condition cause : null
2023-11-05 12:21:27,148 [WARN] ConditionMgr:1039 - genDependencies : Invalid condition id : UX DEVICE CLASS RTOS Condition cause : null
2023-11-05 12:21:27,148 [WARN] ConditionMgr:1039 - genDependencies : Invalid condition id : UX DEVICE CLASS RTOS Condition cause : null
2023-11-05 12:21:27,148 [WARN] ConditionMgr:1039 - genDependencies : Invalid condition id : UX DEVICE CLASS RTOS Condition cause : null
2023-11-05 12:21:27,148 [WARN] ConditionMgr:1039 - genDependencies : Invalid condition id : UX DEVICE CLASS RTOS Condition cause : null
2023-11-05 12:21:27,158 [WARN] PackLoader:240 - Cannot read IP mode file for STMicroelectronics.X-CUBE-SUBG2.5.0.0
2023-11-05 12:21:27,170 [WARN] PackLoader:240 - Cannot read IP mode file for STMicroelectronics.X-CUBE-TOF1.3.3.1
2023-11-05 12:21:27,188 [WARN] PackLoader:240 - Cannot read IP mode file for STMicroelectronics.X-CUBE-AZRTOS-G4.2.0.0
2023-11-05 12:21:27,199 [WARN] PackLoader:240 - Cannot read IP mode file for Infineon.AIROC-Wi-Fi-Bluetooth-STM32.1.5.1
2023-11-05 12:21:27,233 [WARN] PackLoader:240 - Cannot read IP mode file for STMicroelectronics.X-CUBE-MEMS1.10.0.0
2023-11-05 12:21:27,330 [WARN] PackLoader:240 - Cannot read IP mode file for STMicroelectronics.X-CUBE-FREERTOS.1.1.0
2023-11-05 12:21:27,334 [WARN] PackLoader:240 - Cannot read IP mode file for portGmbH.I-Cube-SoM-uGOAL.1.1.0
2023-11-05 12:21:27,339 [WARN] PackLoader:240 - Cannot read IP mode file for STMicroelectronics.X-CUBE-ALS.1.0.1
2023-11-05 12:21:27,344 [WARN] PackLoader:240 - Cannot read IP mode file for STMicroelectronics.FP-ATR-ASTRA1.2.0.0
2023-11-05 12:21:27,345 [INFO] ThirdParty:978 - Integrity check success = true
2023-11-05 12:21:27,345 [INFO] IntegrityCheckThread:100 - exiting critical section [integrity check]
2023-11-05 12:21:27,345 [INFO] IntegrityCheckThread:103 - End integrity checks thread
2023-11-05 12:21:46,645 [ERROR] LogOutputStream:75 - [STDERR_REDIRECT] SLF4J: Failed to load class "org.slf4j.impl.StaticLoggerBinder".
2023-11-05 12:21:46,646 [ERROR] LogOutputStream:75 - [STDERR_REDIRECT] SLF4J: Defaulting to no-operation (NOP) logger implementation
2023-11-05 12:21:46,646 [ERROR] LogOutputStream:75 - [STDERR_REDIRECT] SLF4J: See http://www.slf4j.org/codes.html#StaticLoggerBinder for further details.
