2023-09-30 21:01:49,229 [INFO] Activator:176 - 


2023-09-30 21:01:49,232 [INFO] Activator:177 - !SESSION log4j initialized
2023-09-30 21:01:51,703 [INFO] LogOutputStream:77 - [STDOUT_REDIRECT] 
2023-09-30 21:01:52,013 [INFO] ApplicationProperties:184 - Using Application install path: /home/isamd/stm32/plugins/com.st.stm32cube.common.mx_6.9.2.202309101412
2023-09-30 21:01:52,026 [INFO] DbMcusXml:78 - Set database path to: /home/isamd/stm32/plugins/com.st.stm32cube.common.mx_6.9.2.202309101412//db//mcu/
2023-09-30 21:01:52,027 [INFO] ApiDb:274 - Set plugin database path to: /home/isamd/stm32/plugins/com.st.stm32cube.common.mx_6.9.2.202309101412//db//plugins/boardmanager/
2023-09-30 21:01:52,027 [WARN] ApiDb:259 - Overriding images path with different value:  => /home/isamd/stm32/plugins/com.st.stm32cube.common.mx_6.9.2.202309101412//db//plugins/mcufinder/images/
2023-09-30 21:01:52,033 [INFO] ApiDb:250 - Set database path to: /home/isamd/.stmcufinder/plugins/mcufinder//mcu/
2023-09-30 21:01:52,034 [INFO] DbMcusAds:125 - Set database path to: /home/isamd/.stmcufinder/plugins/mcufinder//mcu/
2023-09-30 21:01:52,036 [INFO] CrossReferenceDbSqlite:203 - Set database path to: /home/isamd/.stmcufinder/plugins/mcufinder//mcu/cs/
2023-09-30 21:01:52,101 [INFO] RulesReader:64 - Compatibility file has been processed (293 Rules)
2023-09-30 21:01:52,138 [INFO] DbMcusXml:78 - Set database path to: /home/isamd/stm32/plugins/com.st.stm32cube.common.mx_6.9.2.202309101412//db//mcu/
2023-09-30 21:01:52,138 [INFO] ApiDb:274 - Set plugin database path to: /home/isamd/stm32/plugins/com.st.stm32cube.common.mx_6.9.2.202309101412//db//plugins/boardmanager/
2023-09-30 21:01:52,138 [INFO] ApiDb:261 - Set plugin images path to: /home/isamd/stm32/plugins/com.st.stm32cube.common.mx_6.9.2.202309101412//db//plugins/mcufinder/images/
2023-09-30 21:01:52,138 [WARN] DbFile:41 - Overriding database path with different value: /home/isamd/.stmcufinder/plugins/mcufinder/ => /home/isamd/.stmcufinder/plugins/mcufinder
2023-09-30 21:01:52,138 [INFO] ApiDb:250 - Set database path to: /home/isamd/.stmcufinder/plugins/mcufinder//mcu/
2023-09-30 21:01:52,139 [WARN] DbFile:41 - Overriding database path with different value: /home/isamd/.stmcufinder/plugins/mcufinder/ => /home/isamd/.stmcufinder/plugins/mcufinder
2023-09-30 21:01:52,139 [INFO] DbMcusAds:125 - Set database path to: /home/isamd/.stmcufinder/plugins/mcufinder//mcu/
2023-09-30 21:01:52,139 [WARN] DbFile:41 - Overriding database path with different value: /home/isamd/.stmcufinder/plugins/mcufinder/ => /home/isamd/.stmcufinder/plugins/mcufinder
2023-09-30 21:01:52,139 [WARN] DbFile:41 - Overriding database path with different value: /home/isamd/.stmcufinder/plugins/mcufinder/ => /home/isamd/.stmcufinder/plugins/mcufinder
2023-09-30 21:01:52,139 [INFO] CrossReferenceDbSqlite:203 - Set database path to: /home/isamd/.stmcufinder/plugins/mcufinder//mcu/cs/
2023-09-30 21:01:52,190 [INFO] MainPanel:262 - HeapMemory: 268435456
2023-09-30 21:01:52,247 [INFO] DbMcusXml:78 - Set database path to: /home/isamd/stm32/plugins/com.st.stm32cube.common.mx_6.9.2.202309101412//db//mcu/
2023-09-30 21:01:52,247 [INFO] ApiDb:274 - Set plugin database path to: /home/isamd/stm32/plugins/com.st.stm32cube.common.mx_6.9.2.202309101412//db//plugins/boardmanager/
2023-09-30 21:01:52,247 [INFO] ApiDb:261 - Set plugin images path to: /home/isamd/stm32/plugins/com.st.stm32cube.common.mx_6.9.2.202309101412//db//plugins/mcufinder/images/
2023-09-30 21:01:52,248 [WARN] DbFile:41 - Overriding database path with different value: /home/isamd/.stmcufinder/plugins/mcufinder/ => /home/isamd/.stmcufinder/plugins/mcufinder
2023-09-30 21:01:52,248 [INFO] ApiDb:250 - Set database path to: /home/isamd/.stmcufinder/plugins/mcufinder//mcu/
2023-09-30 21:01:52,248 [WARN] DbFile:41 - Overriding database path with different value: /home/isamd/.stmcufinder/plugins/mcufinder/ => /home/isamd/.stmcufinder/plugins/mcufinder
2023-09-30 21:01:52,248 [INFO] DbMcusAds:125 - Set database path to: /home/isamd/.stmcufinder/plugins/mcufinder//mcu/
2023-09-30 21:01:52,248 [WARN] DbFile:41 - Overriding database path with different value: /home/isamd/.stmcufinder/plugins/mcufinder/ => /home/isamd/.stmcufinder/plugins/mcufinder
2023-09-30 21:01:52,248 [WARN] DbFile:41 - Overriding database path with different value: /home/isamd/.stmcufinder/plugins/mcufinder/ => /home/isamd/.stmcufinder/plugins/mcufinder
2023-09-30 21:01:52,248 [INFO] CrossReferenceDbSqlite:203 - Set database path to: /home/isamd/.stmcufinder/plugins/mcufinder//mcu/cs/
2023-09-30 21:01:52,258 [INFO] ApplicationProperties:184 - Using Application install path: /home/isamd/stm32/plugins/com.st.stm32cube.common.mx_6.9.2.202309101412
2023-09-30 21:01:52,259 [INFO] PluginManage:196 - Search for loadable plugins [exclusion list=, ]
2023-09-30 21:01:52,260 [INFO] PluginManage:310 - Check plugin analytics
2023-09-30 21:01:52,344 [INFO] AnalyticsPlugin:253 - Accepted Software Licenses: 
2023-09-30 21:01:52,344 [INFO] AnalyticsPlugin:255 - Accepted CMSIS Pack Licenses: 
2023-09-30 21:01:52,344 [INFO] AnalyticsPlugin:257 - Accepted Firmware Licenses: 
2023-09-30 21:01:52,345 [INFO] PluginManage:359 - Loaded plugin analytics (category:tool,tabindex:-1)
2023-09-30 21:01:52,345 [INFO] PluginManage:310 - Check plugin cadmodel
2023-09-30 21:01:52,414 [INFO] CADModel:105 - Init CAD model plugin
2023-09-30 21:01:52,415 [INFO] PluginManage:359 - Loaded plugin cadmodel (category:power,tabindex:5)
2023-09-30 21:01:52,415 [INFO] PluginManage:310 - Check plugin clock
2023-09-30 21:01:52,425 [INFO] PluginManage:359 - Loaded plugin clock (category:base,tabindex:2)
2023-09-30 21:01:52,425 [INFO] PluginManage:310 - Check plugin ddr
2023-09-30 21:01:52,428 [INFO] PluginManage:359 - Loaded plugin ddr (category:tool,tabindex:6)
2023-09-30 21:01:52,428 [INFO] PluginManage:310 - Check plugin filemanager
2023-09-30 21:01:52,521 [INFO] PluginManage:359 - Loaded plugin filemanager (category:base,tabindex:10)
2023-09-30 21:01:52,522 [INFO] PluginManage:310 - Check plugin ipmanager
2023-09-30 21:01:52,526 [INFO] PluginManage:359 - Loaded plugin ipmanager (category:base,tabindex:5)
2023-09-30 21:01:52,526 [INFO] PluginManage:310 - Check plugin lpbam
2023-09-30 21:01:52,533 [INFO] PluginManage:359 - Loaded plugin lpbam (category:base,tabindex:0)
2023-09-30 21:01:52,533 [INFO] PluginManage:310 - Check plugin memorymap
2023-09-30 21:01:52,541 [INFO] PluginManage:359 - Loaded plugin memorymap (category:base,tabindex:4)
2023-09-30 21:01:52,541 [INFO] PluginManage:310 - Check plugin pinoutandconfiguration
2023-09-30 21:01:52,545 [INFO] PluginManage:359 - Loaded plugin pinoutandconfiguration (category:base,tabindex:1)
2023-09-30 21:01:52,545 [INFO] PluginManage:310 - Check plugin pinoutconfig
2023-09-30 21:01:52,590 [WARN] SupportedApi:132 - Cannot load RTOS API schema: s4s-elt-must-match.1: The content of 'definitions' must match (annotation?, (simpleType | complexType)?, (unique | key | keyref)*)). A problem was found starting at: attribute.
2023-09-30 21:01:52,667 [INFO] PluginManage:359 - Loaded plugin pinoutconfig (category:base,tabindex:0)
2023-09-30 21:01:52,668 [INFO] PluginManage:310 - Check plugin power
2023-09-30 21:01:52,675 [INFO] PluginManage:359 - Loaded plugin power (category:power,tabindex:4)
2023-09-30 21:01:52,675 [INFO] PluginManage:310 - Check plugin projectmanager
2023-09-30 21:01:52,684 [INFO] PluginManage:359 - Loaded plugin projectmanager (category:projectmanager,tabindex:3)
2023-09-30 21:01:52,684 [INFO] PluginManage:310 - Check plugin thirdparty
2023-09-30 21:01:52,759 [INFO] PluginManage:359 - Loaded plugin thirdparty (category:base,tabindex:-1)
2023-09-30 21:01:52,760 [INFO] PluginManage:310 - Check plugin tools
2023-09-30 21:01:52,759 [WARN] IntegrityCheckThread:84 - waiting for thirdparty lock release [integrity check]
2023-09-30 21:01:52,760 [INFO] IntegrityCheckThread:86 - entering critical section [integrity check]
2023-09-30 21:01:52,760 [INFO] ThirdPartyUpdaterWithRetryManager:70 - Updater plugin not ready yet. [1/15]
2023-09-30 21:01:52,761 [INFO] PluginManage:359 - Loaded plugin tools (category:base,tabindex:7)
2023-09-30 21:01:52,761 [INFO] PluginManage:310 - Check plugin tutovideos
2023-09-30 21:01:52,855 [INFO] PluginManage:359 - Loaded plugin tutovideos (category:base,tabindex:-1)
2023-09-30 21:01:52,855 [INFO] PluginManage:310 - Check plugin updater
2023-09-30 21:01:52,862 [INFO] PluginManage:359 - Loaded plugin updater (category:base,tabindex:12)
2023-09-30 21:01:52,862 [INFO] PluginManage:310 - Check plugin userauth
2023-09-30 21:01:52,865 [INFO] UserAuth:113 - Init User Auth plugin
2023-09-30 21:01:52,865 [INFO] PluginManage:359 - Loaded plugin userauth (category:base,tabindex:14)
2023-09-30 21:01:52,865 [INFO] PluginManage:283 - PluginManage : Loaded plugins [17]
2023-09-30 21:01:52,966 [INFO] PinOutPanel:1499 - setPackage(No Configuration,No Configuration)
2023-09-30 21:01:53,013 [INFO] CADModel:165 - CPN selected for project level
2023-09-30 21:01:53,014 [INFO] CADModel:114 - Register for checkConnection events
2023-09-30 21:01:53,022 [INFO] IPUIPlugin:80 - create IPUIPlugin
2023-09-30 21:01:53,022 [INFO] PluginManager:220 - loadIPPluginJar : add lorawan
2023-09-30 21:01:53,025 [INFO] IPUIPlugin:80 - create IPUIPlugin
2023-09-30 21:01:53,025 [INFO] PluginManager:220 - loadIPPluginJar : add gpio
2023-09-30 21:01:53,028 [INFO] IPUIPlugin:80 - create IPUIPlugin
2023-09-30 21:01:53,028 [INFO] PluginManager:220 - loadIPPluginJar : add freertos
2023-09-30 21:01:53,029 [INFO] IPUIPlugin:80 - create IPUIPlugin
2023-09-30 21:01:53,029 [INFO] PluginManager:220 - loadIPPluginJar : add genericplugin
2023-09-30 21:01:53,030 [INFO] IPUIPlugin:80 - create IPUIPlugin
2023-09-30 21:01:53,031 [INFO] PluginManager:220 - loadIPPluginJar : add i3c
2023-09-30 21:01:53,032 [INFO] IPUIPlugin:80 - create IPUIPlugin
2023-09-30 21:01:53,033 [INFO] PluginManager:220 - loadIPPluginJar : add ipddr
2023-09-30 21:01:53,034 [INFO] IPUIPlugin:80 - create IPUIPlugin
2023-09-30 21:01:53,034 [INFO] PluginManager:220 - loadIPPluginJar : add i2s
2023-09-30 21:01:53,034 [INFO] IPUIPlugin:80 - create IPUIPlugin
2023-09-30 21:01:53,034 [INFO] PluginManager:220 - loadIPPluginJar : add fatfs
2023-09-30 21:01:53,036 [INFO] IPUIPlugin:80 - create IPUIPlugin
2023-09-30 21:01:53,036 [INFO] PluginManager:220 - loadIPPluginJar : add usbx
2023-09-30 21:01:53,039 [INFO] IPUIPlugin:80 - create IPUIPlugin
2023-09-30 21:01:53,039 [INFO] PluginManager:220 - loadIPPluginJar : add resmgrutility
2023-09-30 21:01:53,041 [INFO] IPUIPlugin:80 - create IPUIPlugin
2023-09-30 21:01:53,041 [INFO] PluginManager:220 - loadIPPluginJar : add sai
2023-09-30 21:01:53,042 [INFO] IPUIPlugin:80 - create IPUIPlugin
2023-09-30 21:01:53,042 [INFO] PluginManager:220 - loadIPPluginJar : add openamp
2023-09-30 21:01:53,043 [INFO] IPUIPlugin:80 - create IPUIPlugin
2023-09-30 21:01:53,043 [INFO] PluginManager:220 - loadIPPluginJar : add ltdc
2023-09-30 21:01:53,045 [INFO] IPUIPlugin:80 - create IPUIPlugin
2023-09-30 21:01:53,045 [INFO] PluginManager:220 - loadIPPluginJar : add stm32_wpan
2023-09-30 21:01:53,047 [INFO] IPUIPlugin:80 - create IPUIPlugin
2023-09-30 21:01:53,047 [INFO] PluginManager:220 - loadIPPluginJar : add cryp
2023-09-30 21:01:53,048 [INFO] IPUIPlugin:80 - create IPUIPlugin
2023-09-30 21:01:53,048 [INFO] PluginManager:220 - loadIPPluginJar : add touchsensing
2023-09-30 21:01:53,050 [INFO] IPUIPlugin:80 - create IPUIPlugin
2023-09-30 21:01:53,050 [INFO] PluginManager:220 - loadIPPluginJar : add gtzc
2023-09-30 21:01:53,054 [INFO] IPUIPlugin:80 - create IPUIPlugin
2023-09-30 21:01:53,054 [INFO] PluginManager:220 - loadIPPluginJar : add gic
2023-09-30 21:01:53,055 [INFO] IPUIPlugin:80 - create IPUIPlugin
2023-09-30 21:01:53,055 [INFO] PluginManager:220 - loadIPPluginJar : add hash
2023-09-30 21:01:53,056 [INFO] IPUIPlugin:80 - create IPUIPlugin
2023-09-30 21:01:53,056 [INFO] PluginManager:220 - loadIPPluginJar : add tim
2023-09-30 21:01:53,058 [INFO] IPUIPlugin:80 - create IPUIPlugin
2023-09-30 21:01:53,059 [INFO] PluginManager:220 - loadIPPluginJar : add fmc
2023-09-30 21:01:53,059 [INFO] IPUIPlugin:80 - create IPUIPlugin
2023-09-30 21:01:53,060 [INFO] PluginManager:220 - loadIPPluginJar : add ucpd
2023-09-30 21:01:53,060 [INFO] IPUIPlugin:80 - create IPUIPlugin
2023-09-30 21:01:53,061 [INFO] PluginManager:220 - loadIPPluginJar : add gfxmmu
2023-09-30 21:01:53,061 [INFO] IPUIPlugin:80 - create IPUIPlugin
2023-09-30 21:01:53,062 [INFO] PluginManager:220 - loadIPPluginJar : add spi
2023-09-30 21:01:53,063 [INFO] IPUIPlugin:80 - create IPUIPlugin
2023-09-30 21:01:53,063 [INFO] PluginManager:220 - loadIPPluginJar : add can
2023-09-30 21:01:53,064 [INFO] IPUIPlugin:80 - create IPUIPlugin
2023-09-30 21:01:53,064 [INFO] PluginManager:220 - loadIPPluginJar : add comp
2023-09-30 21:01:53,068 [INFO] IPUIPlugin:80 - create IPUIPlugin
2023-09-30 21:01:53,068 [INFO] PluginManager:220 - loadIPPluginJar : add mdma
2023-09-30 21:01:53,070 [INFO] IPUIPlugin:80 - create IPUIPlugin
2023-09-30 21:01:53,070 [INFO] PluginManager:220 - loadIPPluginJar : add usart
2023-09-30 21:01:53,070 [INFO] IPUIPlugin:80 - create IPUIPlugin
2023-09-30 21:01:53,071 [INFO] PluginManager:220 - loadIPPluginJar : add tsc
2023-09-30 21:01:53,075 [INFO] IPUIPlugin:80 - create IPUIPlugin
2023-09-30 21:01:53,075 [INFO] PluginManager:220 - loadIPPluginJar : add linkedlist
2023-09-30 21:01:53,077 [INFO] IPUIPlugin:80 - create IPUIPlugin
2023-09-30 21:01:53,077 [INFO] PluginManager:220 - loadIPPluginJar : add opamp
2023-09-30 21:01:53,078 [INFO] IPUIPlugin:80 - create IPUIPlugin
2023-09-30 21:01:53,078 [INFO] PluginManager:220 - loadIPPluginJar : add ts
2023-09-30 21:01:53,078 [INFO] IPUIPlugin:80 - create IPUIPlugin
2023-09-30 21:01:53,078 [INFO] PluginManager:220 - loadIPPluginJar : add quadspi
2023-09-30 21:01:53,080 [INFO] IPUIPlugin:80 - create IPUIPlugin
2023-09-30 21:01:53,080 [INFO] PluginManager:220 - loadIPPluginJar : add i2c
2023-09-30 21:01:53,080 [INFO] IPUIPlugin:80 - create IPUIPlugin
2023-09-30 21:01:53,080 [INFO] PluginManager:220 - loadIPPluginJar : add tracer_emb
2023-09-30 21:01:53,084 [INFO] IPUIPlugin:80 - create IPUIPlugin
2023-09-30 21:01:53,084 [INFO] PluginManager:220 - loadIPPluginJar : add adc
2023-09-30 21:01:53,089 [INFO] IPUIPlugin:80 - create IPUIPlugin
2023-09-30 21:01:53,091 [INFO] PluginManager:220 - loadIPPluginJar : add plateformsettings
2023-09-30 21:01:53,092 [INFO] IPUIPlugin:80 - create IPUIPlugin
2023-09-30 21:01:53,092 [INFO] PluginManager:220 - loadIPPluginJar : add dma3
2023-09-30 21:01:53,096 [INFO] IPUIPlugin:80 - create IPUIPlugin
2023-09-30 21:01:53,096 [INFO] PluginManager:220 - loadIPPluginJar : add dma
2023-09-30 21:01:53,097 [INFO] IPUIPlugin:80 - create IPUIPlugin
2023-09-30 21:01:53,098 [INFO] PluginManager:220 - loadIPPluginJar : add dfsdm
2023-09-30 21:01:53,099 [INFO] IPUIPlugin:80 - create IPUIPlugin
2023-09-30 21:01:53,099 [INFO] PluginManager:220 - loadIPPluginJar : add pdm2pcm
2023-09-30 21:01:53,100 [INFO] IPUIPlugin:80 - create IPUIPlugin
2023-09-30 21:01:53,100 [INFO] PluginManager:220 - loadIPPluginJar : add aes
2023-09-30 21:01:53,103 [INFO] IPUIPlugin:80 - create IPUIPlugin
2023-09-30 21:01:53,103 [INFO] PluginManager:220 - loadIPPluginJar : add nvic
2023-09-30 21:01:53,191 [INFO] CADModel:165 - CPN selected for project level
2023-09-30 21:01:53,192 [INFO] CADModel:114 - Register for checkConnection events
2023-09-30 21:01:53,192 [FATAL] Updater:308 - Updater called before beeing initialized
2023-09-30 21:01:53,192 [ERROR] CADModel:125 - Updater not yet initialized, retry later 
2023-09-30 21:01:53,265 [INFO] CADModel:165 - CPN selected for project level
2023-09-30 21:01:53,265 [INFO] CADModel:114 - Register for checkConnection events
2023-09-30 21:01:53,265 [FATAL] Updater:308 - Updater called before beeing initialized
2023-09-30 21:01:53,265 [ERROR] CADModel:125 - Updater not yet initialized, retry later 
2023-09-30 21:01:53,267 [FATAL] Updater:308 - Updater called before beeing initialized
2023-09-30 21:01:53,308 [FATAL] Updater:308 - Updater called before beeing initialized
2023-09-30 21:01:53,311 [INFO] DbMcusAds:53 - JSON generation date=Tue Mar 07 09:50:55 CET 2023 (1678179055114)
2023-09-30 21:01:53,312 [FATAL] Updater:308 - Updater called before beeing initialized
2023-09-30 21:01:53,333 [WARN] DetailPanel:346 - Failed to get advertising image, set to default
2023-09-30 21:01:53,389 [FATAL] Updater:308 - Updater called before beeing initialized
2023-09-30 21:01:53,390 [FATAL] Updater:308 - Updater called before beeing initialized
2023-09-30 21:01:53,390 [FATAL] Updater:308 - Updater called before beeing initialized
2023-09-30 21:01:53,390 [WARN] DetailPanel:346 - Failed to get advertising image, set to default
2023-09-30 21:01:53,391 [FATAL] Updater:308 - Updater called before beeing initialized
2023-09-30 21:01:53,407 [ERROR] Updater:1120 - MainUpdater not yet initialized. External WinMGr cannot be set.
2023-09-30 21:01:53,408 [INFO] Updater:1056 - Updater Version found : 6.9.2
2023-09-30 21:01:53,422 [INFO] ApplicationProperties:184 - Using Application install path: /home/isamd/stm32/plugins/com.st.stm32cube.common.mx_6.9.2.202309101412
2023-09-30 21:01:53,577 [INFO] MainUpdater:2868 - connection check result : 10
2023-09-30 21:01:53,577 [INFO] MainUpdater:3562 - Updater definition file requires update
2023-09-30 21:01:53,578 [INFO] MainUpdater:285 - Updater Check For Update Now.
2023-09-30 21:01:53,578 [INFO] MicroXplorer:498 - Change Database Version : DB.6.0.92
2023-09-30 21:01:53,582 [INFO] McuFinderGlobals:63 - Set McuFinder mode to 2 (CubeIDE integrated)
2023-09-30 21:01:53,582 [INFO] UserAuth:179 - activating auth plugin
2023-09-30 21:01:53,584 [INFO] UserAuth:393 - Internet connection configuration mode: 1
2023-09-30 21:01:53,592 [INFO] JxBrowserEngine:151 - Initiate JxBrowser Engine with user profile folder
2023-09-30 21:01:53,617 [INFO] ServerAccessManage:473 - Download File updaters.zip
2023-09-30 21:01:53,661 [INFO] FileExtend:240 - Unzip File : updaters.zip
2023-09-30 21:01:53,661 [INFO] FileExtend:255 - Standard Zip Deflate
2023-09-30 21:01:53,768 [INFO] ServerAccessManage:473 - Download File PacksControlFlags.xml
2023-09-30 21:01:53,817 [INFO] ServerAccessManage:473 - Download File cubemx.pidx
2023-09-30 21:01:53,872 [INFO] LoadServerUpdatesThread:373 - End of LoadServerUpdate Thread
2023-09-30 21:01:54,002 [INFO] CheckServerUpdateThread:120 - End of CheckServer Thread
2023-09-30 21:01:54,083 [INFO] WebApp:157 - Instantiating new browser for Auth
2023-09-30 21:01:54,382 [INFO] WebApp:753 - Register for checkConnection events
2023-09-30 21:01:54,382 [INFO] WebApp:390 - Apply proxy settings
2023-09-30 21:01:54,382 [INFO] WebApp:475 - Chromium requires no authentication
2023-09-30 21:01:54,385 [INFO] WebApp:418 - Direct internet connection detected
2023-09-30 21:01:54,455 [INFO] WebApp:188 - Starting web application
2023-09-30 21:01:54,455 [INFO] WebApp:520 - Web application path used /home/isamd/stm32/plugins/com.st.stm32cube.common.mx_6.9.2.202309101412/db/plugins/mcufinder/reactClient1/index.html
2023-09-30 21:01:55,836 [WARN] PackLoader:240 - Cannot read IP mode file for STMicroelectronics.X-CUBE-SMBUS.2.1.0
2023-09-30 21:01:55,853 [WARN] PackLoader:240 - Cannot read IP mode file for STMicroelectronics.X-CUBE-AZRTOS-F7.1.1.0
2023-09-30 21:01:55,859 [WARN] PackLoader:240 - Cannot read IP mode file for STMicroelectronics.FP-SNS-MOTENV1.4.3.2
2023-09-30 21:01:55,863 [WARN] PackLoader:240 - Cannot read IP mode file for STMicroelectronics.FP-SNS-FLIGHT1.5.0.2
2023-09-30 21:01:55,867 [WARN] PackLoader:240 - Cannot read IP mode file for STMicroelectronics.X-CUBE-DISPLAY.3.0.0
2023-09-30 21:01:55,875 [WARN] PackLoader:240 - Cannot read IP mode file for STMicroelectronics.X-CUBE-BLE1.7.0.0
2023-09-30 21:01:55,878 [WARN] PackLoader:240 - Cannot read IP mode file for emotas.I-CUBE-CANOPEN.1.3.0
2023-09-30 21:01:55,880 [WARN] PackLoader:240 - Cannot read IP mode file for STMicroelectronics.X-CUBE-TOUCHGFX.4.22.0
2023-09-30 21:01:55,882 [WARN] PackLoader:240 - Cannot read IP mode file for STMicroelectronics.FP-SNS-SMARTAG2.1.2.0
2023-09-30 21:01:55,887 [INFO] LogOutputStream:77 - [STDOUT_REDIRECT] 1 : Invalid condition id : UX_CORESTACK_Condition cause : null
2023-09-30 21:01:55,888 [INFO] LogOutputStream:77 - [STDOUT_REDIRECT] 1 : Invalid condition id : UX_CORESTACK_Condition cause : null
2023-09-30 21:01:55,888 [INFO] LogOutputStream:77 - [STDOUT_REDIRECT] 1 : Invalid condition id : UX_CORESTACK_Condition cause : null
2023-09-30 21:01:55,889 [INFO] LogOutputStream:77 - [STDOUT_REDIRECT] 1 : Invalid condition id : UX_CORESTACK_Condition cause : null
2023-09-30 21:01:55,889 [INFO] LogOutputStream:77 - [STDOUT_REDIRECT] 1 : Invalid condition id : UX_CORESTACK_Condition cause : null
2023-09-30 21:01:55,891 [WARN] PackLoader:240 - Cannot read IP mode file for STMicroelectronics.X-CUBE-AZRTOS-WL.2.0.0
2023-09-30 21:01:55,895 [WARN] PackLoader:240 - Cannot read IP mode file for WES.I-CUBE-Cesium.1.3.0
2023-09-30 21:01:55,898 [WARN] PackLoader:240 - Cannot read IP mode file for STMicroelectronics.X-CUBE-BLE2.3.3.0
2023-09-30 21:01:55,901 [WARN] PackLoader:240 - Cannot read IP mode file for STMicroelectronics.X-CUBE-ALGOBUILD.1.3.0
2023-09-30 21:01:55,915 [WARN] PackLoader:240 - Cannot read IP mode file for STMicroelectronics.X-CUBE-AZRTOS-G0.1.1.0
2023-09-30 21:01:55,928 [WARN] PackLoader:240 - Cannot read IP mode file for STMicroelectronics.X-CUBE-NFC4.3.0.0
2023-09-30 21:01:55,932 [WARN] PackLoader:240 - Cannot read IP mode file for STMicroelectronics.FP-ATR-SIGFOX1.3.2.0
2023-09-30 21:01:55,959 [WARN] PackLoader:240 - Cannot read IP mode file for SEGGER.I-CUBE-embOS.1.3.1
2023-09-30 21:01:56,002 [WARN] PackLoader:240 - Cannot read IP mode file for STMicroelectronics.X-CUBE-GNSS1.6.0.0
2023-09-30 21:01:56,018 [WARN] PackLoader:240 - Cannot read IP mode file for STMicroelectronics.X-CUBE-AZRTOS-F4.1.1.0
2023-09-30 21:01:56,025 [WARN] PackLoader:240 - Cannot read IP mode file for wolfSSL.I-CUBE-wolfSSL.5.6.3
2023-09-30 21:01:56,039 [WARN] PackLoader:240 - Cannot read IP mode file for STMicroelectronics.X-CUBE-AZRTOS-L5.2.0.0
2023-09-30 21:01:56,079 [WARN] PackLoader:240 - Cannot read IP mode file for STMicroelectronics.X-CUBE-MEMS1.9.6.0
2023-09-30 21:01:56,213 [WARN] PackLoader:240 - Cannot read IP mode file for STMicroelectronics.X-CUBE-BLEMGR.2.0.0
2023-09-30 21:01:56,231 [WARN] ConditionMgr:438 - getConditionDescription Invalid condition id : UX DEVICE CLASS RTOS Condition cause : null
2023-09-30 21:01:56,232 [WARN] ConditionMgr:438 - getConditionDescription Invalid condition id : UX DEVICE CLASS RTOS Condition cause : null
2023-09-30 21:01:56,235 [WARN] PackLoader:240 - Cannot read IP mode file for STMicroelectronics.X-CUBE-AZRTOS-H7.3.1.0
2023-09-30 21:01:56,237 [WARN] ConditionMgr:1039 - genDependencies : Invalid condition id : UX DEVICE CLASS RTOS Condition cause : null
2023-09-30 21:01:56,237 [WARN] ConditionMgr:1039 - genDependencies : Invalid condition id : UX DEVICE CLASS RTOS Condition cause : null
2023-09-30 21:01:56,237 [WARN] ConditionMgr:1039 - genDependencies : Invalid condition id : UX DEVICE CLASS RTOS Condition cause : null
2023-09-30 21:01:56,238 [WARN] ConditionMgr:1039 - genDependencies : Invalid condition id : UX DEVICE CLASS RTOS Condition cause : null
2023-09-30 21:01:56,238 [WARN] ConditionMgr:1039 - genDependencies : Invalid condition id : UX DEVICE CLASS RTOS Condition cause : null
2023-09-30 21:01:56,244 [WARN] PackLoader:240 - Cannot read IP mode file for STMicroelectronics.X-CUBE-NFC7.1.0.1
2023-09-30 21:01:56,251 [WARN] PackLoader:240 - Cannot read IP mode file for STMicroelectronics.X-CUBE-NFC6.3.0.0
2023-09-30 21:01:56,259 [WARN] PackLoader:240 - Cannot read IP mode file for STMicroelectronics.X-CUBE-EEPRMA1.4.1.0
2023-09-30 21:01:56,263 [WARN] PackLoader:240 - Cannot read IP mode file for STMicroelectronics.X-CUBE-AI.8.1.0
2023-09-30 21:01:56,279 [WARN] ConditionMgr:438 - getConditionDescription Invalid condition id : LAN8742 Phy interface Condition cause : null
2023-09-30 21:01:56,280 [WARN] PackLoader:240 - Cannot read IP mode file for STMicroelectronics.X-CUBE-AZRTOS-L4.2.0.0
2023-09-30 21:01:56,282 [WARN] ConditionMgr:1039 - genDependencies : Invalid condition id : LAN8742 Phy interface Condition cause : null
2023-09-30 21:01:56,282 [WARN] ConditionMgr:1039 - genDependencies : Invalid condition id : LAN8742 Phy interface Condition cause : null
2023-09-30 21:01:56,283 [WARN] ConditionMgr:1039 - genDependencies : Invalid condition id : LAN8742 Phy interface Condition cause : null
2023-09-30 21:01:56,290 [WARN] PackLoader:240 - Cannot read IP mode file for STMicroelectronics.X-CUBE-SFXS2LP1.4.0.0
2023-09-30 21:01:56,295 [WARN] PackLoader:240 - Cannot read IP mode file for STMicroelectronics.X-CUBE-ISPU.1.1.0
2023-09-30 21:01:56,306 [WARN] ConditionMgr:438 - getConditionDescription Invalid condition id : UX DEVICE CLASS RTOS Condition cause : null
2023-09-30 21:01:56,307 [WARN] ConditionMgr:438 - getConditionDescription Invalid condition id : UX DEVICE CLASS RTOS Condition cause : null
2023-09-30 21:01:56,308 [WARN] PackLoader:240 - Cannot read IP mode file for STMicroelectronics.X-CUBE-AZRTOS-WB.2.0.0
2023-09-30 21:01:56,309 [WARN] ConditionMgr:1039 - genDependencies : Invalid condition id : UX DEVICE CLASS RTOS Condition cause : null
2023-09-30 21:01:56,309 [WARN] ConditionMgr:1039 - genDependencies : Invalid condition id : UX DEVICE CLASS RTOS Condition cause : null
2023-09-30 21:01:56,309 [WARN] ConditionMgr:1039 - genDependencies : Invalid condition id : UX DEVICE CLASS RTOS Condition cause : null
2023-09-30 21:01:56,310 [WARN] ConditionMgr:1039 - genDependencies : Invalid condition id : UX DEVICE CLASS RTOS Condition cause : null
2023-09-30 21:01:56,310 [WARN] ConditionMgr:1039 - genDependencies : Invalid condition id : UX DEVICE CLASS RTOS Condition cause : null
2023-09-30 21:01:56,317 [WARN] PackLoader:240 - Cannot read IP mode file for STMicroelectronics.X-CUBE-SUBG2.5.0.0
2023-09-30 21:01:56,328 [WARN] PackLoader:240 - Cannot read IP mode file for STMicroelectronics.X-CUBE-TOF1.3.3.1
2023-09-30 21:01:56,345 [WARN] PackLoader:240 - Cannot read IP mode file for STMicroelectronics.X-CUBE-AZRTOS-G4.2.0.0
2023-09-30 21:01:56,349 [WARN] PackLoader:240 - Cannot read IP mode file for STMicroelectronics.X-CUBE-FREERTOS.1.1.0
2023-09-30 21:01:56,352 [WARN] PackLoader:240 - Cannot read IP mode file for portGmbH.I-Cube-SoM-uGOAL.1.1.0
2023-09-30 21:01:56,355 [WARN] PackLoader:240 - Cannot read IP mode file for STMicroelectronics.X-CUBE-ALS.1.0.1
2023-09-30 21:01:56,357 [WARN] PackLoader:240 - Cannot read IP mode file for STMicroelectronics.FP-ATR-ASTRA1.2.0.0
2023-09-30 21:01:56,358 [INFO] ThirdParty:978 - Integrity check success = true
2023-09-30 21:01:56,358 [INFO] IntegrityCheckThread:100 - exiting critical section [integrity check]
2023-09-30 21:01:56,358 [INFO] IntegrityCheckThread:103 - End integrity checks thread
2023-09-30 21:02:15,552 [ERROR] LogOutputStream:75 - [STDERR_REDIRECT] SLF4J: Failed to load class "org.slf4j.impl.StaticLoggerBinder".
2023-09-30 21:02:15,552 [ERROR] LogOutputStream:75 - [STDERR_REDIRECT] SLF4J: Defaulting to no-operation (NOP) logger implementation
2023-09-30 21:02:15,552 [ERROR] LogOutputStream:75 - [STDERR_REDIRECT] SLF4J: See http://www.slf4j.org/codes.html#StaticLoggerBinder for further details.
